CRITICAL - 2020-04-12 14:01:50 --> Nenhuma conexão pôde ser feita porque a máquina de destino as recusou ativamente.

#0 D:\wamp64\www\minutoadv2\vendor\codeigniter4\framework\system\Database\BaseConnection.php(377): CodeIgniter\Database\MySQLi\Connection->connect(false)
#1 D:\wamp64\www\minutoadv2\vendor\codeigniter4\framework\system\Database\BaseConnection.php(643): CodeIgniter\Database\BaseConnection->initialize()
#2 D:\wamp64\www\minutoadv2\vendor\codeigniter4\framework\system\Database\BaseBuilder.php(1819): CodeIgniter\Database\BaseConnection->query('SELECT *\nFROM `...', Array, false)
#3 D:\wamp64\www\minutoadv2\vendor\codeigniter4\framework\system\Model.php(482): CodeIgniter\Database\BaseBuilder->get()
#4 D:\wamp64\www\minutoadv2\app\Models\SysPages.php(35): CodeIgniter\Model->first()
#5 D:\wamp64\www\minutoadv2\app\Controllers\Legal.php(13): App\Models\SysPages->find('termos-de-uso')
#6 D:\wamp64\www\minutoadv2\vendor\codeigniter4\framework\system\CodeIgniter.php(910): App\Controllers\Legal->index()
#7 D:\wamp64\www\minutoadv2\vendor\codeigniter4\framework\system\CodeIgniter.php(398): CodeIgniter\CodeIgniter->runController(Object(App\Controllers\Legal))
#8 D:\wamp64\www\minutoadv2\vendor\codeigniter4\framework\system\CodeIgniter.php(306): CodeIgniter\CodeIgniter->handleRequest(NULL, Object(Config\Cache), false)
#9 D:\wamp64\www\minutoadv2\public\index.php(45): CodeIgniter\CodeIgniter->run()
#10 D:\wamp64\www\minutoadv2\vendor\codeigniter4\framework\system\Commands\Server\rewrite.php(34): require_once('D:\\wamp64\\www\\m...')
#11 {main}
CRITICAL - 2020-04-12 14:01:55 --> Nenhuma conexão pôde ser feita porque a máquina de destino as recusou ativamente.

#0 D:\wamp64\www\minutoadv2\vendor\codeigniter4\framework\system\Database\BaseConnection.php(377): CodeIgniter\Database\MySQLi\Connection->connect(false)
#1 D:\wamp64\www\minutoadv2\vendor\codeigniter4\framework\system\Database\BaseConnection.php(643): CodeIgniter\Database\BaseConnection->initialize()
#2 D:\wamp64\www\minutoadv2\vendor\codeigniter4\framework\system\Database\BaseBuilder.php(1819): CodeIgniter\Database\BaseConnection->query('SELECT *\nFROM `...', Array, false)
#3 D:\wamp64\www\minutoadv2\vendor\codeigniter4\framework\system\Model.php(381): CodeIgniter\Database\BaseBuilder->get()
#4 D:\wamp64\www\minutoadv2\app\Models\SysConfig.php(34): CodeIgniter\Model->find(1)
#5 D:\wamp64\www\minutoadv2\app\Entities\SysConfig.php(41): App\Models\SysConfig->find()
#6 D:\wamp64\www\minutoadv2\app\Helpers\page_helper.php(9): App\Entities\SysConfig::getSharedInstance()
#7 D:\wamp64\www\minutoadv2\app\Views\Partials\head.php(17): sys_config()
#8 D:\wamp64\www\minutoadv2\vendor\codeigniter4\framework\system\View\View.php(236): include('D:\\wamp64\\www\\m...')
#9 D:\wamp64\www\minutoadv2\vendor\codeigniter4\framework\system\Common.php(1071): CodeIgniter\View\View->render('Partials/head', Array, true)
#10 D:\wamp64\www\minutoadv2\app\Helpers\page_helper.php(24): view('Partials/head', Array, Array)
#11 D:\wamp64\www\minutoadv2\app\Views\Partials\header.php(20): partial_view('head', Array)
#12 D:\wamp64\www\minutoadv2\vendor\codeigniter4\framework\system\View\View.php(236): include('D:\\wamp64\\www\\m...')
#13 D:\wamp64\www\minutoadv2\vendor\codeigniter4\framework\system\Common.php(1071): CodeIgniter\View\View->render('Partials/header', Array, true)
#14 D:\wamp64\www\minutoadv2\app\Helpers\page_helper.php(24): view('Partials/header', Array, Array)
#15 D:\wamp64\www\minutoadv2\app\Views\Home\index.php(1): partial_view('header')
#16 D:\wamp64\www\minutoadv2\vendor\codeigniter4\framework\system\View\View.php(236): include('D:\\wamp64\\www\\m...')
#17 D:\wamp64\www\minutoadv2\vendor\codeigniter4\framework\system\Common.php(1071): CodeIgniter\View\View->render('Home/index', Array, true)
#18 D:\wamp64\www\minutoadv2\app\Controllers\Home.php(13): view('Home/index')
#19 D:\wamp64\www\minutoadv2\vendor\codeigniter4\framework\system\CodeIgniter.php(910): App\Controllers\Home->index()
#20 D:\wamp64\www\minutoadv2\vendor\codeigniter4\framework\system\CodeIgniter.php(398): CodeIgniter\CodeIgniter->runController(Object(App\Controllers\Home))
#21 D:\wamp64\www\minutoadv2\vendor\codeigniter4\framework\system\CodeIgniter.php(306): CodeIgniter\CodeIgniter->handleRequest(NULL, Object(Config\Cache), false)
#22 D:\wamp64\www\minutoadv2\public\index.php(45): CodeIgniter\CodeIgniter->run()
#23 D:\wamp64\www\minutoadv2\vendor\codeigniter4\framework\system\Commands\Server\rewrite.php(34): require_once('D:\\wamp64\\www\\m...')
#24 {main}
CRITICAL - 2020-04-12 14:01:56 --> Uncaught CodeIgniter\Format\Exceptions\FormatException: Failed to parse json string, error: "Malformed UTF-8 characters, possibly incorrectly encoded". in D:\wamp64\www\minutoadv2\vendor\codeigniter4\framework\system\Format\Exceptions\FormatException.php:9
Stack trace:
#0 D:\wamp64\www\minutoadv2\vendor\codeigniter4\framework\system\Format\JSONFormatter.php(67): CodeIgniter\Format\Exceptions\FormatException::forInvalidJSON('Malformed UTF-8...')
#1 D:\wamp64\www\minutoadv2\vendor\codeigniter4\framework\system\API\ResponseTrait.php(387): CodeIgniter\Format\JSONFormatter->format(Array)
#2 D:\wamp64\www\minutoadv2\vendor\codeigniter4\framework\system\API\ResponseTrait.php(125): CodeIgniter\Debug\Exceptions->format(Array)
#3 D:\wamp64\www\minutoadv2\vendor\codeigniter4\framework\system\Debug\Exceptions.php(165): CodeIgniter\Debug\Exceptions->respond(Array, 500)
#4 [internal function]: CodeIgniter\Debug\Exceptions->exceptionHandler(Object(mysqli_sql_exception))
#5 {main}
  thrown
#0 [internal function]: CodeIgniter\Debug\Exceptions->shutdownHandler()
#1 {main}
CRITICAL - 2020-04-12 14:21:16 --> Undefined index: id
#0 D:\wamp64\www\minutoadv2\app\Entities\SysPage.php(42): CodeIgniter\Debug\Exceptions->errorHandler(8, 'Undefined index...', 'D:\\wamp64\\www\\m...', 42, Array)
#1 D:\wamp64\www\minutoadv2\vendor\codeigniter4\framework\system\Entity.php(300): App\Entities\SysPage->getVariables()
#2 D:\wamp64\www\minutoadv2\app\Views\Admin\Pages\edit\content.php(10): CodeIgniter\Entity->__get('variables')
#3 D:\wamp64\www\minutoadv2\vendor\codeigniter4\framework\system\View\View.php(236): include('D:\\wamp64\\www\\m...')
#4 D:\wamp64\www\minutoadv2\vendor\codeigniter4\framework\system\Common.php(1071): CodeIgniter\View\View->render('Admin/Pages/edi...', Array, true)
#5 D:\wamp64\www\minutoadv2\app\Views\Admin\Pages\edit.php(78): view('Admin/Pages/edi...', Array)
#6 D:\wamp64\www\minutoadv2\vendor\codeigniter4\framework\system\View\View.php(236): include('D:\\wamp64\\www\\m...')
#7 D:\wamp64\www\minutoadv2\vendor\codeigniter4\framework\system\Common.php(1071): CodeIgniter\View\View->render('Admin/Pages/edi...', Array, true)
#8 D:\wamp64\www\minutoadv2\app\Controllers\Admin\Pages.php(70): view('Admin/Pages/edi...', Array)
#9 D:\wamp64\www\minutoadv2\vendor\codeigniter4\framework\system\CodeIgniter.php(910): App\Controllers\Admin\Pages->edit('acessar-conta')
#10 D:\wamp64\www\minutoadv2\vendor\codeigniter4\framework\system\CodeIgniter.php(398): CodeIgniter\CodeIgniter->runController(Object(App\Controllers\Admin\Pages))
#11 D:\wamp64\www\minutoadv2\vendor\codeigniter4\framework\system\CodeIgniter.php(306): CodeIgniter\CodeIgniter->handleRequest(NULL, Object(Config\Cache), false)
#12 D:\wamp64\www\minutoadv2\public\index.php(45): CodeIgniter\CodeIgniter->run()
#13 D:\wamp64\www\minutoadv2\vendor\codeigniter4\framework\system\Commands\Server\rewrite.php(34): require_once('D:\\wamp64\\www\\m...')
#14 {main}
CRITICAL - 2020-04-12 14:32:52 --> Class 'App\Controllers\LawyerController' not found
#0 D:\wamp64\www\minutoadv2\vendor\codeigniter4\framework\system\Autoloader\Autoloader.php(365): require_once()
#1 D:\wamp64\www\minutoadv2\vendor\codeigniter4\framework\system\Autoloader\Autoloader.php(296): CodeIgniter\Autoloader\Autoloader->requireFile('D:\\wamp64\\www\\m...')
#2 D:\wamp64\www\minutoadv2\vendor\codeigniter4\framework\system\Autoloader\Autoloader.php(258): CodeIgniter\Autoloader\Autoloader->loadInNamespace('App\\Controllers...')
#3 [internal function]: CodeIgniter\Autoloader\Autoloader->loadClass('App\\Controllers...')
#4 [internal function]: spl_autoload_call('App\\Controllers...')
#5 D:\wamp64\www\minutoadv2\vendor\codeigniter4\framework\system\CodeIgniter.php(861): class_exists('\\App\\Controller...', true)
#6 D:\wamp64\www\minutoadv2\vendor\codeigniter4\framework\system\CodeIgniter.php(388): CodeIgniter\CodeIgniter->startController()
#7 D:\wamp64\www\minutoadv2\vendor\codeigniter4\framework\system\CodeIgniter.php(306): CodeIgniter\CodeIgniter->handleRequest(NULL, Object(Config\Cache), false)
#8 D:\wamp64\www\minutoadv2\public\index.php(45): CodeIgniter\CodeIgniter->run()
#9 D:\wamp64\www\minutoadv2\vendor\codeigniter4\framework\system\Commands\Server\rewrite.php(34): require_once('D:\\wamp64\\www\\m...')
#10 {main}
CRITICAL - 2020-04-12 14:33:30 --> Class 'App\Controllers\LawyerController' not found
#0 D:\wamp64\www\minutoadv2\vendor\codeigniter4\framework\system\Autoloader\Autoloader.php(365): require_once()
#1 D:\wamp64\www\minutoadv2\vendor\codeigniter4\framework\system\Autoloader\Autoloader.php(296): CodeIgniter\Autoloader\Autoloader->requireFile('D:\\wamp64\\www\\m...')
#2 D:\wamp64\www\minutoadv2\vendor\codeigniter4\framework\system\Autoloader\Autoloader.php(258): CodeIgniter\Autoloader\Autoloader->loadInNamespace('App\\Controllers...')
#3 [internal function]: CodeIgniter\Autoloader\Autoloader->loadClass('App\\Controllers...')
#4 [internal function]: spl_autoload_call('App\\Controllers...')
#5 D:\wamp64\www\minutoadv2\vendor\codeigniter4\framework\system\CodeIgniter.php(861): class_exists('\\App\\Controller...', true)
#6 D:\wamp64\www\minutoadv2\vendor\codeigniter4\framework\system\CodeIgniter.php(388): CodeIgniter\CodeIgniter->startController()
#7 D:\wamp64\www\minutoadv2\vendor\codeigniter4\framework\system\CodeIgniter.php(306): CodeIgniter\CodeIgniter->handleRequest(NULL, Object(Config\Cache), false)
#8 D:\wamp64\www\minutoadv2\public\index.php(45): CodeIgniter\CodeIgniter->run()
#9 D:\wamp64\www\minutoadv2\vendor\codeigniter4\framework\system\Commands\Server\rewrite.php(34): require_once('D:\\wamp64\\www\\m...')
#10 {main}
