CRITICAL - 2020-09-12 14:55:14 --> Nenhuma conexão pôde ser feita porque a máquina de destino as recusou ativamente.

#0 D:\wamp64\www\puravida\vendor\codeigniter4\framework\system\Database\BaseConnection.php(377): CodeIgniter\Database\MySQLi\Connection->connect(false)
#1 D:\wamp64\www\puravida\vendor\codeigniter4\framework\system\Database\BaseConnection.php(643): CodeIgniter\Database\BaseConnection->initialize()
#2 D:\wamp64\www\puravida\vendor\codeigniter4\framework\system\Database\BaseBuilder.php(1845): CodeIgniter\Database\BaseConnection->query('SELECT *\nFROM `...', Array, false)
#3 D:\wamp64\www\puravida\vendor\codeigniter4\framework\system\Model.php(381): CodeIgniter\Database\BaseBuilder->get()
#4 D:\wamp64\www\puravida\app\Models\SysConfig.php(34): CodeIgniter\Model->find(1)
#5 D:\wamp64\www\puravida\app\Entities\SysConfig.php(41): App\Models\SysConfig->find()
#6 D:\wamp64\www\puravida\app\Helpers\page_helper.php(9): App\Entities\SysConfig::getSharedInstance()
#7 D:\wamp64\www\puravida\app\Views\App\Partials\head.php(24): sys_config()
#8 D:\wamp64\www\puravida\vendor\codeigniter4\framework\system\View\View.php(246): include('D:\\wamp64\\www\\p...')
#9 D:\wamp64\www\puravida\vendor\codeigniter4\framework\system\Common.php(1087): CodeIgniter\View\View->render('App/Partials/he...', Array, true)
#10 D:\wamp64\www\puravida\app\Helpers\page_helper.php(24): view('App/Partials/he...', Array, Array)
#11 D:\wamp64\www\puravida\app\Views\App\Login\header.php(19): partial_view('head', Array)
#12 D:\wamp64\www\puravida\vendor\codeigniter4\framework\system\View\View.php(246): include('D:\\wamp64\\www\\p...')
#13 D:\wamp64\www\puravida\vendor\codeigniter4\framework\system\Common.php(1087): CodeIgniter\View\View->render('App/Login/heade...', Array, true)
#14 D:\wamp64\www\puravida\app\Views\App\Login\index.php(6): view('App/Login/heade...', Array)
#15 D:\wamp64\www\puravida\vendor\codeigniter4\framework\system\View\View.php(246): include('D:\\wamp64\\www\\p...')
#16 D:\wamp64\www\puravida\vendor\codeigniter4\framework\system\Common.php(1087): CodeIgniter\View\View->render('App/Login/index', Array, true)
#17 D:\wamp64\www\puravida\app\Controllers\App\Login.php(38): view('App/Login/index', Array)
#18 D:\wamp64\www\puravida\vendor\codeigniter4\framework\system\CodeIgniter.php(914): App\Controllers\App\Login->index()
#19 D:\wamp64\www\puravida\vendor\codeigniter4\framework\system\CodeIgniter.php(400): CodeIgniter\CodeIgniter->runController(Object(App\Controllers\App\Login))
#20 D:\wamp64\www\puravida\vendor\codeigniter4\framework\system\CodeIgniter.php(308): CodeIgniter\CodeIgniter->handleRequest(NULL, Object(Config\Cache), false)
#21 D:\wamp64\www\puravida\public\index.php(45): CodeIgniter\CodeIgniter->run()
#22 D:\wamp64\www\puravida\vendor\codeigniter4\framework\system\Commands\Server\rewrite.php(34): require_once('D:\\wamp64\\www\\p...')
#23 {main}
