CRITICAL - 2020-06-25 06:29:25 --> Invalid file: Admin/Blog/index.php
#0 D:\wamp64\www\minutoadv2\vendor\codeigniter4\framework\system\View\View.php(224): CodeIgniter\Exceptions\FrameworkException::forInvalidFile('Admin/Blog/inde...')
#1 D:\wamp64\www\minutoadv2\vendor\codeigniter4\framework\system\Common.php(1071): CodeIgniter\View\View->render('Admin/Blog/inde...', Array, true)
#2 D:\wamp64\www\minutoadv2\app\Controllers\Admin\Blog.php(21): view('Admin/Blog/inde...', Array)
#3 D:\wamp64\www\minutoadv2\vendor\codeigniter4\framework\system\CodeIgniter.php(910): App\Controllers\Admin\Blog->index()
#4 D:\wamp64\www\minutoadv2\vendor\codeigniter4\framework\system\CodeIgniter.php(398): CodeIgniter\CodeIgniter->runController(Object(App\Controllers\Admin\Blog))
#5 D:\wamp64\www\minutoadv2\vendor\codeigniter4\framework\system\CodeIgniter.php(306): CodeIgniter\CodeIgniter->handleRequest(NULL, Object(Config\Cache), false)
#6 D:\wamp64\www\minutoadv2\public\index.php(45): CodeIgniter\CodeIgniter->run()
#7 D:\wamp64\www\minutoadv2\vendor\codeigniter4\framework\system\Commands\Server\rewrite.php(34): require_once('D:\\wamp64\\www\\m...')
#8 {main}
CRITICAL - 2020-06-25 07:36:07 --> Undefined variable: categories
#0 D:\wamp64\www\minutoadv2\app\Views\Admin\Blog\edit\categories.php(5): CodeIgniter\Debug\Exceptions->errorHandler(8, 'Undefined varia...', 'D:\\wamp64\\www\\m...', 5, Array)
#1 D:\wamp64\www\minutoadv2\vendor\codeigniter4\framework\system\View\View.php(236): include('D:\\wamp64\\www\\m...')
#2 D:\wamp64\www\minutoadv2\vendor\codeigniter4\framework\system\Common.php(1071): CodeIgniter\View\View->render('Admin/Blog/edit...', Array, true)
#3 D:\wamp64\www\minutoadv2\app\Views\Admin\Blog\edit.php(75): view('Admin/Blog/edit...', Array)
#4 D:\wamp64\www\minutoadv2\vendor\codeigniter4\framework\system\View\View.php(236): include('D:\\wamp64\\www\\m...')
#5 D:\wamp64\www\minutoadv2\vendor\codeigniter4\framework\system\Common.php(1071): CodeIgniter\View\View->render('Admin/Blog/edit', Array, true)
#6 D:\wamp64\www\minutoadv2\app\Controllers\Admin\Blog.php(22): view('Admin/Blog/edit', Array)
#7 D:\wamp64\www\minutoadv2\vendor\codeigniter4\framework\system\CodeIgniter.php(910): App\Controllers\Admin\Blog->index()
#8 D:\wamp64\www\minutoadv2\vendor\codeigniter4\framework\system\CodeIgniter.php(398): CodeIgniter\CodeIgniter->runController(Object(App\Controllers\Admin\Blog))
#9 D:\wamp64\www\minutoadv2\vendor\codeigniter4\framework\system\CodeIgniter.php(306): CodeIgniter\CodeIgniter->handleRequest(NULL, Object(Config\Cache), false)
#10 D:\wamp64\www\minutoadv2\public\index.php(45): CodeIgniter\CodeIgniter->run()
#11 D:\wamp64\www\minutoadv2\vendor\codeigniter4\framework\system\Commands\Server\rewrite.php(34): require_once('D:\\wamp64\\www\\m...')
#12 {main}
CRITICAL - 2020-06-25 07:36:49 --> Undefined variable: categories
#0 D:\wamp64\www\minutoadv2\app\Views\Admin\Blog\edit\categories.php(5): CodeIgniter\Debug\Exceptions->errorHandler(8, 'Undefined varia...', 'D:\\wamp64\\www\\m...', 5, Array)
#1 D:\wamp64\www\minutoadv2\vendor\codeigniter4\framework\system\View\View.php(236): include('D:\\wamp64\\www\\m...')
#2 D:\wamp64\www\minutoadv2\vendor\codeigniter4\framework\system\Common.php(1071): CodeIgniter\View\View->render('Admin/Blog/edit...', Array, true)
#3 D:\wamp64\www\minutoadv2\app\Views\Admin\Blog\edit.php(75): view('Admin/Blog/edit...', Array)
#4 D:\wamp64\www\minutoadv2\vendor\codeigniter4\framework\system\View\View.php(236): include('D:\\wamp64\\www\\m...')
#5 D:\wamp64\www\minutoadv2\vendor\codeigniter4\framework\system\Common.php(1071): CodeIgniter\View\View->render('Admin/Blog/edit', Array, true)
#6 D:\wamp64\www\minutoadv2\app\Controllers\Admin\Blog.php(22): view('Admin/Blog/edit', Array)
#7 D:\wamp64\www\minutoadv2\vendor\codeigniter4\framework\system\CodeIgniter.php(910): App\Controllers\Admin\Blog->index()
#8 D:\wamp64\www\minutoadv2\vendor\codeigniter4\framework\system\CodeIgniter.php(398): CodeIgniter\CodeIgniter->runController(Object(App\Controllers\Admin\Blog))
#9 D:\wamp64\www\minutoadv2\vendor\codeigniter4\framework\system\CodeIgniter.php(306): CodeIgniter\CodeIgniter->handleRequest(NULL, Object(Config\Cache), false)
#10 D:\wamp64\www\minutoadv2\public\index.php(45): CodeIgniter\CodeIgniter->run()
#11 D:\wamp64\www\minutoadv2\vendor\codeigniter4\framework\system\Commands\Server\rewrite.php(34): require_once('D:\\wamp64\\www\\m...')
#12 {main}
CRITICAL - 2020-06-25 07:36:52 --> Undefined variable: categories
#0 D:\wamp64\www\minutoadv2\app\Views\Admin\Blog\edit\categories.php(5): CodeIgniter\Debug\Exceptions->errorHandler(8, 'Undefined varia...', 'D:\\wamp64\\www\\m...', 5, Array)
#1 D:\wamp64\www\minutoadv2\vendor\codeigniter4\framework\system\View\View.php(236): include('D:\\wamp64\\www\\m...')
#2 D:\wamp64\www\minutoadv2\vendor\codeigniter4\framework\system\Common.php(1071): CodeIgniter\View\View->render('Admin/Blog/edit...', Array, true)
#3 D:\wamp64\www\minutoadv2\app\Views\Admin\Blog\edit.php(75): view('Admin/Blog/edit...', Array)
#4 D:\wamp64\www\minutoadv2\vendor\codeigniter4\framework\system\View\View.php(236): include('D:\\wamp64\\www\\m...')
#5 D:\wamp64\www\minutoadv2\vendor\codeigniter4\framework\system\Common.php(1071): CodeIgniter\View\View->render('Admin/Blog/edit', Array, true)
#6 D:\wamp64\www\minutoadv2\app\Controllers\Admin\Blog.php(22): view('Admin/Blog/edit', Array)
#7 D:\wamp64\www\minutoadv2\vendor\codeigniter4\framework\system\CodeIgniter.php(910): App\Controllers\Admin\Blog->index()
#8 D:\wamp64\www\minutoadv2\vendor\codeigniter4\framework\system\CodeIgniter.php(398): CodeIgniter\CodeIgniter->runController(Object(App\Controllers\Admin\Blog))
#9 D:\wamp64\www\minutoadv2\vendor\codeigniter4\framework\system\CodeIgniter.php(306): CodeIgniter\CodeIgniter->handleRequest(NULL, Object(Config\Cache), false)
#10 D:\wamp64\www\minutoadv2\public\index.php(45): CodeIgniter\CodeIgniter->run()
#11 D:\wamp64\www\minutoadv2\vendor\codeigniter4\framework\system\Commands\Server\rewrite.php(34): require_once('D:\\wamp64\\www\\m...')
#12 {main}
