CRITICAL - 2021-03-04 07:10:33 --> Declaration of App\Filters\AdminAuth::before(CodeIgniter\HTTP\RequestInterface $request) must be compatible with CodeIgniter\Filters\FilterInterface::before(CodeIgniter\HTTP\RequestInterface $request, $arguments = NULL)
#0 [internal function]: CodeIgniter\Debug\Exceptions->shutdownHandler()
#1 {main}
CRITICAL - 2021-03-04 07:11:39 --> Undefined variable: view
#0 C:\wamp64\www\bestimob\app\Views\Admin\Pages\index.php(10): CodeIgniter\Debug\Exceptions->errorHandler(8, 'Undefined varia...', 'C:\\wamp64\\www\\b...', 10, Array)
#1 C:\wamp64\www\bestimob\vendor\codeigniter4\framework\system\View\View.php(220): include('C:\\wamp64\\www\\b...')
#2 C:\wamp64\www\bestimob\vendor\codeigniter4\framework\system\View\View.php(222): CodeIgniter\View\View->CodeIgniter\View\{closure}()
#3 C:\wamp64\www\bestimob\vendor\codeigniter4\framework\system\Common.php(1217): CodeIgniter\View\View->render('Admin/Pages/ind...', Array, true)
#4 C:\wamp64\www\bestimob\app\Controllers\Admin\Pages.php(17): view('Admin/Pages/ind...', Array)
#5 C:\wamp64\www\bestimob\vendor\codeigniter4\framework\system\CodeIgniter.php(936): App\Controllers\Admin\Pages->index()
#6 C:\wamp64\www\bestimob\vendor\codeigniter4\framework\system\CodeIgniter.php(432): CodeIgniter\CodeIgniter->runController(Object(App\Controllers\Admin\Pages))
#7 C:\wamp64\www\bestimob\vendor\codeigniter4\framework\system\CodeIgniter.php(333): CodeIgniter\CodeIgniter->handleRequest(NULL, Object(Config\Cache), false)
#8 C:\wamp64\www\bestimob\public\index.php(45): CodeIgniter\CodeIgniter->run()
#9 C:\wamp64\www\bestimob\vendor\codeigniter4\framework\system\Commands\Server\rewrite.php(45): require_once('C:\\wamp64\\www\\b...')
#10 {main}
CRITICAL - 2021-03-04 07:24:00 --> Undefined variable: view
#0 C:\wamp64\www\bestimob\app\Views\Admin\Pages\index.php(10): CodeIgniter\Debug\Exceptions->errorHandler(8, 'Undefined varia...', 'C:\\wamp64\\www\\b...', 10, Array)
#1 C:\wamp64\www\bestimob\vendor\codeigniter4\framework\system\View\View.php(220): include('C:\\wamp64\\www\\b...')
#2 C:\wamp64\www\bestimob\vendor\codeigniter4\framework\system\View\View.php(222): CodeIgniter\View\View->CodeIgniter\View\{closure}()
#3 C:\wamp64\www\bestimob\vendor\codeigniter4\framework\system\Common.php(1217): CodeIgniter\View\View->render('Admin/Pages/ind...', Array, true)
#4 C:\wamp64\www\bestimob\app\Controllers\Admin\Pages.php(17): view('Admin/Pages/ind...', Array)
#5 C:\wamp64\www\bestimob\vendor\codeigniter4\framework\system\CodeIgniter.php(936): App\Controllers\Admin\Pages->index()
#6 C:\wamp64\www\bestimob\vendor\codeigniter4\framework\system\CodeIgniter.php(432): CodeIgniter\CodeIgniter->runController(Object(App\Controllers\Admin\Pages))
#7 C:\wamp64\www\bestimob\vendor\codeigniter4\framework\system\CodeIgniter.php(333): CodeIgniter\CodeIgniter->handleRequest(NULL, Object(Config\Cache), false)
#8 C:\wamp64\www\bestimob\public\index.php(45): CodeIgniter\CodeIgniter->run()
#9 C:\wamp64\www\bestimob\vendor\codeigniter4\framework\system\Commands\Server\rewrite.php(45): require_once('C:\\wamp64\\www\\b...')
#10 {main}
CRITICAL - 2021-03-04 07:27:58 --> Call to undefined function services()
#0 C:\wamp64\www\bestimob\vendor\codeigniter4\framework\system\View\View.php(220): include()
#1 C:\wamp64\www\bestimob\vendor\codeigniter4\framework\system\View\View.php(222): CodeIgniter\View\View->CodeIgniter\View\{closure}()
#2 C:\wamp64\www\bestimob\vendor\codeigniter4\framework\system\Common.php(1217): CodeIgniter\View\View->render('Admin/Pages/ind...', Array, true)
#3 C:\wamp64\www\bestimob\app\Controllers\Admin\Pages.php(17): view('Admin/Pages/ind...', Array)
#4 C:\wamp64\www\bestimob\vendor\codeigniter4\framework\system\CodeIgniter.php(936): App\Controllers\Admin\Pages->index()
#5 C:\wamp64\www\bestimob\vendor\codeigniter4\framework\system\CodeIgniter.php(432): CodeIgniter\CodeIgniter->runController(Object(App\Controllers\Admin\Pages))
#6 C:\wamp64\www\bestimob\vendor\codeigniter4\framework\system\CodeIgniter.php(333): CodeIgniter\CodeIgniter->handleRequest(NULL, Object(Config\Cache), false)
#7 C:\wamp64\www\bestimob\public\index.php(45): CodeIgniter\CodeIgniter->run()
#8 C:\wamp64\www\bestimob\vendor\codeigniter4\framework\system\Commands\Server\rewrite.php(45): require_once('C:\\wamp64\\www\\b...')
#9 {main}
CRITICAL - 2021-03-04 10:08:59 --> Undefined variable: view
#0 C:\wamp64\www\bestimob\app\Views\Admin\Login\index.php(1): CodeIgniter\Debug\Exceptions->errorHandler(8, 'Undefined varia...', 'C:\\wamp64\\www\\b...', 1, Array)
#1 C:\wamp64\www\bestimob\vendor\codeigniter4\framework\system\View\View.php(220): include('C:\\wamp64\\www\\b...')
#2 C:\wamp64\www\bestimob\vendor\codeigniter4\framework\system\View\View.php(222): CodeIgniter\View\View->CodeIgniter\View\{closure}()
#3 C:\wamp64\www\bestimob\vendor\codeigniter4\framework\system\Common.php(1217): CodeIgniter\View\View->render('Admin/Login/ind...', Array, true)
#4 C:\wamp64\www\bestimob\app\Controllers\Admin\Login.php(35): view('Admin/Login/ind...')
#5 C:\wamp64\www\bestimob\vendor\codeigniter4\framework\system\CodeIgniter.php(936): App\Controllers\Admin\Login->index()
#6 C:\wamp64\www\bestimob\vendor\codeigniter4\framework\system\CodeIgniter.php(432): CodeIgniter\CodeIgniter->runController(Object(App\Controllers\Admin\Login))
#7 C:\wamp64\www\bestimob\vendor\codeigniter4\framework\system\CodeIgniter.php(333): CodeIgniter\CodeIgniter->handleRequest(NULL, Object(Config\Cache), false)
#8 C:\wamp64\www\bestimob\public\index.php(45): CodeIgniter\CodeIgniter->run()
#9 C:\wamp64\www\bestimob\vendor\codeigniter4\framework\system\Commands\Server\rewrite.php(45): require_once('C:\\wamp64\\www\\b...')
#10 {main}
CRITICAL - 2021-03-04 10:11:57 --> Undefined variable: view
#0 C:\wamp64\www\bestimob\app\Views\Admin\Login\index.php(1): CodeIgniter\Debug\Exceptions->errorHandler(8, 'Undefined varia...', 'C:\\wamp64\\www\\b...', 1, Array)
#1 C:\wamp64\www\bestimob\vendor\codeigniter4\framework\system\View\View.php(220): include('C:\\wamp64\\www\\b...')
#2 C:\wamp64\www\bestimob\vendor\codeigniter4\framework\system\View\View.php(222): CodeIgniter\View\View->CodeIgniter\View\{closure}()
#3 C:\wamp64\www\bestimob\vendor\codeigniter4\framework\system\Common.php(1217): CodeIgniter\View\View->render('Admin/Login/ind...', Array, true)
#4 C:\wamp64\www\bestimob\app\Controllers\Admin\Login.php(35): view('Admin/Login/ind...')
#5 C:\wamp64\www\bestimob\vendor\codeigniter4\framework\system\CodeIgniter.php(936): App\Controllers\Admin\Login->index()
#6 C:\wamp64\www\bestimob\vendor\codeigniter4\framework\system\CodeIgniter.php(432): CodeIgniter\CodeIgniter->runController(Object(App\Controllers\Admin\Login))
#7 C:\wamp64\www\bestimob\vendor\codeigniter4\framework\system\CodeIgniter.php(333): CodeIgniter\CodeIgniter->handleRequest(NULL, Object(Config\Cache), false)
#8 C:\wamp64\www\bestimob\public\index.php(45): CodeIgniter\CodeIgniter->run()
#9 C:\wamp64\www\bestimob\vendor\codeigniter4\framework\system\Commands\Server\rewrite.php(45): require_once('C:\\wamp64\\www\\b...')
#10 {main}
CRITICAL - 2021-03-04 10:11:59 --> Undefined variable: view
#0 C:\wamp64\www\bestimob\app\Views\Admin\Login\index.php(1): CodeIgniter\Debug\Exceptions->errorHandler(8, 'Undefined varia...', 'C:\\wamp64\\www\\b...', 1, Array)
#1 C:\wamp64\www\bestimob\vendor\codeigniter4\framework\system\View\View.php(220): include('C:\\wamp64\\www\\b...')
#2 C:\wamp64\www\bestimob\vendor\codeigniter4\framework\system\View\View.php(222): CodeIgniter\View\View->CodeIgniter\View\{closure}()
#3 C:\wamp64\www\bestimob\vendor\codeigniter4\framework\system\Common.php(1217): CodeIgniter\View\View->render('Admin/Login/ind...', Array, true)
#4 C:\wamp64\www\bestimob\app\Controllers\Admin\Login.php(35): view('Admin/Login/ind...')
#5 C:\wamp64\www\bestimob\vendor\codeigniter4\framework\system\CodeIgniter.php(936): App\Controllers\Admin\Login->index()
#6 C:\wamp64\www\bestimob\vendor\codeigniter4\framework\system\CodeIgniter.php(432): CodeIgniter\CodeIgniter->runController(Object(App\Controllers\Admin\Login))
#7 C:\wamp64\www\bestimob\vendor\codeigniter4\framework\system\CodeIgniter.php(333): CodeIgniter\CodeIgniter->handleRequest(NULL, Object(Config\Cache), false)
#8 C:\wamp64\www\bestimob\public\index.php(45): CodeIgniter\CodeIgniter->run()
#9 C:\wamp64\www\bestimob\vendor\codeigniter4\framework\system\Commands\Server\rewrite.php(45): require_once('C:\\wamp64\\www\\b...')
#10 {main}
CRITICAL - 2021-03-04 10:12:15 --> Undefined variable: view
#0 C:\wamp64\www\bestimob\app\Views\Admin\Login\index.php(1): CodeIgniter\Debug\Exceptions->errorHandler(8, 'Undefined varia...', 'C:\\wamp64\\www\\b...', 1, Array)
#1 C:\wamp64\www\bestimob\vendor\codeigniter4\framework\system\View\View.php(220): include('C:\\wamp64\\www\\b...')
#2 C:\wamp64\www\bestimob\vendor\codeigniter4\framework\system\View\View.php(222): CodeIgniter\View\View->CodeIgniter\View\{closure}()
#3 C:\wamp64\www\bestimob\vendor\codeigniter4\framework\system\Common.php(1217): CodeIgniter\View\View->render('Admin/Login/ind...', Array, true)
#4 C:\wamp64\www\bestimob\app\Controllers\Admin\Login.php(35): view('Admin/Login/ind...')
#5 C:\wamp64\www\bestimob\vendor\codeigniter4\framework\system\CodeIgniter.php(936): App\Controllers\Admin\Login->index()
#6 C:\wamp64\www\bestimob\vendor\codeigniter4\framework\system\CodeIgniter.php(432): CodeIgniter\CodeIgniter->runController(Object(App\Controllers\Admin\Login))
#7 C:\wamp64\www\bestimob\vendor\codeigniter4\framework\system\CodeIgniter.php(333): CodeIgniter\CodeIgniter->handleRequest(NULL, Object(Config\Cache), false)
#8 C:\wamp64\www\bestimob\public\index.php(45): CodeIgniter\CodeIgniter->run()
#9 C:\wamp64\www\bestimob\vendor\codeigniter4\framework\system\Commands\Server\rewrite.php(45): require_once('C:\\wamp64\\www\\b...')
#10 {main}
CRITICAL - 2021-03-04 10:12:16 --> Undefined variable: view
#0 C:\wamp64\www\bestimob\app\Views\Admin\Login\index.php(1): CodeIgniter\Debug\Exceptions->errorHandler(8, 'Undefined varia...', 'C:\\wamp64\\www\\b...', 1, Array)
#1 C:\wamp64\www\bestimob\vendor\codeigniter4\framework\system\View\View.php(220): include('C:\\wamp64\\www\\b...')
#2 C:\wamp64\www\bestimob\vendor\codeigniter4\framework\system\View\View.php(222): CodeIgniter\View\View->CodeIgniter\View\{closure}()
#3 C:\wamp64\www\bestimob\vendor\codeigniter4\framework\system\Common.php(1217): CodeIgniter\View\View->render('Admin/Login/ind...', Array, true)
#4 C:\wamp64\www\bestimob\app\Controllers\Admin\Login.php(35): view('Admin/Login/ind...')
#5 C:\wamp64\www\bestimob\vendor\codeigniter4\framework\system\CodeIgniter.php(936): App\Controllers\Admin\Login->index()
#6 C:\wamp64\www\bestimob\vendor\codeigniter4\framework\system\CodeIgniter.php(432): CodeIgniter\CodeIgniter->runController(Object(App\Controllers\Admin\Login))
#7 C:\wamp64\www\bestimob\vendor\codeigniter4\framework\system\CodeIgniter.php(333): CodeIgniter\CodeIgniter->handleRequest(NULL, Object(Config\Cache), false)
#8 C:\wamp64\www\bestimob\public\index.php(45): CodeIgniter\CodeIgniter->run()
#9 C:\wamp64\www\bestimob\vendor\codeigniter4\framework\system\Commands\Server\rewrite.php(45): require_once('C:\\wamp64\\www\\b...')
#10 {main}
CRITICAL - 2021-03-04 10:13:22 --> Undefined variable: view
#0 C:\wamp64\www\bestimob\app\Views\Admin\Login\index.php(1): CodeIgniter\Debug\Exceptions->errorHandler(8, 'Undefined varia...', 'C:\\wamp64\\www\\b...', 1, Array)
#1 C:\wamp64\www\bestimob\vendor\codeigniter4\framework\system\View\View.php(220): include('C:\\wamp64\\www\\b...')
#2 C:\wamp64\www\bestimob\vendor\codeigniter4\framework\system\View\View.php(222): CodeIgniter\View\View->CodeIgniter\View\{closure}()
#3 C:\wamp64\www\bestimob\vendor\codeigniter4\framework\system\Common.php(1217): CodeIgniter\View\View->render('Admin/Login/ind...', Array, true)
#4 C:\wamp64\www\bestimob\app\Controllers\Admin\Login.php(35): view('Admin/Login/ind...')
#5 C:\wamp64\www\bestimob\vendor\codeigniter4\framework\system\CodeIgniter.php(936): App\Controllers\Admin\Login->index()
#6 C:\wamp64\www\bestimob\vendor\codeigniter4\framework\system\CodeIgniter.php(432): CodeIgniter\CodeIgniter->runController(Object(App\Controllers\Admin\Login))
#7 C:\wamp64\www\bestimob\vendor\codeigniter4\framework\system\CodeIgniter.php(333): CodeIgniter\CodeIgniter->handleRequest(NULL, Object(Config\Cache), false)
#8 C:\wamp64\www\bestimob\public\index.php(45): CodeIgniter\CodeIgniter->run()
#9 C:\wamp64\www\bestimob\vendor\codeigniter4\framework\system\Commands\Server\rewrite.php(45): require_once('C:\\wamp64\\www\\b...')
#10 {main}
