CRITICAL - 2021-03-03 11:56:52 --> Class 'App\Models\DataTablesModel' not found
#0 C:\wamp64\www\bestimob\vendor\codeigniter4\framework\system\Autoloader\Autoloader.php(365): require_once()
#1 C:\wamp64\www\bestimob\vendor\codeigniter4\framework\system\Autoloader\Autoloader.php(296): CodeIgniter\Autoloader\Autoloader->requireFile('C:\\wamp64\\www\\b...')
#2 C:\wamp64\www\bestimob\vendor\codeigniter4\framework\system\Autoloader\Autoloader.php(258): CodeIgniter\Autoloader\Autoloader->loadInNamespace('App\\Models\\SysB...')
#3 [internal function]: CodeIgniter\Autoloader\Autoloader->loadClass('App\\Models\\SysB...')
#4 C:\wamp64\www\bestimob\app\Entities\SysBlog.php(39): spl_autoload_call('App\\Models\\SysB...')
#5 C:\wamp64\www\bestimob\vendor\codeigniter4\framework\system\Entity.php(299): App\Entities\SysBlog->getPosts()
#6 C:\wamp64\www\bestimob\app\Views\Admin\Blog\edit\posts.php(5): CodeIgniter\Entity->__get('posts')
#7 C:\wamp64\www\bestimob\vendor\codeigniter4\framework\system\View\View.php(246): include('C:\\wamp64\\www\\b...')
#8 C:\wamp64\www\bestimob\vendor\codeigniter4\framework\system\Common.php(1087): CodeIgniter\View\View->render('Admin/Blog/edit...', Array, true)
#9 C:\wamp64\www\bestimob\app\Views\Admin\Blog\edit.php(84): view('Admin/Blog/edit...', Array)
#10 C:\wamp64\www\bestimob\vendor\codeigniter4\framework\system\View\View.php(246): include('C:\\wamp64\\www\\b...')
#11 C:\wamp64\www\bestimob\vendor\codeigniter4\framework\system\Common.php(1087): CodeIgniter\View\View->render('Admin/Blog/edit', Array, true)
#12 C:\wamp64\www\bestimob\app\Controllers\Admin\Blog.php(24): view('Admin/Blog/edit', Array)
#13 C:\wamp64\www\bestimob\vendor\codeigniter4\framework\system\CodeIgniter.php(914): App\Controllers\Admin\Blog->index()
#14 C:\wamp64\www\bestimob\vendor\codeigniter4\framework\system\CodeIgniter.php(400): CodeIgniter\CodeIgniter->runController(Object(App\Controllers\Admin\Blog))
#15 C:\wamp64\www\bestimob\vendor\codeigniter4\framework\system\CodeIgniter.php(308): CodeIgniter\CodeIgniter->handleRequest(NULL, Object(Config\Cache), false)
#16 C:\wamp64\www\bestimob\public\index.php(45): CodeIgniter\CodeIgniter->run()
#17 C:\wamp64\www\bestimob\vendor\codeigniter4\framework\system\Commands\Server\rewrite.php(34): require_once('C:\\wamp64\\www\\b...')
#18 {main}
CRITICAL - 2021-03-03 12:26:30 --> Class 'App\Models\DataTablesModel' not found
#0 C:\wamp64\www\bestimob\vendor\codeigniter4\framework\system\Autoloader\Autoloader.php(365): require_once()
#1 C:\wamp64\www\bestimob\vendor\codeigniter4\framework\system\Autoloader\Autoloader.php(296): CodeIgniter\Autoloader\Autoloader->requireFile('C:\\wamp64\\www\\b...')
#2 C:\wamp64\www\bestimob\vendor\codeigniter4\framework\system\Autoloader\Autoloader.php(258): CodeIgniter\Autoloader\Autoloader->loadInNamespace('App\\Models\\SysB...')
#3 [internal function]: CodeIgniter\Autoloader\Autoloader->loadClass('App\\Models\\SysB...')
#4 C:\wamp64\www\bestimob\app\Entities\SysBlog.php(39): spl_autoload_call('App\\Models\\SysB...')
#5 C:\wamp64\www\bestimob\vendor\codeigniter4\framework\system\Entity.php(299): App\Entities\SysBlog->getPosts()
#6 C:\wamp64\www\bestimob\app\Views\Admin\Blog\edit\posts.php(5): CodeIgniter\Entity->__get('posts')
#7 C:\wamp64\www\bestimob\vendor\codeigniter4\framework\system\View\View.php(246): include('C:\\wamp64\\www\\b...')
#8 C:\wamp64\www\bestimob\vendor\codeigniter4\framework\system\Common.php(1087): CodeIgniter\View\View->render('Admin/Blog/edit...', Array, true)
#9 C:\wamp64\www\bestimob\app\Views\Admin\Blog\edit.php(84): view('Admin/Blog/edit...', Array)
#10 C:\wamp64\www\bestimob\vendor\codeigniter4\framework\system\View\View.php(246): include('C:\\wamp64\\www\\b...')
#11 C:\wamp64\www\bestimob\vendor\codeigniter4\framework\system\Common.php(1087): CodeIgniter\View\View->render('Admin/Blog/edit', Array, true)
#12 C:\wamp64\www\bestimob\app\Controllers\Admin\Blog.php(24): view('Admin/Blog/edit', Array)
#13 C:\wamp64\www\bestimob\vendor\codeigniter4\framework\system\CodeIgniter.php(914): App\Controllers\Admin\Blog->index()
#14 C:\wamp64\www\bestimob\vendor\codeigniter4\framework\system\CodeIgniter.php(400): CodeIgniter\CodeIgniter->runController(Object(App\Controllers\Admin\Blog))
#15 C:\wamp64\www\bestimob\vendor\codeigniter4\framework\system\CodeIgniter.php(308): CodeIgniter\CodeIgniter->handleRequest(NULL, Object(Config\Cache), false)
#16 C:\wamp64\www\bestimob\public\index.php(45): CodeIgniter\CodeIgniter->run()
#17 C:\wamp64\www\bestimob\vendor\codeigniter4\framework\system\Commands\Server\rewrite.php(34): require_once('C:\\wamp64\\www\\b...')
#18 {main}
CRITICAL - 2021-03-03 12:48:57 --> Arquivo inválido: App/Contato/index.js
#0 C:\wamp64\www\bestimob\vendor\codeigniter4\framework\system\View\View.php(228): CodeIgniter\Exceptions\FrameworkException::forInvalidFile('App/Contato/ind...')
#1 C:\wamp64\www\bestimob\vendor\codeigniter4\framework\system\Common.php(1087): CodeIgniter\View\View->render('App/Contato/ind...', Array, true)
#2 C:\wamp64\www\bestimob\app\Views\App\Contato\index.php(67): view('App/Contato/ind...')
#3 C:\wamp64\www\bestimob\vendor\codeigniter4\framework\system\View\View.php(246): include('C:\\wamp64\\www\\b...')
#4 C:\wamp64\www\bestimob\vendor\codeigniter4\framework\system\Common.php(1087): CodeIgniter\View\View->render('App/Contato/ind...', Array, true)
#5 C:\wamp64\www\bestimob\app\Controllers\App\Contato.php(11): view('App/Contato/ind...', Array)
#6 C:\wamp64\www\bestimob\vendor\codeigniter4\framework\system\CodeIgniter.php(914): App\Controllers\App\Contato->index()
#7 C:\wamp64\www\bestimob\vendor\codeigniter4\framework\system\CodeIgniter.php(400): CodeIgniter\CodeIgniter->runController(Object(App\Controllers\App\Contato))
#8 C:\wamp64\www\bestimob\vendor\codeigniter4\framework\system\CodeIgniter.php(308): CodeIgniter\CodeIgniter->handleRequest(NULL, Object(Config\Cache), false)
#9 C:\wamp64\www\bestimob\public\index.php(45): CodeIgniter\CodeIgniter->run()
#10 C:\wamp64\www\bestimob\vendor\codeigniter4\framework\system\Commands\Server\rewrite.php(34): require_once('C:\\wamp64\\www\\b...')
#11 {main}
