CRITICAL - 2020-08-15 09:17:14 --> Undefined index: id
#0 D:\wamp64\www\realtelecom\app\Views\App\Plans\list.php(36): CodeIgniter\Debug\Exceptions->errorHandler(8, 'Undefined index...', 'D:\\wamp64\\www\\r...', 36, Array)
#1 D:\wamp64\www\realtelecom\vendor\codeigniter4\framework\system\View\View.php(246): include('D:\\wamp64\\www\\r...')
#2 D:\wamp64\www\realtelecom\vendor\codeigniter4\framework\system\Common.php(1087): CodeIgniter\View\View->render('App/Plans/list', Array, true)
#3 D:\wamp64\www\realtelecom\app\Controllers\App\Plans.php(17): view('App/Plans/list', Array)
#4 D:\wamp64\www\realtelecom\app\Views\App\Home\index.php(4): App\Controllers\App\Plans->home()
#5 D:\wamp64\www\realtelecom\vendor\codeigniter4\framework\system\View\View.php(246): include('D:\\wamp64\\www\\r...')
#6 D:\wamp64\www\realtelecom\vendor\codeigniter4\framework\system\Common.php(1087): CodeIgniter\View\View->render('App/Home/index', Array, true)
#7 D:\wamp64\www\realtelecom\app\Controllers\App\Home.php(13): view('App/Home/index')
#8 D:\wamp64\www\realtelecom\vendor\codeigniter4\framework\system\CodeIgniter.php(914): App\Controllers\App\Home->index()
#9 D:\wamp64\www\realtelecom\vendor\codeigniter4\framework\system\CodeIgniter.php(400): CodeIgniter\CodeIgniter->runController(Object(App\Controllers\App\Home))
#10 D:\wamp64\www\realtelecom\vendor\codeigniter4\framework\system\CodeIgniter.php(308): CodeIgniter\CodeIgniter->handleRequest(NULL, Object(Config\Cache), false)
#11 D:\wamp64\www\realtelecom\public\index.php(45): CodeIgniter\CodeIgniter->run()
#12 D:\wamp64\www\realtelecom\vendor\codeigniter4\framework\system\Commands\Server\rewrite.php(34): require_once('D:\\wamp64\\www\\r...')
#13 {main}
CRITICAL - 2020-08-15 11:33:35 --> Arquivo inválido: home/assine.php
#0 D:\wamp64\www\realtelecom\vendor\codeigniter4\framework\system\View\View.php(228): CodeIgniter\Exceptions\FrameworkException::forInvalidFile('home/assine.php')
#1 D:\wamp64\www\realtelecom\vendor\codeigniter4\framework\system\Common.php(1087): CodeIgniter\View\View->render('home/assine', Array, true)
#2 D:\wamp64\www\realtelecom\app\Views\App\Home\index.php(7): view('home/assine', Array)
#3 D:\wamp64\www\realtelecom\vendor\codeigniter4\framework\system\View\View.php(246): include('D:\\wamp64\\www\\r...')
#4 D:\wamp64\www\realtelecom\vendor\codeigniter4\framework\system\Common.php(1087): CodeIgniter\View\View->render('App/Home/index', Array, true)
#5 D:\wamp64\www\realtelecom\app\Controllers\App\Home.php(11): view('App/Home/index', Array)
#6 D:\wamp64\www\realtelecom\vendor\codeigniter4\framework\system\CodeIgniter.php(914): App\Controllers\App\Home->index()
#7 D:\wamp64\www\realtelecom\vendor\codeigniter4\framework\system\CodeIgniter.php(400): CodeIgniter\CodeIgniter->runController(Object(App\Controllers\App\Home))
#8 D:\wamp64\www\realtelecom\vendor\codeigniter4\framework\system\CodeIgniter.php(308): CodeIgniter\CodeIgniter->handleRequest(NULL, Object(Config\Cache), false)
#9 D:\wamp64\www\realtelecom\public\index.php(45): CodeIgniter\CodeIgniter->run()
#10 D:\wamp64\www\realtelecom\vendor\codeigniter4\framework\system\Commands\Server\rewrite.php(34): require_once('D:\\wamp64\\www\\r...')
#11 {main}
CRITICAL - 2020-08-15 11:39:36 --> Invalid argument supplied for foreach()
#0 D:\wamp64\www\realtelecom\app\Views\App\Home\banners.php(7): CodeIgniter\Debug\Exceptions->errorHandler(2, 'Invalid argumen...', 'D:\\wamp64\\www\\r...', 7, Array)
#1 D:\wamp64\www\realtelecom\vendor\codeigniter4\framework\system\View\View.php(246): include('D:\\wamp64\\www\\r...')
#2 D:\wamp64\www\realtelecom\vendor\codeigniter4\framework\system\Common.php(1087): CodeIgniter\View\View->render('App/Home/banner...', Array, true)
#3 D:\wamp64\www\realtelecom\app\Views\App\Home\index.php(2): view('App/Home/banner...', Array)
#4 D:\wamp64\www\realtelecom\vendor\codeigniter4\framework\system\View\View.php(246): include('D:\\wamp64\\www\\r...')
#5 D:\wamp64\www\realtelecom\vendor\codeigniter4\framework\system\Common.php(1087): CodeIgniter\View\View->render('App/Home/index', Array, true)
#6 D:\wamp64\www\realtelecom\app\Controllers\App\Home.php(11): view('App/Home/index', Array)
#7 D:\wamp64\www\realtelecom\vendor\codeigniter4\framework\system\CodeIgniter.php(914): App\Controllers\App\Home->index()
#8 D:\wamp64\www\realtelecom\vendor\codeigniter4\framework\system\CodeIgniter.php(400): CodeIgniter\CodeIgniter->runController(Object(App\Controllers\App\Home))
#9 D:\wamp64\www\realtelecom\vendor\codeigniter4\framework\system\CodeIgniter.php(308): CodeIgniter\CodeIgniter->handleRequest(NULL, Object(Config\Cache), false)
#10 D:\wamp64\www\realtelecom\public\index.php(45): CodeIgniter\CodeIgniter->run()
#11 D:\wamp64\www\realtelecom\vendor\codeigniter4\framework\system\Commands\Server\rewrite.php(34): require_once('D:\\wamp64\\www\\r...')
#12 {main}
