CRITICAL - 2021-03-05 12:19:12 --> Unable to connect to the database.
#0 C:\wamp64\www\bestimob\vendor\codeigniter4\framework\system\Database\BaseConnection.php(618): CodeIgniter\Database\BaseConnection->initialize()
#1 C:\wamp64\www\bestimob\vendor\codeigniter4\framework\system\Database\BaseBuilder.php(1866): CodeIgniter\Database\BaseConnection->query('SELECT *\nFROM `...', Array, false)
#2 C:\wamp64\www\bestimob\vendor\codeigniter4\framework\system\Model.php(247): CodeIgniter\Database\BaseBuilder->get()
#3 C:\wamp64\www\bestimob\vendor\codeigniter4\framework\system\BaseModel.php(624): CodeIgniter\Model->doFirst()
#4 C:\wamp64\www\bestimob\app\Models\SysPages.php(47): CodeIgniter\BaseModel->first()
#5 C:\wamp64\www\bestimob\app\Controllers\App\Faq.php(12): App\Models\SysPages->find('faq')
#6 C:\wamp64\www\bestimob\vendor\codeigniter4\framework\system\CodeIgniter.php(936): App\Controllers\App\Faq->index()
#7 C:\wamp64\www\bestimob\vendor\codeigniter4\framework\system\CodeIgniter.php(432): CodeIgniter\CodeIgniter->runController(Object(App\Controllers\App\Faq))
#8 C:\wamp64\www\bestimob\vendor\codeigniter4\framework\system\CodeIgniter.php(333): CodeIgniter\CodeIgniter->handleRequest(NULL, Object(Config\Cache), false)
#9 C:\wamp64\www\bestimob\public\index.php(45): CodeIgniter\CodeIgniter->run()
#10 C:\wamp64\www\bestimob\vendor\codeigniter4\framework\system\Commands\Server\rewrite.php(45): require_once('C:\\wamp64\\www\\b...')
#11 {main}
CRITICAL - 2021-03-05 12:19:17 --> Unable to connect to the database.
#0 C:\wamp64\www\bestimob\vendor\codeigniter4\framework\system\Database\BaseConnection.php(618): CodeIgniter\Database\BaseConnection->initialize()
#1 C:\wamp64\www\bestimob\vendor\codeigniter4\framework\system\Database\BaseBuilder.php(1866): CodeIgniter\Database\BaseConnection->query('SELECT *\nFROM `...', Array, false)
#2 C:\wamp64\www\bestimob\vendor\codeigniter4\framework\system\Model.php(169): CodeIgniter\Database\BaseBuilder->get()
#3 C:\wamp64\www\bestimob\vendor\codeigniter4\framework\system\BaseModel.php(518): CodeIgniter\Model->doFind(true, 1)
#4 C:\wamp64\www\bestimob\app\Models\SysConfig.php(34): CodeIgniter\BaseModel->find(1)
#5 C:\wamp64\www\bestimob\app\Entities\SysConfig.php(41): App\Models\SysConfig->find()
#6 C:\wamp64\www\bestimob\app\Helpers\page_helper.php(9): App\Entities\SysConfig::getSharedInstance()
#7 C:\wamp64\www\bestimob\app\Views\App\Partials\head.php(24): sys_config()
#8 C:\wamp64\www\bestimob\vendor\codeigniter4\framework\system\View\View.php(220): include('C:\\wamp64\\www\\b...')
#9 C:\wamp64\www\bestimob\vendor\codeigniter4\framework\system\View\View.php(222): CodeIgniter\View\View->CodeIgniter\View\{closure}()
#10 C:\wamp64\www\bestimob\vendor\codeigniter4\framework\system\Common.php(1217): CodeIgniter\View\View->render('App/Partials/he...', Array, true)
#11 C:\wamp64\www\bestimob\app\Helpers\page_helper.php(24): view('App/Partials/he...', Array, Array)
#12 C:\wamp64\www\bestimob\app\Views\Admin\Login\header.php(13): partial_view('head')
#13 C:\wamp64\www\bestimob\vendor\codeigniter4\framework\system\View\View.php(220): include('C:\\wamp64\\www\\b...')
#14 C:\wamp64\www\bestimob\vendor\codeigniter4\framework\system\View\View.php(222): CodeIgniter\View\View->CodeIgniter\View\{closure}()
#15 C:\wamp64\www\bestimob\vendor\codeigniter4\framework\system\Common.php(1217): CodeIgniter\View\View->render('Admin/Login/hea...', Array, true)
#16 C:\wamp64\www\bestimob\app\Views\Admin\Login\index.php(1): view('Admin/Login/hea...', Array)
#17 C:\wamp64\www\bestimob\vendor\codeigniter4\framework\system\View\View.php(220): include('C:\\wamp64\\www\\b...')
#18 C:\wamp64\www\bestimob\vendor\codeigniter4\framework\system\View\View.php(222): CodeIgniter\View\View->CodeIgniter\View\{closure}()
#19 C:\wamp64\www\bestimob\vendor\codeigniter4\framework\system\Common.php(1217): CodeIgniter\View\View->render('Admin/Login/ind...', Array, true)
#20 C:\wamp64\www\bestimob\app\Controllers\Admin\Login.php(35): view('Admin/Login/ind...', Array)
#21 C:\wamp64\www\bestimob\vendor\codeigniter4\framework\system\CodeIgniter.php(936): App\Controllers\Admin\Login->index()
#22 C:\wamp64\www\bestimob\vendor\codeigniter4\framework\system\CodeIgniter.php(432): CodeIgniter\CodeIgniter->runController(Object(App\Controllers\Admin\Login))
#23 C:\wamp64\www\bestimob\vendor\codeigniter4\framework\system\CodeIgniter.php(333): CodeIgniter\CodeIgniter->handleRequest(NULL, Object(Config\Cache), false)
#24 C:\wamp64\www\bestimob\public\index.php(45): CodeIgniter\CodeIgniter->run()
#25 C:\wamp64\www\bestimob\vendor\codeigniter4\framework\system\Commands\Server\rewrite.php(45): require_once('C:\\wamp64\\www\\b...')
#26 {main}
