CRITICAL - 2020-09-30 10:55:42 --> Arquivo inválido: Admin/Invoices/index.php
#0 D:\wamp64\www\puravida\vendor\codeigniter4\framework\system\View\View.php(228): CodeIgniter\Exceptions\FrameworkException::forInvalidFile('Admin/Invoices/...')
#1 D:\wamp64\www\puravida\vendor\codeigniter4\framework\system\Common.php(1087): CodeIgniter\View\View->render('Admin/Invoices/...', Array, true)
#2 D:\wamp64\www\puravida\app\Controllers\Admin\Invoices.php(10): view('Admin/Invoices/...')
#3 D:\wamp64\www\puravida\vendor\codeigniter4\framework\system\CodeIgniter.php(914): App\Controllers\Admin\Invoices->index()
#4 D:\wamp64\www\puravida\vendor\codeigniter4\framework\system\CodeIgniter.php(400): CodeIgniter\CodeIgniter->runController(Object(App\Controllers\Admin\Invoices))
#5 D:\wamp64\www\puravida\vendor\codeigniter4\framework\system\CodeIgniter.php(308): CodeIgniter\CodeIgniter->handleRequest(NULL, Object(Config\Cache), false)
#6 D:\wamp64\www\puravida\public\index.php(45): CodeIgniter\CodeIgniter->run()
#7 D:\wamp64\www\puravida\vendor\codeigniter4\framework\system\Commands\Server\rewrite.php(34): require_once('D:\\wamp64\\www\\p...')
#8 {main}
CRITICAL - 2020-09-30 11:23:16 --> A non well formed numeric value encountered
#0 [internal function]: CodeIgniter\Debug\Exceptions->errorHandler(8, 'A non well form...', 'D:\\wamp64\\www\\p...', 55, Array)
#1 D:\wamp64\www\puravida\app\Controllers\Admin\Api\Calendar.php(55): strtotime('2020-09-01', '+1 weeek')
#2 D:\wamp64\www\puravida\app\Controllers\Admin\Api\Calendar.php(14): App\Controllers\Admin\Api\Calendar->weeks('09', '2020')
#3 D:\wamp64\www\puravida\vendor\codeigniter4\framework\system\CodeIgniter.php(914): App\Controllers\Admin\Api\Calendar->index()
#4 D:\wamp64\www\puravida\vendor\codeigniter4\framework\system\CodeIgniter.php(400): CodeIgniter\CodeIgniter->runController(Object(App\Controllers\Admin\Api\Calendar))
#5 D:\wamp64\www\puravida\vendor\codeigniter4\framework\system\CodeIgniter.php(308): CodeIgniter\CodeIgniter->handleRequest(NULL, Object(Config\Cache), false)
#6 D:\wamp64\www\puravida\public\index.php(45): CodeIgniter\CodeIgniter->run()
#7 D:\wamp64\www\puravida\vendor\codeigniter4\framework\system\Commands\Server\rewrite.php(34): require_once('D:\\wamp64\\www\\p...')
#8 {main}
CRITICAL - 2020-09-30 11:23:32 --> A non well formed numeric value encountered
#0 [internal function]: CodeIgniter\Debug\Exceptions->errorHandler(8, 'A non well form...', 'D:\\wamp64\\www\\p...', 66, Array)
#1 D:\wamp64\www\puravida\app\Controllers\Admin\Api\Calendar.php(66): strtotime('2020-09-01', '+1 weeek')
#2 D:\wamp64\www\puravida\app\Controllers\Admin\Api\Calendar.php(25): App\Controllers\Admin\Api\Calendar->weeks('09', '2020')
#3 D:\wamp64\www\puravida\vendor\codeigniter4\framework\system\CodeIgniter.php(914): App\Controllers\Admin\Api\Calendar->index()
#4 D:\wamp64\www\puravida\vendor\codeigniter4\framework\system\CodeIgniter.php(400): CodeIgniter\CodeIgniter->runController(Object(App\Controllers\Admin\Api\Calendar))
#5 D:\wamp64\www\puravida\vendor\codeigniter4\framework\system\CodeIgniter.php(308): CodeIgniter\CodeIgniter->handleRequest(NULL, Object(Config\Cache), false)
#6 D:\wamp64\www\puravida\public\index.php(45): CodeIgniter\CodeIgniter->run()
#7 D:\wamp64\www\puravida\vendor\codeigniter4\framework\system\Commands\Server\rewrite.php(34): require_once('D:\\wamp64\\www\\p...')
#8 {main}
CRITICAL - 2020-09-30 11:23:33 --> A non well formed numeric value encountered
#0 [internal function]: CodeIgniter\Debug\Exceptions->errorHandler(8, 'A non well form...', 'D:\\wamp64\\www\\p...', 66, Array)
#1 D:\wamp64\www\puravida\app\Controllers\Admin\Api\Calendar.php(66): strtotime('2020-09-01', '+1 weeek')
#2 D:\wamp64\www\puravida\app\Controllers\Admin\Api\Calendar.php(25): App\Controllers\Admin\Api\Calendar->weeks('09', '2020')
#3 D:\wamp64\www\puravida\vendor\codeigniter4\framework\system\CodeIgniter.php(914): App\Controllers\Admin\Api\Calendar->index()
#4 D:\wamp64\www\puravida\vendor\codeigniter4\framework\system\CodeIgniter.php(400): CodeIgniter\CodeIgniter->runController(Object(App\Controllers\Admin\Api\Calendar))
#5 D:\wamp64\www\puravida\vendor\codeigniter4\framework\system\CodeIgniter.php(308): CodeIgniter\CodeIgniter->handleRequest(NULL, Object(Config\Cache), false)
#6 D:\wamp64\www\puravida\public\index.php(45): CodeIgniter\CodeIgniter->run()
#7 D:\wamp64\www\puravida\vendor\codeigniter4\framework\system\Commands\Server\rewrite.php(34): require_once('D:\\wamp64\\www\\p...')
#8 {main}
CRITICAL - 2020-09-30 11:23:46 --> A non well formed numeric value encountered
#0 [internal function]: CodeIgniter\Debug\Exceptions->errorHandler(8, 'A non well form...', 'D:\\wamp64\\www\\p...', 66, Array)
#1 D:\wamp64\www\puravida\app\Controllers\Admin\Api\Calendar.php(66): strtotime('2020-09-01', '+1 week')
#2 D:\wamp64\www\puravida\app\Controllers\Admin\Api\Calendar.php(25): App\Controllers\Admin\Api\Calendar->weeks('09', '2020')
#3 D:\wamp64\www\puravida\vendor\codeigniter4\framework\system\CodeIgniter.php(914): App\Controllers\Admin\Api\Calendar->index()
#4 D:\wamp64\www\puravida\vendor\codeigniter4\framework\system\CodeIgniter.php(400): CodeIgniter\CodeIgniter->runController(Object(App\Controllers\Admin\Api\Calendar))
#5 D:\wamp64\www\puravida\vendor\codeigniter4\framework\system\CodeIgniter.php(308): CodeIgniter\CodeIgniter->handleRequest(NULL, Object(Config\Cache), false)
#6 D:\wamp64\www\puravida\public\index.php(45): CodeIgniter\CodeIgniter->run()
#7 D:\wamp64\www\puravida\vendor\codeigniter4\framework\system\Commands\Server\rewrite.php(34): require_once('D:\\wamp64\\www\\p...')
#8 {main}
CRITICAL - 2020-09-30 11:23:48 --> A non well formed numeric value encountered
#0 [internal function]: CodeIgniter\Debug\Exceptions->errorHandler(8, 'A non well form...', 'D:\\wamp64\\www\\p...', 66, Array)
#1 D:\wamp64\www\puravida\app\Controllers\Admin\Api\Calendar.php(66): strtotime('2020-09-01', '+1 week')
#2 D:\wamp64\www\puravida\app\Controllers\Admin\Api\Calendar.php(25): App\Controllers\Admin\Api\Calendar->weeks('09', '2020')
#3 D:\wamp64\www\puravida\vendor\codeigniter4\framework\system\CodeIgniter.php(914): App\Controllers\Admin\Api\Calendar->index()
#4 D:\wamp64\www\puravida\vendor\codeigniter4\framework\system\CodeIgniter.php(400): CodeIgniter\CodeIgniter->runController(Object(App\Controllers\Admin\Api\Calendar))
#5 D:\wamp64\www\puravida\vendor\codeigniter4\framework\system\CodeIgniter.php(308): CodeIgniter\CodeIgniter->handleRequest(NULL, Object(Config\Cache), false)
#6 D:\wamp64\www\puravida\public\index.php(45): CodeIgniter\CodeIgniter->run()
#7 D:\wamp64\www\puravida\vendor\codeigniter4\framework\system\Commands\Server\rewrite.php(34): require_once('D:\\wamp64\\www\\p...')
#8 {main}
CRITICAL - 2020-09-30 11:24:15 --> A non well formed numeric value encountered
#0 [internal function]: CodeIgniter\Debug\Exceptions->errorHandler(8, 'A non well form...', 'D:\\wamp64\\www\\p...', 66, Array)
#1 D:\wamp64\www\puravida\app\Controllers\Admin\Api\Calendar.php(66): strtotime('2020-09-01', '+1 week')
#2 D:\wamp64\www\puravida\app\Controllers\Admin\Api\Calendar.php(25): App\Controllers\Admin\Api\Calendar->weeks('09', '2020')
#3 D:\wamp64\www\puravida\vendor\codeigniter4\framework\system\CodeIgniter.php(914): App\Controllers\Admin\Api\Calendar->index()
#4 D:\wamp64\www\puravida\vendor\codeigniter4\framework\system\CodeIgniter.php(400): CodeIgniter\CodeIgniter->runController(Object(App\Controllers\Admin\Api\Calendar))
#5 D:\wamp64\www\puravida\vendor\codeigniter4\framework\system\CodeIgniter.php(308): CodeIgniter\CodeIgniter->handleRequest(NULL, Object(Config\Cache), false)
#6 D:\wamp64\www\puravida\public\index.php(45): CodeIgniter\CodeIgniter->run()
#7 D:\wamp64\www\puravida\vendor\codeigniter4\framework\system\Commands\Server\rewrite.php(34): require_once('D:\\wamp64\\www\\p...')
#8 {main}
CRITICAL - 2020-09-30 11:48:03 --> A non well formed numeric value encountered
#0 [internal function]: CodeIgniter\Debug\Exceptions->errorHandler(8, 'A non well form...', 'D:\\wamp64\\www\\p...', 48, Array)
#1 D:\wamp64\www\puravida\app\Views\Admin\Invoices\index.php(48): date('W', '-1 week')
#2 D:\wamp64\www\puravida\vendor\codeigniter4\framework\system\View\View.php(246): include('D:\\wamp64\\www\\p...')
#3 D:\wamp64\www\puravida\vendor\codeigniter4\framework\system\Common.php(1087): CodeIgniter\View\View->render('Admin/Invoices/...', Array, true)
#4 D:\wamp64\www\puravida\app\Controllers\Admin\Invoices.php(10): view('Admin/Invoices/...')
#5 D:\wamp64\www\puravida\vendor\codeigniter4\framework\system\CodeIgniter.php(914): App\Controllers\Admin\Invoices->index()
#6 D:\wamp64\www\puravida\vendor\codeigniter4\framework\system\CodeIgniter.php(400): CodeIgniter\CodeIgniter->runController(Object(App\Controllers\Admin\Invoices))
#7 D:\wamp64\www\puravida\vendor\codeigniter4\framework\system\CodeIgniter.php(308): CodeIgniter\CodeIgniter->handleRequest(NULL, Object(Config\Cache), false)
#8 D:\wamp64\www\puravida\public\index.php(45): CodeIgniter\CodeIgniter->run()
#9 D:\wamp64\www\puravida\vendor\codeigniter4\framework\system\Commands\Server\rewrite.php(34): require_once('D:\\wamp64\\www\\p...')
#10 {main}
CRITICAL - 2020-09-30 11:53:47 --> A non well formed numeric value encountered
#0 [internal function]: CodeIgniter\Debug\Exceptions->errorHandler(8, 'A non well form...', 'D:\\wamp64\\www\\p...', 48, Array)
#1 D:\wamp64\www\puravida\app\Views\Admin\Invoices\index.php(48): strtotime('2020-09-28', '-6 days')
#2 D:\wamp64\www\puravida\vendor\codeigniter4\framework\system\View\View.php(246): include('D:\\wamp64\\www\\p...')
#3 D:\wamp64\www\puravida\vendor\codeigniter4\framework\system\Common.php(1087): CodeIgniter\View\View->render('Admin/Invoices/...', Array, true)
#4 D:\wamp64\www\puravida\app\Controllers\Admin\Invoices.php(10): view('Admin/Invoices/...')
#5 D:\wamp64\www\puravida\vendor\codeigniter4\framework\system\CodeIgniter.php(914): App\Controllers\Admin\Invoices->index()
#6 D:\wamp64\www\puravida\vendor\codeigniter4\framework\system\CodeIgniter.php(400): CodeIgniter\CodeIgniter->runController(Object(App\Controllers\Admin\Invoices))
#7 D:\wamp64\www\puravida\vendor\codeigniter4\framework\system\CodeIgniter.php(308): CodeIgniter\CodeIgniter->handleRequest(NULL, Object(Config\Cache), false)
#8 D:\wamp64\www\puravida\public\index.php(45): CodeIgniter\CodeIgniter->run()
#9 D:\wamp64\www\puravida\vendor\codeigniter4\framework\system\Commands\Server\rewrite.php(34): require_once('D:\\wamp64\\www\\p...')
#10 {main}
CRITICAL - 2020-09-30 15:53:33 --> Undefined index: sys_product_category_id
#0 D:\wamp64\www\puravida\app\Views\Admin\Invoices\print.php(30): CodeIgniter\Debug\Exceptions->errorHandler(8, 'Undefined index...', 'D:\\wamp64\\www\\p...', 30, Array)
#1 D:\wamp64\www\puravida\vendor\codeigniter4\framework\system\View\View.php(246): include('D:\\wamp64\\www\\p...')
#2 D:\wamp64\www\puravida\vendor\codeigniter4\framework\system\Common.php(1087): CodeIgniter\View\View->render('Admin/Invoices/...', Array, true)
#3 D:\wamp64\www\puravida\app\Controllers\Admin\Invoices.php(57): view('Admin/Invoices/...', Array)
#4 D:\wamp64\www\puravida\vendor\codeigniter4\framework\system\CodeIgniter.php(914): App\Controllers\Admin\Invoices->print('38')
#5 D:\wamp64\www\puravida\vendor\codeigniter4\framework\system\CodeIgniter.php(400): CodeIgniter\CodeIgniter->runController(Object(App\Controllers\Admin\Invoices))
#6 D:\wamp64\www\puravida\vendor\codeigniter4\framework\system\CodeIgniter.php(308): CodeIgniter\CodeIgniter->handleRequest(NULL, Object(Config\Cache), false)
#7 D:\wamp64\www\puravida\public\index.php(45): CodeIgniter\CodeIgniter->run()
#8 D:\wamp64\www\puravida\vendor\codeigniter4\framework\system\Commands\Server\rewrite.php(34): require_once('D:\\wamp64\\www\\p...')
#9 {main}
CRITICAL - 2020-09-30 16:12:57 --> Undefined index: subtotal
#0 D:\wamp64\www\puravida\app\Views\Admin\Invoices\print.php(47): CodeIgniter\Debug\Exceptions->errorHandler(8, 'Undefined index...', 'D:\\wamp64\\www\\p...', 47, Array)
#1 D:\wamp64\www\puravida\vendor\codeigniter4\framework\system\View\View.php(246): include('D:\\wamp64\\www\\p...')
#2 D:\wamp64\www\puravida\vendor\codeigniter4\framework\system\Common.php(1087): CodeIgniter\View\View->render('Admin/Invoices/...', Array, true)
#3 D:\wamp64\www\puravida\app\Controllers\Admin\Invoices.php(57): view('Admin/Invoices/...', Array)
#4 D:\wamp64\www\puravida\vendor\codeigniter4\framework\system\CodeIgniter.php(914): App\Controllers\Admin\Invoices->print('38')
#5 D:\wamp64\www\puravida\vendor\codeigniter4\framework\system\CodeIgniter.php(400): CodeIgniter\CodeIgniter->runController(Object(App\Controllers\Admin\Invoices))
#6 D:\wamp64\www\puravida\vendor\codeigniter4\framework\system\CodeIgniter.php(308): CodeIgniter\CodeIgniter->handleRequest(NULL, Object(Config\Cache), false)
#7 D:\wamp64\www\puravida\public\index.php(45): CodeIgniter\CodeIgniter->run()
#8 D:\wamp64\www\puravida\vendor\codeigniter4\framework\system\Commands\Server\rewrite.php(34): require_once('D:\\wamp64\\www\\p...')
#9 {main}
