CRITICAL - 2021-03-17 11:54:49 --> Unknown column 'sys_city_id' in 'having clause'
#0 C:\wamp64\www\bestimob\vendor\codeigniter4\framework\system\Database\MySQLi\Connection.php(314): mysqli->query('SELECT COUNT(*)...')
#1 C:\wamp64\www\bestimob\vendor\codeigniter4\framework\system\Database\BaseConnection.php(713): CodeIgniter\Database\MySQLi\Connection->execute('SELECT COUNT(*)...')
#2 C:\wamp64\www\bestimob\vendor\codeigniter4\framework\system\Database\BaseConnection.php(641): CodeIgniter\Database\BaseConnection->simpleQuery('SELECT COUNT(*)...')
#3 C:\wamp64\www\bestimob\vendor\codeigniter4\framework\system\Database\BaseBuilder.php(1966): CodeIgniter\Database\BaseConnection->query('SELECT COUNT(*)...', Array, false)
#4 C:\wamp64\www\bestimob\vendor\codeigniter4\framework\system\Model.php(570): CodeIgniter\Database\BaseBuilder->countAllResults(true)
#5 C:\wamp64\www\bestimob\app\Controllers\Admin\Api\Imoveis.php(72): CodeIgniter\Model->countAllResults()
#6 C:\wamp64\www\bestimob\vendor\codeigniter4\framework\system\CodeIgniter.php(936): App\Controllers\Admin\Api\Imoveis->index()
#7 C:\wamp64\www\bestimob\vendor\codeigniter4\framework\system\CodeIgniter.php(432): CodeIgniter\CodeIgniter->runController(Object(App\Controllers\Admin\Api\Imoveis))
#8 C:\wamp64\www\bestimob\vendor\codeigniter4\framework\system\CodeIgniter.php(333): CodeIgniter\CodeIgniter->handleRequest(NULL, Object(Config\Cache), false)
#9 C:\wamp64\www\bestimob\public\index.php(45): CodeIgniter\CodeIgniter->run()
#10 C:\wamp64\www\bestimob\vendor\codeigniter4\framework\system\Commands\Server\rewrite.php(45): require_once('C:\\wamp64\\www\\b...')
#11 {main}
CRITICAL - 2021-03-17 11:56:24 --> Unknown column 'sys_city_id' in 'having clause'
#0 C:\wamp64\www\bestimob\vendor\codeigniter4\framework\system\Database\MySQLi\Connection.php(314): mysqli->query('SELECT COUNT(*)...')
#1 C:\wamp64\www\bestimob\vendor\codeigniter4\framework\system\Database\BaseConnection.php(713): CodeIgniter\Database\MySQLi\Connection->execute('SELECT COUNT(*)...')
#2 C:\wamp64\www\bestimob\vendor\codeigniter4\framework\system\Database\BaseConnection.php(641): CodeIgniter\Database\BaseConnection->simpleQuery('SELECT COUNT(*)...')
#3 C:\wamp64\www\bestimob\vendor\codeigniter4\framework\system\Database\BaseBuilder.php(1966): CodeIgniter\Database\BaseConnection->query('SELECT COUNT(*)...', Array, false)
#4 C:\wamp64\www\bestimob\vendor\codeigniter4\framework\system\Model.php(570): CodeIgniter\Database\BaseBuilder->countAllResults(true)
#5 C:\wamp64\www\bestimob\app\Controllers\Admin\Api\Imoveis.php(72): CodeIgniter\Model->countAllResults()
#6 C:\wamp64\www\bestimob\vendor\codeigniter4\framework\system\CodeIgniter.php(936): App\Controllers\Admin\Api\Imoveis->index()
#7 C:\wamp64\www\bestimob\vendor\codeigniter4\framework\system\CodeIgniter.php(432): CodeIgniter\CodeIgniter->runController(Object(App\Controllers\Admin\Api\Imoveis))
#8 C:\wamp64\www\bestimob\vendor\codeigniter4\framework\system\CodeIgniter.php(333): CodeIgniter\CodeIgniter->handleRequest(NULL, Object(Config\Cache), false)
#9 C:\wamp64\www\bestimob\public\index.php(45): CodeIgniter\CodeIgniter->run()
#10 C:\wamp64\www\bestimob\vendor\codeigniter4\framework\system\Commands\Server\rewrite.php(45): require_once('C:\\wamp64\\www\\b...')
#11 {main}
CRITICAL - 2021-03-17 11:59:20 --> Unknown column 'sys_city_id' in 'having clause'
#0 C:\wamp64\www\bestimob\vendor\codeigniter4\framework\system\Database\MySQLi\Connection.php(314): mysqli->query('SELECT COUNT(*)...')
#1 C:\wamp64\www\bestimob\vendor\codeigniter4\framework\system\Database\BaseConnection.php(713): CodeIgniter\Database\MySQLi\Connection->execute('SELECT COUNT(*)...')
#2 C:\wamp64\www\bestimob\vendor\codeigniter4\framework\system\Database\BaseConnection.php(641): CodeIgniter\Database\BaseConnection->simpleQuery('SELECT COUNT(*)...')
#3 C:\wamp64\www\bestimob\vendor\codeigniter4\framework\system\Database\BaseBuilder.php(1966): CodeIgniter\Database\BaseConnection->query('SELECT COUNT(*)...', Array, false)
#4 C:\wamp64\www\bestimob\vendor\codeigniter4\framework\system\Model.php(570): CodeIgniter\Database\BaseBuilder->countAllResults(true)
#5 C:\wamp64\www\bestimob\app\Controllers\Admin\Api\Imoveis.php(73): CodeIgniter\Model->countAllResults()
#6 C:\wamp64\www\bestimob\vendor\codeigniter4\framework\system\CodeIgniter.php(936): App\Controllers\Admin\Api\Imoveis->index()
#7 C:\wamp64\www\bestimob\vendor\codeigniter4\framework\system\CodeIgniter.php(432): CodeIgniter\CodeIgniter->runController(Object(App\Controllers\Admin\Api\Imoveis))
#8 C:\wamp64\www\bestimob\vendor\codeigniter4\framework\system\CodeIgniter.php(333): CodeIgniter\CodeIgniter->handleRequest(NULL, Object(Config\Cache), false)
#9 C:\wamp64\www\bestimob\public\index.php(45): CodeIgniter\CodeIgniter->run()
#10 C:\wamp64\www\bestimob\vendor\codeigniter4\framework\system\Commands\Server\rewrite.php(45): require_once('C:\\wamp64\\www\\b...')
#11 {main}
