CRITICAL - 2020-06-08 12:36:22 --> Undefined index: id
#0 D:\wamp64\www\minutoadv2\app\Entities\SysPage.php(50): CodeIgniter\Debug\Exceptions->errorHandler(8, 'Undefined index...', 'D:\\wamp64\\www\\m...', 50, Array)
#1 D:\wamp64\www\minutoadv2\vendor\codeigniter4\framework\system\Entity.php(300): App\Entities\SysPage->getVariables()
#2 D:\wamp64\www\minutoadv2\app\Views\HowItWorks\client.php(10): CodeIgniter\Entity->__get('variables')
#3 D:\wamp64\www\minutoadv2\vendor\codeigniter4\framework\system\View\View.php(236): include('D:\\wamp64\\www\\m...')
#4 D:\wamp64\www\minutoadv2\vendor\codeigniter4\framework\system\Common.php(1071): CodeIgniter\View\View->render('HowItWorks/clie...', Array, true)
#5 D:\wamp64\www\minutoadv2\app\Controllers\HowItWorks.php(28): view('HowItWorks/clie...', Array)
#6 D:\wamp64\www\minutoadv2\vendor\codeigniter4\framework\system\CodeIgniter.php(910): App\Controllers\HowItWorks->client()
#7 D:\wamp64\www\minutoadv2\vendor\codeigniter4\framework\system\CodeIgniter.php(398): CodeIgniter\CodeIgniter->runController(Object(App\Controllers\HowItWorks))
#8 D:\wamp64\www\minutoadv2\vendor\codeigniter4\framework\system\CodeIgniter.php(306): CodeIgniter\CodeIgniter->handleRequest(NULL, Object(Config\Cache), false)
#9 D:\wamp64\www\minutoadv2\public\index.php(45): CodeIgniter\CodeIgniter->run()
#10 D:\wamp64\www\minutoadv2\vendor\codeigniter4\framework\system\Commands\Server\rewrite.php(34): require_once('D:\\wamp64\\www\\m...')
#11 {main}
CRITICAL - 2020-06-08 12:45:57 --> Undefined index: id
#0 D:\wamp64\www\minutoadv2\app\Entities\SysPage.php(50): CodeIgniter\Debug\Exceptions->errorHandler(8, 'Undefined index...', 'D:\\wamp64\\www\\m...', 50, Array)
#1 D:\wamp64\www\minutoadv2\vendor\codeigniter4\framework\system\Entity.php(300): App\Entities\SysPage->getVariables()
#2 D:\wamp64\www\minutoadv2\app\Views\Admin\Pages\edit\content.php(10): CodeIgniter\Entity->__get('variables')
#3 D:\wamp64\www\minutoadv2\vendor\codeigniter4\framework\system\View\View.php(236): include('D:\\wamp64\\www\\m...')
#4 D:\wamp64\www\minutoadv2\vendor\codeigniter4\framework\system\Common.php(1071): CodeIgniter\View\View->render('Admin/Pages/edi...', Array, true)
#5 D:\wamp64\www\minutoadv2\app\Views\Admin\Pages\edit.php(78): view('Admin/Pages/edi...', Array)
#6 D:\wamp64\www\minutoadv2\vendor\codeigniter4\framework\system\View\View.php(236): include('D:\\wamp64\\www\\m...')
#7 D:\wamp64\www\minutoadv2\vendor\codeigniter4\framework\system\Common.php(1071): CodeIgniter\View\View->render('Admin/Pages/edi...', Array, true)
#8 D:\wamp64\www\minutoadv2\app\Controllers\Admin\Pages.php(70): view('Admin/Pages/edi...', Array)
#9 D:\wamp64\www\minutoadv2\vendor\codeigniter4\framework\system\CodeIgniter.php(910): App\Controllers\Admin\Pages->edit('como-funciona-p...')
#10 D:\wamp64\www\minutoadv2\vendor\codeigniter4\framework\system\CodeIgniter.php(398): CodeIgniter\CodeIgniter->runController(Object(App\Controllers\Admin\Pages))
#11 D:\wamp64\www\minutoadv2\vendor\codeigniter4\framework\system\CodeIgniter.php(306): CodeIgniter\CodeIgniter->handleRequest(NULL, Object(Config\Cache), false)
#12 D:\wamp64\www\minutoadv2\public\index.php(45): CodeIgniter\CodeIgniter->run()
#13 D:\wamp64\www\minutoadv2\vendor\codeigniter4\framework\system\Commands\Server\rewrite.php(34): require_once('D:\\wamp64\\www\\m...')
#14 {main}
CRITICAL - 2020-06-08 12:47:52 --> Undefined index: id
#0 D:\wamp64\www\minutoadv2\app\Entities\SysPage.php(50): CodeIgniter\Debug\Exceptions->errorHandler(8, 'Undefined index...', 'D:\\wamp64\\www\\m...', 50, Array)
#1 D:\wamp64\www\minutoadv2\vendor\codeigniter4\framework\system\Entity.php(300): App\Entities\SysPage->getVariables()
#2 D:\wamp64\www\minutoadv2\app\Views\Admin\Pages\edit\content.php(10): CodeIgniter\Entity->__get('variables')
#3 D:\wamp64\www\minutoadv2\vendor\codeigniter4\framework\system\View\View.php(236): include('D:\\wamp64\\www\\m...')
#4 D:\wamp64\www\minutoadv2\vendor\codeigniter4\framework\system\Common.php(1071): CodeIgniter\View\View->render('Admin/Pages/edi...', Array, true)
#5 D:\wamp64\www\minutoadv2\app\Views\Admin\Pages\edit.php(78): view('Admin/Pages/edi...', Array)
#6 D:\wamp64\www\minutoadv2\vendor\codeigniter4\framework\system\View\View.php(236): include('D:\\wamp64\\www\\m...')
#7 D:\wamp64\www\minutoadv2\vendor\codeigniter4\framework\system\Common.php(1071): CodeIgniter\View\View->render('Admin/Pages/edi...', Array, true)
#8 D:\wamp64\www\minutoadv2\app\Controllers\Admin\Pages.php(70): view('Admin/Pages/edi...', Array)
#9 D:\wamp64\www\minutoadv2\vendor\codeigniter4\framework\system\CodeIgniter.php(910): App\Controllers\Admin\Pages->edit('admin\\pagina', 'como-funciona', 'para-advogados')
#10 D:\wamp64\www\minutoadv2\vendor\codeigniter4\framework\system\CodeIgniter.php(398): CodeIgniter\CodeIgniter->runController(Object(App\Controllers\Admin\Pages))
#11 D:\wamp64\www\minutoadv2\vendor\codeigniter4\framework\system\CodeIgniter.php(306): CodeIgniter\CodeIgniter->handleRequest(NULL, Object(Config\Cache), false)
#12 D:\wamp64\www\minutoadv2\public\index.php(45): CodeIgniter\CodeIgniter->run()
#13 D:\wamp64\www\minutoadv2\vendor\codeigniter4\framework\system\Commands\Server\rewrite.php(34): require_once('D:\\wamp64\\www\\m...')
#14 {main}
CRITICAL - 2020-06-08 12:51:47 --> Too few arguments to function App\Controllers\Admin\Pages::edit(), 0 passed in D:\wamp64\www\minutoadv2\vendor\codeigniter4\framework\system\CodeIgniter.php on line 910 and exactly 1 expected
#0 D:\wamp64\www\minutoadv2\vendor\codeigniter4\framework\system\CodeIgniter.php(910): App\Controllers\Admin\Pages->edit()
#1 D:\wamp64\www\minutoadv2\vendor\codeigniter4\framework\system\CodeIgniter.php(398): CodeIgniter\CodeIgniter->runController(Object(App\Controllers\Admin\Pages))
#2 D:\wamp64\www\minutoadv2\vendor\codeigniter4\framework\system\CodeIgniter.php(306): CodeIgniter\CodeIgniter->handleRequest(NULL, Object(Config\Cache), false)
#3 D:\wamp64\www\minutoadv2\public\index.php(45): CodeIgniter\CodeIgniter->run()
#4 D:\wamp64\www\minutoadv2\vendor\codeigniter4\framework\system\Commands\Server\rewrite.php(34): require_once('D:\\wamp64\\www\\m...')
#5 {main}
CRITICAL - 2020-06-08 12:58:45 --> CodeIgniter\CodeIgniter::main(): Failed opening required 'D:\wamp64\www\minutoadv2\app\Routes\Pages.php' (include_path='.;C:\php\pear')
#0 [internal function]: CodeIgniter\Debug\Exceptions->shutdownHandler()
#1 {main}
CRITICAL - 2020-06-08 12:58:45 --> CodeIgniter\CodeIgniter::main(): Failed opening required 'D:\wamp64\www\minutoadv2\app\Routes\Pages.php' (include_path='.;C:\php\pear')
#0 [internal function]: CodeIgniter\Debug\Exceptions->shutdownHandler()
#1 {main}
CRITICAL - 2020-06-08 12:58:58 --> array_merge(): Expected parameter 2 to be an array, int given
#0 [internal function]: CodeIgniter\Debug\Exceptions->errorHandler(2, 'array_merge(): ...', 'D:\\wamp64\\www\\m...', 12, Array)
#1 D:\wamp64\www\minutoadv2\app\Routes\Routes.php(12): array_merge(Array, 1)
#2 D:\wamp64\www\minutoadv2\app\Config\Routes.php(130): require('D:\\wamp64\\www\\m...')
#3 D:\wamp64\www\minutoadv2\vendor\codeigniter4\framework\system\CodeIgniter.php(772): require('D:\\wamp64\\www\\m...')
#4 D:\wamp64\www\minutoadv2\vendor\codeigniter4\framework\system\CodeIgniter.php(358): CodeIgniter\CodeIgniter->tryToRouteIt(Object(CodeIgniter\Router\RouteCollection))
#5 D:\wamp64\www\minutoadv2\vendor\codeigniter4\framework\system\CodeIgniter.php(306): CodeIgniter\CodeIgniter->handleRequest(NULL, Object(Config\Cache), false)
#6 D:\wamp64\www\minutoadv2\public\index.php(45): CodeIgniter\CodeIgniter->run()
#7 D:\wamp64\www\minutoadv2\vendor\codeigniter4\framework\system\Commands\Server\rewrite.php(34): require_once('D:\\wamp64\\www\\m...')
#8 {main}
CRITICAL - 2020-06-08 12:58:58 --> array_merge(): Expected parameter 2 to be an array, int given
#0 [internal function]: CodeIgniter\Debug\Exceptions->errorHandler(2, 'array_merge(): ...', 'D:\\wamp64\\www\\m...', 12, Array)
#1 D:\wamp64\www\minutoadv2\app\Routes\Routes.php(12): array_merge(Array, 1)
#2 D:\wamp64\www\minutoadv2\app\Config\Routes.php(130): require('D:\\wamp64\\www\\m...')
#3 D:\wamp64\www\minutoadv2\vendor\codeigniter4\framework\system\CodeIgniter.php(772): require('D:\\wamp64\\www\\m...')
#4 D:\wamp64\www\minutoadv2\vendor\codeigniter4\framework\system\CodeIgniter.php(358): CodeIgniter\CodeIgniter->tryToRouteIt(Object(CodeIgniter\Router\RouteCollection))
#5 D:\wamp64\www\minutoadv2\vendor\codeigniter4\framework\system\CodeIgniter.php(306): CodeIgniter\CodeIgniter->handleRequest(NULL, Object(Config\Cache), false)
#6 D:\wamp64\www\minutoadv2\public\index.php(45): CodeIgniter\CodeIgniter->run()
#7 D:\wamp64\www\minutoadv2\vendor\codeigniter4\framework\system\Commands\Server\rewrite.php(34): require_once('D:\\wamp64\\www\\m...')
#8 {main}
CRITICAL - 2020-06-08 12:59:27 --> array_merge(): Expected parameter 2 to be an array, int given
#0 [internal function]: CodeIgniter\Debug\Exceptions->errorHandler(2, 'array_merge(): ...', 'D:\\wamp64\\www\\m...', 12, Array)
#1 D:\wamp64\www\minutoadv2\app\Routes\Routes.php(12): array_merge(Array, 1)
#2 D:\wamp64\www\minutoadv2\app\Config\Routes.php(130): require('D:\\wamp64\\www\\m...')
#3 D:\wamp64\www\minutoadv2\vendor\codeigniter4\framework\system\CodeIgniter.php(772): require('D:\\wamp64\\www\\m...')
#4 D:\wamp64\www\minutoadv2\vendor\codeigniter4\framework\system\CodeIgniter.php(358): CodeIgniter\CodeIgniter->tryToRouteIt(Object(CodeIgniter\Router\RouteCollection))
#5 D:\wamp64\www\minutoadv2\vendor\codeigniter4\framework\system\CodeIgniter.php(306): CodeIgniter\CodeIgniter->handleRequest(NULL, Object(Config\Cache), false)
#6 D:\wamp64\www\minutoadv2\public\index.php(45): CodeIgniter\CodeIgniter->run()
#7 D:\wamp64\www\minutoadv2\vendor\codeigniter4\framework\system\Commands\Server\rewrite.php(34): require_once('D:\\wamp64\\www\\m...')
#8 {main}
CRITICAL - 2020-06-08 12:59:27 --> array_merge(): Expected parameter 2 to be an array, int given
#0 [internal function]: CodeIgniter\Debug\Exceptions->errorHandler(2, 'array_merge(): ...', 'D:\\wamp64\\www\\m...', 12, Array)
#1 D:\wamp64\www\minutoadv2\app\Routes\Routes.php(12): array_merge(Array, 1)
#2 D:\wamp64\www\minutoadv2\app\Config\Routes.php(130): require('D:\\wamp64\\www\\m...')
#3 D:\wamp64\www\minutoadv2\vendor\codeigniter4\framework\system\CodeIgniter.php(772): require('D:\\wamp64\\www\\m...')
#4 D:\wamp64\www\minutoadv2\vendor\codeigniter4\framework\system\CodeIgniter.php(358): CodeIgniter\CodeIgniter->tryToRouteIt(Object(CodeIgniter\Router\RouteCollection))
#5 D:\wamp64\www\minutoadv2\vendor\codeigniter4\framework\system\CodeIgniter.php(306): CodeIgniter\CodeIgniter->handleRequest(NULL, Object(Config\Cache), false)
#6 D:\wamp64\www\minutoadv2\public\index.php(45): CodeIgniter\CodeIgniter->run()
#7 D:\wamp64\www\minutoadv2\vendor\codeigniter4\framework\system\Commands\Server\rewrite.php(34): require_once('D:\\wamp64\\www\\m...')
#8 {main}
CRITICAL - 2020-06-08 13:07:27 --> Undefined index: titulo
#0 D:\wamp64\www\minutoadv2\app\Views\HowItWorks\lawyer.php(10): CodeIgniter\Debug\Exceptions->errorHandler(8, 'Undefined index...', 'D:\\wamp64\\www\\m...', 10, Array)
#1 D:\wamp64\www\minutoadv2\vendor\codeigniter4\framework\system\View\View.php(236): include('D:\\wamp64\\www\\m...')
#2 D:\wamp64\www\minutoadv2\vendor\codeigniter4\framework\system\Common.php(1071): CodeIgniter\View\View->render('HowItWorks/lawy...', Array, true)
#3 D:\wamp64\www\minutoadv2\app\Controllers\HowItWorks.php(21): view('HowItWorks/lawy...', Array)
#4 D:\wamp64\www\minutoadv2\vendor\codeigniter4\framework\system\CodeIgniter.php(910): App\Controllers\HowItWorks->lawyer()
#5 D:\wamp64\www\minutoadv2\vendor\codeigniter4\framework\system\CodeIgniter.php(398): CodeIgniter\CodeIgniter->runController(Object(App\Controllers\HowItWorks))
#6 D:\wamp64\www\minutoadv2\vendor\codeigniter4\framework\system\CodeIgniter.php(306): CodeIgniter\CodeIgniter->handleRequest(NULL, Object(Config\Cache), false)
#7 D:\wamp64\www\minutoadv2\public\index.php(45): CodeIgniter\CodeIgniter->run()
#8 D:\wamp64\www\minutoadv2\vendor\codeigniter4\framework\system\Commands\Server\rewrite.php(34): require_once('D:\\wamp64\\www\\m...')
#9 {main}
