CRITICAL - 2020-04-06 14:47:16 --> compact(): Undefined variable: page
#0 [internal function]: CodeIgniter\Debug\Exceptions->errorHandler(8, 'compact(): Unde...', 'D:\\wamp64\\www\\m...', 15, Array)
#1 D:\wamp64\www\minutoadv2\app\Views\Partials\header.php(15): compact(Array)
#2 D:\wamp64\www\minutoadv2\vendor\codeigniter4\framework\system\View\View.php(236): include('D:\\wamp64\\www\\m...')
#3 D:\wamp64\www\minutoadv2\vendor\codeigniter4\framework\system\Common.php(1071): CodeIgniter\View\View->render('Partials/header', Array, true)
#4 D:\wamp64\www\minutoadv2\app\Helpers\page_helper.php(24): view('Partials/header', Array, Array)
#5 D:\wamp64\www\minutoadv2\app\Views\Home\index.php(1): partial_view('header')
#6 D:\wamp64\www\minutoadv2\vendor\codeigniter4\framework\system\View\View.php(236): include('D:\\wamp64\\www\\m...')
#7 D:\wamp64\www\minutoadv2\vendor\codeigniter4\framework\system\Common.php(1071): CodeIgniter\View\View->render('Home/index', Array, true)
#8 D:\wamp64\www\minutoadv2\app\Controllers\Home.php(13): view('Home/index')
#9 D:\wamp64\www\minutoadv2\vendor\codeigniter4\framework\system\CodeIgniter.php(910): App\Controllers\Home->index()
#10 D:\wamp64\www\minutoadv2\vendor\codeigniter4\framework\system\CodeIgniter.php(398): CodeIgniter\CodeIgniter->runController(Object(App\Controllers\Home))
#11 D:\wamp64\www\minutoadv2\vendor\codeigniter4\framework\system\CodeIgniter.php(306): CodeIgniter\CodeIgniter->handleRequest(NULL, Object(Config\Cache), false)
#12 D:\wamp64\www\minutoadv2\public\index.php(45): CodeIgniter\CodeIgniter->run()
#13 D:\wamp64\www\minutoadv2\vendor\codeigniter4\framework\system\Commands\Server\rewrite.php(34): require_once('D:\\wamp64\\www\\m...')
#14 {main}
CRITICAL - 2020-04-06 14:47:16 --> compact(): Undefined variable: page
#0 [internal function]: CodeIgniter\Debug\Exceptions->errorHandler(8, 'compact(): Unde...', 'D:\\wamp64\\www\\m...', 15, Array)
#1 D:\wamp64\www\minutoadv2\app\Views\Partials\header.php(15): compact(Array)
#2 D:\wamp64\www\minutoadv2\vendor\codeigniter4\framework\system\View\View.php(236): include('D:\\wamp64\\www\\m...')
#3 D:\wamp64\www\minutoadv2\vendor\codeigniter4\framework\system\Common.php(1071): CodeIgniter\View\View->render('Partials/header', Array, true)
#4 D:\wamp64\www\minutoadv2\app\Helpers\page_helper.php(24): view('Partials/header', Array, Array)
#5 D:\wamp64\www\minutoadv2\app\Views\Home\index.php(1): partial_view('header')
#6 D:\wamp64\www\minutoadv2\vendor\codeigniter4\framework\system\View\View.php(236): include('D:\\wamp64\\www\\m...')
#7 D:\wamp64\www\minutoadv2\vendor\codeigniter4\framework\system\Common.php(1071): CodeIgniter\View\View->render('Home/index', Array, true)
#8 D:\wamp64\www\minutoadv2\app\Controllers\Home.php(13): view('Home/index')
#9 D:\wamp64\www\minutoadv2\vendor\codeigniter4\framework\system\CodeIgniter.php(910): App\Controllers\Home->index()
#10 D:\wamp64\www\minutoadv2\vendor\codeigniter4\framework\system\CodeIgniter.php(398): CodeIgniter\CodeIgniter->runController(Object(App\Controllers\Home))
#11 D:\wamp64\www\minutoadv2\vendor\codeigniter4\framework\system\CodeIgniter.php(306): CodeIgniter\CodeIgniter->handleRequest(NULL, Object(Config\Cache), false)
#12 D:\wamp64\www\minutoadv2\public\index.php(45): CodeIgniter\CodeIgniter->run()
#13 D:\wamp64\www\minutoadv2\vendor\codeigniter4\framework\system\Commands\Server\rewrite.php(34): require_once('D:\\wamp64\\www\\m...')
#14 {main}
CRITICAL - 2020-04-06 14:47:20 --> compact(): Undefined variable: page
#0 [internal function]: CodeIgniter\Debug\Exceptions->errorHandler(8, 'compact(): Unde...', 'D:\\wamp64\\www\\m...', 15, Array)
#1 D:\wamp64\www\minutoadv2\app\Views\Partials\header.php(15): compact(Array)
#2 D:\wamp64\www\minutoadv2\vendor\codeigniter4\framework\system\View\View.php(236): include('D:\\wamp64\\www\\m...')
#3 D:\wamp64\www\minutoadv2\vendor\codeigniter4\framework\system\Common.php(1071): CodeIgniter\View\View->render('Partials/header', Array, true)
#4 D:\wamp64\www\minutoadv2\app\Helpers\page_helper.php(24): view('Partials/header', Array, Array)
#5 D:\wamp64\www\minutoadv2\app\Views\Home\index.php(1): partial_view('header')
#6 D:\wamp64\www\minutoadv2\vendor\codeigniter4\framework\system\View\View.php(236): include('D:\\wamp64\\www\\m...')
#7 D:\wamp64\www\minutoadv2\vendor\codeigniter4\framework\system\Common.php(1071): CodeIgniter\View\View->render('Home/index', Array, true)
#8 D:\wamp64\www\minutoadv2\app\Controllers\Home.php(13): view('Home/index')
#9 D:\wamp64\www\minutoadv2\vendor\codeigniter4\framework\system\CodeIgniter.php(910): App\Controllers\Home->index()
#10 D:\wamp64\www\minutoadv2\vendor\codeigniter4\framework\system\CodeIgniter.php(398): CodeIgniter\CodeIgniter->runController(Object(App\Controllers\Home))
#11 D:\wamp64\www\minutoadv2\vendor\codeigniter4\framework\system\CodeIgniter.php(306): CodeIgniter\CodeIgniter->handleRequest(NULL, Object(Config\Cache), false)
#12 D:\wamp64\www\minutoadv2\public\index.php(45): CodeIgniter\CodeIgniter->run()
#13 D:\wamp64\www\minutoadv2\vendor\codeigniter4\framework\system\Commands\Server\rewrite.php(34): require_once('D:\\wamp64\\www\\m...')
#14 {main}
CRITICAL - 2020-04-06 14:48:59 --> compact(): Undefined variable: page
#0 [internal function]: CodeIgniter\Debug\Exceptions->errorHandler(8, 'compact(): Unde...', 'D:\\wamp64\\www\\m...', 15, Array)
#1 D:\wamp64\www\minutoadv2\app\Views\Partials\header.php(15): compact(Array)
#2 D:\wamp64\www\minutoadv2\vendor\codeigniter4\framework\system\View\View.php(236): include('D:\\wamp64\\www\\m...')
#3 D:\wamp64\www\minutoadv2\vendor\codeigniter4\framework\system\Common.php(1071): CodeIgniter\View\View->render('Partials/header', Array, true)
#4 D:\wamp64\www\minutoadv2\app\Helpers\page_helper.php(24): view('Partials/header', Array, Array)
#5 D:\wamp64\www\minutoadv2\app\Views\Home\index.php(1): partial_view('header')
#6 D:\wamp64\www\minutoadv2\vendor\codeigniter4\framework\system\View\View.php(236): include('D:\\wamp64\\www\\m...')
#7 D:\wamp64\www\minutoadv2\vendor\codeigniter4\framework\system\Common.php(1071): CodeIgniter\View\View->render('Home/index', Array, true)
#8 D:\wamp64\www\minutoadv2\app\Controllers\Home.php(13): view('Home/index')
#9 D:\wamp64\www\minutoadv2\vendor\codeigniter4\framework\system\CodeIgniter.php(910): App\Controllers\Home->index()
#10 D:\wamp64\www\minutoadv2\vendor\codeigniter4\framework\system\CodeIgniter.php(398): CodeIgniter\CodeIgniter->runController(Object(App\Controllers\Home))
#11 D:\wamp64\www\minutoadv2\vendor\codeigniter4\framework\system\CodeIgniter.php(306): CodeIgniter\CodeIgniter->handleRequest(NULL, Object(Config\Cache), false)
#12 D:\wamp64\www\minutoadv2\public\index.php(45): CodeIgniter\CodeIgniter->run()
#13 D:\wamp64\www\minutoadv2\vendor\codeigniter4\framework\system\Commands\Server\rewrite.php(34): require_once('D:\\wamp64\\www\\m...')
#14 {main}
CRITICAL - 2020-04-06 14:49:02 --> 
#0 D:\wamp64\www\minutoadv2\vendor\codeigniter4\framework\system\HTTP\RedirectResponse.php(92): CodeIgniter\HTTP\Exceptions\HTTPException::forInvalidRedirectRoute('')
#1 D:\wamp64\www\minutoadv2\vendor\codeigniter4\framework\system\Common.php(798): CodeIgniter\HTTP\RedirectResponse->route(false)
#2 D:\wamp64\www\minutoadv2\app\Filters\AdminAuth.php(19): redirect('http://localhos...')
#3 D:\wamp64\www\minutoadv2\vendor\codeigniter4\framework\system\Filters\Filters.php(162): App\Filters\AdminAuth->before(Object(CodeIgniter\HTTP\IncomingRequest), NULL)
#4 D:\wamp64\www\minutoadv2\vendor\codeigniter4\framework\system\CodeIgniter.php(376): CodeIgniter\Filters\Filters->run('admin/blog', 'before')
#5 D:\wamp64\www\minutoadv2\vendor\codeigniter4\framework\system\CodeIgniter.php(306): CodeIgniter\CodeIgniter->handleRequest(NULL, Object(Config\Cache), false)
#6 D:\wamp64\www\minutoadv2\public\index.php(45): CodeIgniter\CodeIgniter->run()
#7 D:\wamp64\www\minutoadv2\vendor\codeigniter4\framework\system\Commands\Server\rewrite.php(34): require_once('D:\\wamp64\\www\\m...')
#8 {main}
CRITICAL - 2020-04-06 14:49:02 --> compact(): Undefined variable: page
#0 [internal function]: CodeIgniter\Debug\Exceptions->errorHandler(8, 'compact(): Unde...', 'D:\\wamp64\\www\\m...', 15, Array)
#1 D:\wamp64\www\minutoadv2\app\Views\Partials\header.php(15): compact(Array)
#2 D:\wamp64\www\minutoadv2\vendor\codeigniter4\framework\system\View\View.php(236): include('D:\\wamp64\\www\\m...')
#3 D:\wamp64\www\minutoadv2\vendor\codeigniter4\framework\system\Common.php(1071): CodeIgniter\View\View->render('Partials/header', Array, true)
#4 D:\wamp64\www\minutoadv2\app\Helpers\page_helper.php(24): view('Partials/header', Array, Array)
#5 D:\wamp64\www\minutoadv2\app\Views\Home\index.php(1): partial_view('header')
#6 D:\wamp64\www\minutoadv2\vendor\codeigniter4\framework\system\View\View.php(236): include('D:\\wamp64\\www\\m...')
#7 D:\wamp64\www\minutoadv2\vendor\codeigniter4\framework\system\Common.php(1071): CodeIgniter\View\View->render('Home/index', Array, true)
#8 D:\wamp64\www\minutoadv2\app\Controllers\Home.php(13): view('Home/index')
#9 D:\wamp64\www\minutoadv2\vendor\codeigniter4\framework\system\CodeIgniter.php(910): App\Controllers\Home->index()
#10 D:\wamp64\www\minutoadv2\vendor\codeigniter4\framework\system\CodeIgniter.php(398): CodeIgniter\CodeIgniter->runController(Object(App\Controllers\Home))
#11 D:\wamp64\www\minutoadv2\vendor\codeigniter4\framework\system\CodeIgniter.php(306): CodeIgniter\CodeIgniter->handleRequest(NULL, Object(Config\Cache), false)
#12 D:\wamp64\www\minutoadv2\public\index.php(45): CodeIgniter\CodeIgniter->run()
#13 D:\wamp64\www\minutoadv2\vendor\codeigniter4\framework\system\Commands\Server\rewrite.php(34): require_once('D:\\wamp64\\www\\m...')
#14 {main}
CRITICAL - 2020-04-06 14:49:10 --> 
#0 D:\wamp64\www\minutoadv2\vendor\codeigniter4\framework\system\HTTP\RedirectResponse.php(92): CodeIgniter\HTTP\Exceptions\HTTPException::forInvalidRedirectRoute('')
#1 D:\wamp64\www\minutoadv2\vendor\codeigniter4\framework\system\Common.php(798): CodeIgniter\HTTP\RedirectResponse->route(false)
#2 D:\wamp64\www\minutoadv2\app\Filters\AdminAuth.php(19): redirect('http://localhos...')
#3 D:\wamp64\www\minutoadv2\vendor\codeigniter4\framework\system\Filters\Filters.php(162): App\Filters\AdminAuth->before(Object(CodeIgniter\HTTP\IncomingRequest), NULL)
#4 D:\wamp64\www\minutoadv2\vendor\codeigniter4\framework\system\CodeIgniter.php(376): CodeIgniter\Filters\Filters->run('admin/blog', 'before')
#5 D:\wamp64\www\minutoadv2\vendor\codeigniter4\framework\system\CodeIgniter.php(306): CodeIgniter\CodeIgniter->handleRequest(NULL, Object(Config\Cache), false)
#6 D:\wamp64\www\minutoadv2\public\index.php(45): CodeIgniter\CodeIgniter->run()
#7 D:\wamp64\www\minutoadv2\vendor\codeigniter4\framework\system\Commands\Server\rewrite.php(34): require_once('D:\\wamp64\\www\\m...')
#8 {main}
CRITICAL - 2020-04-06 14:49:11 --> compact(): Undefined variable: page
#0 [internal function]: CodeIgniter\Debug\Exceptions->errorHandler(8, 'compact(): Unde...', 'D:\\wamp64\\www\\m...', 15, Array)
#1 D:\wamp64\www\minutoadv2\app\Views\Partials\header.php(15): compact(Array)
#2 D:\wamp64\www\minutoadv2\vendor\codeigniter4\framework\system\View\View.php(236): include('D:\\wamp64\\www\\m...')
#3 D:\wamp64\www\minutoadv2\vendor\codeigniter4\framework\system\Common.php(1071): CodeIgniter\View\View->render('Partials/header', Array, true)
#4 D:\wamp64\www\minutoadv2\app\Helpers\page_helper.php(24): view('Partials/header', Array, Array)
#5 D:\wamp64\www\minutoadv2\app\Views\Home\index.php(1): partial_view('header')
#6 D:\wamp64\www\minutoadv2\vendor\codeigniter4\framework\system\View\View.php(236): include('D:\\wamp64\\www\\m...')
#7 D:\wamp64\www\minutoadv2\vendor\codeigniter4\framework\system\Common.php(1071): CodeIgniter\View\View->render('Home/index', Array, true)
#8 D:\wamp64\www\minutoadv2\app\Controllers\Home.php(13): view('Home/index')
#9 D:\wamp64\www\minutoadv2\vendor\codeigniter4\framework\system\CodeIgniter.php(910): App\Controllers\Home->index()
#10 D:\wamp64\www\minutoadv2\vendor\codeigniter4\framework\system\CodeIgniter.php(398): CodeIgniter\CodeIgniter->runController(Object(App\Controllers\Home))
#11 D:\wamp64\www\minutoadv2\vendor\codeigniter4\framework\system\CodeIgniter.php(306): CodeIgniter\CodeIgniter->handleRequest(NULL, Object(Config\Cache), false)
#12 D:\wamp64\www\minutoadv2\public\index.php(45): CodeIgniter\CodeIgniter->run()
#13 D:\wamp64\www\minutoadv2\vendor\codeigniter4\framework\system\Commands\Server\rewrite.php(34): require_once('D:\\wamp64\\www\\m...')
#14 {main}
CRITICAL - 2020-04-06 14:49:48 --> compact(): Undefined variable: page
#0 [internal function]: CodeIgniter\Debug\Exceptions->errorHandler(8, 'compact(): Unde...', 'D:\\wamp64\\www\\m...', 15, Array)
#1 D:\wamp64\www\minutoadv2\app\Views\Partials\header.php(15): compact(Array)
#2 D:\wamp64\www\minutoadv2\vendor\codeigniter4\framework\system\View\View.php(236): include('D:\\wamp64\\www\\m...')
#3 D:\wamp64\www\minutoadv2\vendor\codeigniter4\framework\system\Common.php(1071): CodeIgniter\View\View->render('Partials/header', Array, true)
#4 D:\wamp64\www\minutoadv2\app\Helpers\page_helper.php(24): view('Partials/header', Array, Array)
#5 D:\wamp64\www\minutoadv2\app\Views\Home\index.php(1): partial_view('header')
#6 D:\wamp64\www\minutoadv2\vendor\codeigniter4\framework\system\View\View.php(236): include('D:\\wamp64\\www\\m...')
#7 D:\wamp64\www\minutoadv2\vendor\codeigniter4\framework\system\Common.php(1071): CodeIgniter\View\View->render('Home/index', Array, true)
#8 D:\wamp64\www\minutoadv2\app\Controllers\Home.php(13): view('Home/index')
#9 D:\wamp64\www\minutoadv2\vendor\codeigniter4\framework\system\CodeIgniter.php(910): App\Controllers\Home->index()
#10 D:\wamp64\www\minutoadv2\vendor\codeigniter4\framework\system\CodeIgniter.php(398): CodeIgniter\CodeIgniter->runController(Object(App\Controllers\Home))
#11 D:\wamp64\www\minutoadv2\vendor\codeigniter4\framework\system\CodeIgniter.php(306): CodeIgniter\CodeIgniter->handleRequest(NULL, Object(Config\Cache), false)
#12 D:\wamp64\www\minutoadv2\public\index.php(45): CodeIgniter\CodeIgniter->run()
#13 D:\wamp64\www\minutoadv2\vendor\codeigniter4\framework\system\Commands\Server\rewrite.php(34): require_once('D:\\wamp64\\www\\m...')
#14 {main}
CRITICAL - 2020-04-06 14:49:56 --> compact(): Undefined variable: page
#0 [internal function]: CodeIgniter\Debug\Exceptions->errorHandler(8, 'compact(): Unde...', 'D:\\wamp64\\www\\m...', 15, Array)
#1 D:\wamp64\www\minutoadv2\app\Views\Partials\header.php(15): compact(Array)
#2 D:\wamp64\www\minutoadv2\vendor\codeigniter4\framework\system\View\View.php(236): include('D:\\wamp64\\www\\m...')
#3 D:\wamp64\www\minutoadv2\vendor\codeigniter4\framework\system\Common.php(1071): CodeIgniter\View\View->render('Partials/header', Array, true)
#4 D:\wamp64\www\minutoadv2\app\Helpers\page_helper.php(24): view('Partials/header', Array, Array)
#5 D:\wamp64\www\minutoadv2\app\Views\Home\index.php(1): partial_view('header')
#6 D:\wamp64\www\minutoadv2\vendor\codeigniter4\framework\system\View\View.php(236): include('D:\\wamp64\\www\\m...')
#7 D:\wamp64\www\minutoadv2\vendor\codeigniter4\framework\system\Common.php(1071): CodeIgniter\View\View->render('Home/index', Array, true)
#8 D:\wamp64\www\minutoadv2\app\Controllers\Home.php(13): view('Home/index')
#9 D:\wamp64\www\minutoadv2\vendor\codeigniter4\framework\system\CodeIgniter.php(910): App\Controllers\Home->index()
#10 D:\wamp64\www\minutoadv2\vendor\codeigniter4\framework\system\CodeIgniter.php(398): CodeIgniter\CodeIgniter->runController(Object(App\Controllers\Home))
#11 D:\wamp64\www\minutoadv2\vendor\codeigniter4\framework\system\CodeIgniter.php(306): CodeIgniter\CodeIgniter->handleRequest(NULL, Object(Config\Cache), false)
#12 D:\wamp64\www\minutoadv2\public\index.php(45): CodeIgniter\CodeIgniter->run()
#13 D:\wamp64\www\minutoadv2\vendor\codeigniter4\framework\system\Commands\Server\rewrite.php(34): require_once('D:\\wamp64\\www\\m...')
#14 {main}
CRITICAL - 2020-04-06 14:49:59 --> compact(): Undefined variable: page
#0 [internal function]: CodeIgniter\Debug\Exceptions->errorHandler(8, 'compact(): Unde...', 'D:\\wamp64\\www\\m...', 15, Array)
#1 D:\wamp64\www\minutoadv2\app\Views\Partials\header.php(15): compact(Array)
#2 D:\wamp64\www\minutoadv2\vendor\codeigniter4\framework\system\View\View.php(236): include('D:\\wamp64\\www\\m...')
#3 D:\wamp64\www\minutoadv2\vendor\codeigniter4\framework\system\Common.php(1071): CodeIgniter\View\View->render('Partials/header', Array, true)
#4 D:\wamp64\www\minutoadv2\app\Helpers\page_helper.php(24): view('Partials/header', Array, Array)
#5 D:\wamp64\www\minutoadv2\app\Views\Home\index.php(1): partial_view('header')
#6 D:\wamp64\www\minutoadv2\vendor\codeigniter4\framework\system\View\View.php(236): include('D:\\wamp64\\www\\m...')
#7 D:\wamp64\www\minutoadv2\vendor\codeigniter4\framework\system\Common.php(1071): CodeIgniter\View\View->render('Home/index', Array, true)
#8 D:\wamp64\www\minutoadv2\app\Controllers\Home.php(13): view('Home/index')
#9 D:\wamp64\www\minutoadv2\vendor\codeigniter4\framework\system\CodeIgniter.php(910): App\Controllers\Home->index()
#10 D:\wamp64\www\minutoadv2\vendor\codeigniter4\framework\system\CodeIgniter.php(398): CodeIgniter\CodeIgniter->runController(Object(App\Controllers\Home))
#11 D:\wamp64\www\minutoadv2\vendor\codeigniter4\framework\system\CodeIgniter.php(306): CodeIgniter\CodeIgniter->handleRequest(NULL, Object(Config\Cache), false)
#12 D:\wamp64\www\minutoadv2\public\index.php(45): CodeIgniter\CodeIgniter->run()
#13 D:\wamp64\www\minutoadv2\vendor\codeigniter4\framework\system\Commands\Server\rewrite.php(34): require_once('D:\\wamp64\\www\\m...')
#14 {main}
CRITICAL - 2020-04-06 14:50:02 --> compact(): Undefined variable: page
#0 [internal function]: CodeIgniter\Debug\Exceptions->errorHandler(8, 'compact(): Unde...', 'D:\\wamp64\\www\\m...', 15, Array)
#1 D:\wamp64\www\minutoadv2\app\Views\Partials\header.php(15): compact(Array)
#2 D:\wamp64\www\minutoadv2\vendor\codeigniter4\framework\system\View\View.php(236): include('D:\\wamp64\\www\\m...')
#3 D:\wamp64\www\minutoadv2\vendor\codeigniter4\framework\system\Common.php(1071): CodeIgniter\View\View->render('Partials/header', Array, true)
#4 D:\wamp64\www\minutoadv2\app\Helpers\page_helper.php(24): view('Partials/header', Array, Array)
#5 D:\wamp64\www\minutoadv2\app\Views\Home\index.php(1): partial_view('header')
#6 D:\wamp64\www\minutoadv2\vendor\codeigniter4\framework\system\View\View.php(236): include('D:\\wamp64\\www\\m...')
#7 D:\wamp64\www\minutoadv2\vendor\codeigniter4\framework\system\Common.php(1071): CodeIgniter\View\View->render('Home/index', Array, true)
#8 D:\wamp64\www\minutoadv2\app\Controllers\Home.php(13): view('Home/index')
#9 D:\wamp64\www\minutoadv2\vendor\codeigniter4\framework\system\CodeIgniter.php(910): App\Controllers\Home->index()
#10 D:\wamp64\www\minutoadv2\vendor\codeigniter4\framework\system\CodeIgniter.php(398): CodeIgniter\CodeIgniter->runController(Object(App\Controllers\Home))
#11 D:\wamp64\www\minutoadv2\vendor\codeigniter4\framework\system\CodeIgniter.php(306): CodeIgniter\CodeIgniter->handleRequest(NULL, Object(Config\Cache), false)
#12 D:\wamp64\www\minutoadv2\public\index.php(45): CodeIgniter\CodeIgniter->run()
#13 D:\wamp64\www\minutoadv2\vendor\codeigniter4\framework\system\Commands\Server\rewrite.php(34): require_once('D:\\wamp64\\www\\m...')
#14 {main}
CRITICAL - 2020-04-06 14:50:42 --> compact(): Undefined variable: page
#0 [internal function]: CodeIgniter\Debug\Exceptions->errorHandler(8, 'compact(): Unde...', 'D:\\wamp64\\www\\m...', 15, Array)
#1 D:\wamp64\www\minutoadv2\app\Views\Partials\header.php(15): compact(Array)
#2 D:\wamp64\www\minutoadv2\vendor\codeigniter4\framework\system\View\View.php(236): include('D:\\wamp64\\www\\m...')
#3 D:\wamp64\www\minutoadv2\vendor\codeigniter4\framework\system\Common.php(1071): CodeIgniter\View\View->render('Partials/header', Array, true)
#4 D:\wamp64\www\minutoadv2\app\Helpers\page_helper.php(24): view('Partials/header', Array, Array)
#5 D:\wamp64\www\minutoadv2\app\Views\Home\index.php(1): partial_view('header')
#6 D:\wamp64\www\minutoadv2\vendor\codeigniter4\framework\system\View\View.php(236): include('D:\\wamp64\\www\\m...')
#7 D:\wamp64\www\minutoadv2\vendor\codeigniter4\framework\system\Common.php(1071): CodeIgniter\View\View->render('Home/index', Array, true)
#8 D:\wamp64\www\minutoadv2\app\Controllers\Home.php(13): view('Home/index')
#9 D:\wamp64\www\minutoadv2\vendor\codeigniter4\framework\system\CodeIgniter.php(910): App\Controllers\Home->index()
#10 D:\wamp64\www\minutoadv2\vendor\codeigniter4\framework\system\CodeIgniter.php(398): CodeIgniter\CodeIgniter->runController(Object(App\Controllers\Home))
#11 D:\wamp64\www\minutoadv2\vendor\codeigniter4\framework\system\CodeIgniter.php(306): CodeIgniter\CodeIgniter->handleRequest(NULL, Object(Config\Cache), false)
#12 D:\wamp64\www\minutoadv2\public\index.php(45): CodeIgniter\CodeIgniter->run()
#13 D:\wamp64\www\minutoadv2\vendor\codeigniter4\framework\system\Commands\Server\rewrite.php(34): require_once('D:\\wamp64\\www\\m...')
#14 {main}
CRITICAL - 2020-04-06 14:51:20 --> compact(): Undefined variable: page
#0 [internal function]: CodeIgniter\Debug\Exceptions->errorHandler(8, 'compact(): Unde...', 'D:\\wamp64\\www\\m...', 15, Array)
#1 D:\wamp64\www\minutoadv2\app\Views\Partials\header.php(15): compact(Array)
#2 D:\wamp64\www\minutoadv2\vendor\codeigniter4\framework\system\View\View.php(236): include('D:\\wamp64\\www\\m...')
#3 D:\wamp64\www\minutoadv2\vendor\codeigniter4\framework\system\Common.php(1071): CodeIgniter\View\View->render('Partials/header', Array, true)
#4 D:\wamp64\www\minutoadv2\app\Helpers\page_helper.php(24): view('Partials/header', Array, Array)
#5 D:\wamp64\www\minutoadv2\app\Views\Home\index.php(1): partial_view('header')
#6 D:\wamp64\www\minutoadv2\vendor\codeigniter4\framework\system\View\View.php(236): include('D:\\wamp64\\www\\m...')
#7 D:\wamp64\www\minutoadv2\vendor\codeigniter4\framework\system\Common.php(1071): CodeIgniter\View\View->render('Home/index', Array, true)
#8 D:\wamp64\www\minutoadv2\app\Controllers\Home.php(13): view('Home/index')
#9 D:\wamp64\www\minutoadv2\vendor\codeigniter4\framework\system\CodeIgniter.php(910): App\Controllers\Home->index()
#10 D:\wamp64\www\minutoadv2\vendor\codeigniter4\framework\system\CodeIgniter.php(398): CodeIgniter\CodeIgniter->runController(Object(App\Controllers\Home))
#11 D:\wamp64\www\minutoadv2\vendor\codeigniter4\framework\system\CodeIgniter.php(306): CodeIgniter\CodeIgniter->handleRequest(NULL, Object(Config\Cache), false)
#12 D:\wamp64\www\minutoadv2\public\index.php(45): CodeIgniter\CodeIgniter->run()
#13 D:\wamp64\www\minutoadv2\vendor\codeigniter4\framework\system\Commands\Server\rewrite.php(34): require_once('D:\\wamp64\\www\\m...')
#14 {main}
CRITICAL - 2020-04-06 14:51:23 --> compact(): Undefined variable: page
#0 [internal function]: CodeIgniter\Debug\Exceptions->errorHandler(8, 'compact(): Unde...', 'D:\\wamp64\\www\\m...', 15, Array)
#1 D:\wamp64\www\minutoadv2\app\Views\Partials\header.php(15): compact(Array)
#2 D:\wamp64\www\minutoadv2\vendor\codeigniter4\framework\system\View\View.php(236): include('D:\\wamp64\\www\\m...')
#3 D:\wamp64\www\minutoadv2\vendor\codeigniter4\framework\system\Common.php(1071): CodeIgniter\View\View->render('Partials/header', Array, true)
#4 D:\wamp64\www\minutoadv2\app\Helpers\page_helper.php(24): view('Partials/header', Array, Array)
#5 D:\wamp64\www\minutoadv2\app\Views\Home\index.php(1): partial_view('header')
#6 D:\wamp64\www\minutoadv2\vendor\codeigniter4\framework\system\View\View.php(236): include('D:\\wamp64\\www\\m...')
#7 D:\wamp64\www\minutoadv2\vendor\codeigniter4\framework\system\Common.php(1071): CodeIgniter\View\View->render('Home/index', Array, true)
#8 D:\wamp64\www\minutoadv2\app\Controllers\Home.php(13): view('Home/index')
#9 D:\wamp64\www\minutoadv2\vendor\codeigniter4\framework\system\CodeIgniter.php(910): App\Controllers\Home->index()
#10 D:\wamp64\www\minutoadv2\vendor\codeigniter4\framework\system\CodeIgniter.php(398): CodeIgniter\CodeIgniter->runController(Object(App\Controllers\Home))
#11 D:\wamp64\www\minutoadv2\vendor\codeigniter4\framework\system\CodeIgniter.php(306): CodeIgniter\CodeIgniter->handleRequest(NULL, Object(Config\Cache), false)
#12 D:\wamp64\www\minutoadv2\public\index.php(45): CodeIgniter\CodeIgniter->run()
#13 D:\wamp64\www\minutoadv2\vendor\codeigniter4\framework\system\Commands\Server\rewrite.php(34): require_once('D:\\wamp64\\www\\m...')
#14 {main}
CRITICAL - 2020-04-06 14:51:35 --> compact(): Undefined variable: page
#0 [internal function]: CodeIgniter\Debug\Exceptions->errorHandler(8, 'compact(): Unde...', 'D:\\wamp64\\www\\m...', 15, Array)
#1 D:\wamp64\www\minutoadv2\app\Views\Partials\header.php(15): compact(Array)
#2 D:\wamp64\www\minutoadv2\vendor\codeigniter4\framework\system\View\View.php(236): include('D:\\wamp64\\www\\m...')
#3 D:\wamp64\www\minutoadv2\vendor\codeigniter4\framework\system\Common.php(1071): CodeIgniter\View\View->render('Partials/header', Array, true)
#4 D:\wamp64\www\minutoadv2\app\Helpers\page_helper.php(24): view('Partials/header', Array, Array)
#5 D:\wamp64\www\minutoadv2\app\Views\Home\index.php(1): partial_view('header')
#6 D:\wamp64\www\minutoadv2\vendor\codeigniter4\framework\system\View\View.php(236): include('D:\\wamp64\\www\\m...')
#7 D:\wamp64\www\minutoadv2\vendor\codeigniter4\framework\system\Common.php(1071): CodeIgniter\View\View->render('Home/index', Array, true)
#8 D:\wamp64\www\minutoadv2\app\Controllers\Home.php(13): view('Home/index')
#9 D:\wamp64\www\minutoadv2\vendor\codeigniter4\framework\system\CodeIgniter.php(910): App\Controllers\Home->index()
#10 D:\wamp64\www\minutoadv2\vendor\codeigniter4\framework\system\CodeIgniter.php(398): CodeIgniter\CodeIgniter->runController(Object(App\Controllers\Home))
#11 D:\wamp64\www\minutoadv2\vendor\codeigniter4\framework\system\CodeIgniter.php(306): CodeIgniter\CodeIgniter->handleRequest(NULL, Object(Config\Cache), false)
#12 D:\wamp64\www\minutoadv2\public\index.php(45): CodeIgniter\CodeIgniter->run()
#13 D:\wamp64\www\minutoadv2\vendor\codeigniter4\framework\system\Commands\Server\rewrite.php(34): require_once('D:\\wamp64\\www\\m...')
#14 {main}
CRITICAL - 2020-04-06 14:51:37 --> compact(): Undefined variable: page
#0 [internal function]: CodeIgniter\Debug\Exceptions->errorHandler(8, 'compact(): Unde...', 'D:\\wamp64\\www\\m...', 15, Array)
#1 D:\wamp64\www\minutoadv2\app\Views\Partials\header.php(15): compact(Array)
#2 D:\wamp64\www\minutoadv2\vendor\codeigniter4\framework\system\View\View.php(236): include('D:\\wamp64\\www\\m...')
#3 D:\wamp64\www\minutoadv2\vendor\codeigniter4\framework\system\Common.php(1071): CodeIgniter\View\View->render('Partials/header', Array, true)
#4 D:\wamp64\www\minutoadv2\app\Helpers\page_helper.php(24): view('Partials/header', Array, Array)
#5 D:\wamp64\www\minutoadv2\app\Views\Home\index.php(1): partial_view('header')
#6 D:\wamp64\www\minutoadv2\vendor\codeigniter4\framework\system\View\View.php(236): include('D:\\wamp64\\www\\m...')
#7 D:\wamp64\www\minutoadv2\vendor\codeigniter4\framework\system\Common.php(1071): CodeIgniter\View\View->render('Home/index', Array, true)
#8 D:\wamp64\www\minutoadv2\app\Controllers\Home.php(13): view('Home/index')
#9 D:\wamp64\www\minutoadv2\vendor\codeigniter4\framework\system\CodeIgniter.php(910): App\Controllers\Home->index()
#10 D:\wamp64\www\minutoadv2\vendor\codeigniter4\framework\system\CodeIgniter.php(398): CodeIgniter\CodeIgniter->runController(Object(App\Controllers\Home))
#11 D:\wamp64\www\minutoadv2\vendor\codeigniter4\framework\system\CodeIgniter.php(306): CodeIgniter\CodeIgniter->handleRequest(NULL, Object(Config\Cache), false)
#12 D:\wamp64\www\minutoadv2\public\index.php(45): CodeIgniter\CodeIgniter->run()
#13 D:\wamp64\www\minutoadv2\vendor\codeigniter4\framework\system\Commands\Server\rewrite.php(34): require_once('D:\\wamp64\\www\\m...')
#14 {main}
CRITICAL - 2020-04-06 14:51:50 --> compact(): Undefined variable: page
#0 [internal function]: CodeIgniter\Debug\Exceptions->errorHandler(8, 'compact(): Unde...', 'D:\\wamp64\\www\\m...', 15, Array)
#1 D:\wamp64\www\minutoadv2\app\Views\Partials\header.php(15): compact(Array)
#2 D:\wamp64\www\minutoadv2\vendor\codeigniter4\framework\system\View\View.php(236): include('D:\\wamp64\\www\\m...')
#3 D:\wamp64\www\minutoadv2\vendor\codeigniter4\framework\system\Common.php(1071): CodeIgniter\View\View->render('Partials/header', Array, true)
#4 D:\wamp64\www\minutoadv2\app\Helpers\page_helper.php(24): view('Partials/header', Array, Array)
#5 D:\wamp64\www\minutoadv2\app\Views\Home\index.php(1): partial_view('header')
#6 D:\wamp64\www\minutoadv2\vendor\codeigniter4\framework\system\View\View.php(236): include('D:\\wamp64\\www\\m...')
#7 D:\wamp64\www\minutoadv2\vendor\codeigniter4\framework\system\Common.php(1071): CodeIgniter\View\View->render('Home/index', Array, true)
#8 D:\wamp64\www\minutoadv2\app\Controllers\Home.php(13): view('Home/index')
#9 D:\wamp64\www\minutoadv2\vendor\codeigniter4\framework\system\CodeIgniter.php(910): App\Controllers\Home->index()
#10 D:\wamp64\www\minutoadv2\vendor\codeigniter4\framework\system\CodeIgniter.php(398): CodeIgniter\CodeIgniter->runController(Object(App\Controllers\Home))
#11 D:\wamp64\www\minutoadv2\vendor\codeigniter4\framework\system\CodeIgniter.php(306): CodeIgniter\CodeIgniter->handleRequest(NULL, Object(Config\Cache), false)
#12 D:\wamp64\www\minutoadv2\public\index.php(45): CodeIgniter\CodeIgniter->run()
#13 D:\wamp64\www\minutoadv2\vendor\codeigniter4\framework\system\Commands\Server\rewrite.php(34): require_once('D:\\wamp64\\www\\m...')
#14 {main}
CRITICAL - 2020-04-06 14:51:53 --> compact(): Undefined variable: page
#0 [internal function]: CodeIgniter\Debug\Exceptions->errorHandler(8, 'compact(): Unde...', 'D:\\wamp64\\www\\m...', 15, Array)
#1 D:\wamp64\www\minutoadv2\app\Views\Partials\header.php(15): compact(Array)
#2 D:\wamp64\www\minutoadv2\vendor\codeigniter4\framework\system\View\View.php(236): include('D:\\wamp64\\www\\m...')
#3 D:\wamp64\www\minutoadv2\vendor\codeigniter4\framework\system\Common.php(1071): CodeIgniter\View\View->render('Partials/header', Array, true)
#4 D:\wamp64\www\minutoadv2\app\Helpers\page_helper.php(24): view('Partials/header', Array, Array)
#5 D:\wamp64\www\minutoadv2\app\Views\Home\index.php(1): partial_view('header')
#6 D:\wamp64\www\minutoadv2\vendor\codeigniter4\framework\system\View\View.php(236): include('D:\\wamp64\\www\\m...')
#7 D:\wamp64\www\minutoadv2\vendor\codeigniter4\framework\system\Common.php(1071): CodeIgniter\View\View->render('Home/index', Array, true)
#8 D:\wamp64\www\minutoadv2\app\Controllers\Home.php(13): view('Home/index')
#9 D:\wamp64\www\minutoadv2\vendor\codeigniter4\framework\system\CodeIgniter.php(910): App\Controllers\Home->index()
#10 D:\wamp64\www\minutoadv2\vendor\codeigniter4\framework\system\CodeIgniter.php(398): CodeIgniter\CodeIgniter->runController(Object(App\Controllers\Home))
#11 D:\wamp64\www\minutoadv2\vendor\codeigniter4\framework\system\CodeIgniter.php(306): CodeIgniter\CodeIgniter->handleRequest(NULL, Object(Config\Cache), false)
#12 D:\wamp64\www\minutoadv2\public\index.php(45): CodeIgniter\CodeIgniter->run()
#13 D:\wamp64\www\minutoadv2\vendor\codeigniter4\framework\system\Commands\Server\rewrite.php(34): require_once('D:\\wamp64\\www\\m...')
#14 {main}
CRITICAL - 2020-04-06 14:56:39 --> compact(): Undefined variable: page
#0 [internal function]: CodeIgniter\Debug\Exceptions->errorHandler(8, 'compact(): Unde...', 'D:\\wamp64\\www\\m...', 15, Array)
#1 D:\wamp64\www\minutoadv2\app\Views\Partials\header.php(15): compact(Array)
#2 D:\wamp64\www\minutoadv2\vendor\codeigniter4\framework\system\View\View.php(236): include('D:\\wamp64\\www\\m...')
#3 D:\wamp64\www\minutoadv2\vendor\codeigniter4\framework\system\Common.php(1071): CodeIgniter\View\View->render('Partials/header', Array, true)
#4 D:\wamp64\www\minutoadv2\app\Helpers\page_helper.php(24): view('Partials/header', Array, Array)
#5 D:\wamp64\www\minutoadv2\app\Views\Home\index.php(1): partial_view('header')
#6 D:\wamp64\www\minutoadv2\vendor\codeigniter4\framework\system\View\View.php(236): include('D:\\wamp64\\www\\m...')
#7 D:\wamp64\www\minutoadv2\vendor\codeigniter4\framework\system\Common.php(1071): CodeIgniter\View\View->render('Home/index', Array, true)
#8 D:\wamp64\www\minutoadv2\app\Controllers\Home.php(13): view('Home/index')
#9 D:\wamp64\www\minutoadv2\vendor\codeigniter4\framework\system\CodeIgniter.php(910): App\Controllers\Home->index()
#10 D:\wamp64\www\minutoadv2\vendor\codeigniter4\framework\system\CodeIgniter.php(398): CodeIgniter\CodeIgniter->runController(Object(App\Controllers\Home))
#11 D:\wamp64\www\minutoadv2\vendor\codeigniter4\framework\system\CodeIgniter.php(306): CodeIgniter\CodeIgniter->handleRequest(NULL, Object(Config\Cache), false)
#12 D:\wamp64\www\minutoadv2\public\index.php(45): CodeIgniter\CodeIgniter->run()
#13 D:\wamp64\www\minutoadv2\vendor\codeigniter4\framework\system\Commands\Server\rewrite.php(34): require_once('D:\\wamp64\\www\\m...')
#14 {main}
CRITICAL - 2020-04-06 14:58:54 --> compact(): Undefined variable: page
#0 [internal function]: CodeIgniter\Debug\Exceptions->errorHandler(8, 'compact(): Unde...', 'D:\\wamp64\\www\\m...', 15, Array)
#1 D:\wamp64\www\minutoadv2\app\Views\Partials\header.php(15): compact(Array)
#2 D:\wamp64\www\minutoadv2\vendor\codeigniter4\framework\system\View\View.php(236): include('D:\\wamp64\\www\\m...')
#3 D:\wamp64\www\minutoadv2\vendor\codeigniter4\framework\system\Common.php(1071): CodeIgniter\View\View->render('Partials/header', Array, true)
#4 D:\wamp64\www\minutoadv2\app\Helpers\page_helper.php(24): view('Partials/header', Array, Array)
#5 D:\wamp64\www\minutoadv2\app\Views\Home\index.php(1): partial_view('header')
#6 D:\wamp64\www\minutoadv2\vendor\codeigniter4\framework\system\View\View.php(236): include('D:\\wamp64\\www\\m...')
#7 D:\wamp64\www\minutoadv2\vendor\codeigniter4\framework\system\Common.php(1071): CodeIgniter\View\View->render('Home/index', Array, true)
#8 D:\wamp64\www\minutoadv2\app\Controllers\Home.php(13): view('Home/index')
#9 D:\wamp64\www\minutoadv2\vendor\codeigniter4\framework\system\CodeIgniter.php(910): App\Controllers\Home->index()
#10 D:\wamp64\www\minutoadv2\vendor\codeigniter4\framework\system\CodeIgniter.php(398): CodeIgniter\CodeIgniter->runController(Object(App\Controllers\Home))
#11 D:\wamp64\www\minutoadv2\vendor\codeigniter4\framework\system\CodeIgniter.php(306): CodeIgniter\CodeIgniter->handleRequest(NULL, Object(Config\Cache), false)
#12 D:\wamp64\www\minutoadv2\public\index.php(45): CodeIgniter\CodeIgniter->run()
#13 D:\wamp64\www\minutoadv2\vendor\codeigniter4\framework\system\Commands\Server\rewrite.php(34): require_once('D:\\wamp64\\www\\m...')
#14 {main}
CRITICAL - 2020-04-06 14:59:51 --> compact(): Undefined variable: page
#0 [internal function]: CodeIgniter\Debug\Exceptions->errorHandler(8, 'compact(): Unde...', 'D:\\wamp64\\www\\m...', 15, Array)
#1 D:\wamp64\www\minutoadv2\app\Views\Partials\header.php(15): compact(Array)
#2 D:\wamp64\www\minutoadv2\vendor\codeigniter4\framework\system\View\View.php(236): include('D:\\wamp64\\www\\m...')
#3 D:\wamp64\www\minutoadv2\vendor\codeigniter4\framework\system\Common.php(1071): CodeIgniter\View\View->render('Partials/header', Array, true)
#4 D:\wamp64\www\minutoadv2\app\Helpers\page_helper.php(24): view('Partials/header', Array, Array)
#5 D:\wamp64\www\minutoadv2\app\Views\Home\index.php(1): partial_view('header')
#6 D:\wamp64\www\minutoadv2\vendor\codeigniter4\framework\system\View\View.php(236): include('D:\\wamp64\\www\\m...')
#7 D:\wamp64\www\minutoadv2\vendor\codeigniter4\framework\system\Common.php(1071): CodeIgniter\View\View->render('Home/index', Array, true)
#8 D:\wamp64\www\minutoadv2\app\Controllers\Home.php(13): view('Home/index')
#9 D:\wamp64\www\minutoadv2\vendor\codeigniter4\framework\system\CodeIgniter.php(910): App\Controllers\Home->index()
#10 D:\wamp64\www\minutoadv2\vendor\codeigniter4\framework\system\CodeIgniter.php(398): CodeIgniter\CodeIgniter->runController(Object(App\Controllers\Home))
#11 D:\wamp64\www\minutoadv2\vendor\codeigniter4\framework\system\CodeIgniter.php(306): CodeIgniter\CodeIgniter->handleRequest(NULL, Object(Config\Cache), false)
#12 D:\wamp64\www\minutoadv2\public\index.php(45): CodeIgniter\CodeIgniter->run()
#13 D:\wamp64\www\minutoadv2\vendor\codeigniter4\framework\system\Commands\Server\rewrite.php(34): require_once('D:\\wamp64\\www\\m...')
#14 {main}
CRITICAL - 2020-04-06 14:59:51 --> compact(): Undefined variable: page
#0 [internal function]: CodeIgniter\Debug\Exceptions->errorHandler(8, 'compact(): Unde...', 'D:\\wamp64\\www\\m...', 15, Array)
#1 D:\wamp64\www\minutoadv2\app\Views\Partials\header.php(15): compact(Array)
#2 D:\wamp64\www\minutoadv2\vendor\codeigniter4\framework\system\View\View.php(236): include('D:\\wamp64\\www\\m...')
#3 D:\wamp64\www\minutoadv2\vendor\codeigniter4\framework\system\Common.php(1071): CodeIgniter\View\View->render('Partials/header', Array, true)
#4 D:\wamp64\www\minutoadv2\app\Helpers\page_helper.php(24): view('Partials/header', Array, Array)
#5 D:\wamp64\www\minutoadv2\app\Views\Home\index.php(1): partial_view('header')
#6 D:\wamp64\www\minutoadv2\vendor\codeigniter4\framework\system\View\View.php(236): include('D:\\wamp64\\www\\m...')
#7 D:\wamp64\www\minutoadv2\vendor\codeigniter4\framework\system\Common.php(1071): CodeIgniter\View\View->render('Home/index', Array, true)
#8 D:\wamp64\www\minutoadv2\app\Controllers\Home.php(13): view('Home/index')
#9 D:\wamp64\www\minutoadv2\vendor\codeigniter4\framework\system\CodeIgniter.php(910): App\Controllers\Home->index()
#10 D:\wamp64\www\minutoadv2\vendor\codeigniter4\framework\system\CodeIgniter.php(398): CodeIgniter\CodeIgniter->runController(Object(App\Controllers\Home))
#11 D:\wamp64\www\minutoadv2\vendor\codeigniter4\framework\system\CodeIgniter.php(306): CodeIgniter\CodeIgniter->handleRequest(NULL, Object(Config\Cache), false)
#12 D:\wamp64\www\minutoadv2\public\index.php(45): CodeIgniter\CodeIgniter->run()
#13 D:\wamp64\www\minutoadv2\vendor\codeigniter4\framework\system\Commands\Server\rewrite.php(34): require_once('D:\\wamp64\\www\\m...')
#14 {main}
CRITICAL - 2020-04-06 15:00:25 --> compact(): Undefined variable: page
#0 [internal function]: CodeIgniter\Debug\Exceptions->errorHandler(8, 'compact(): Unde...', 'D:\\wamp64\\www\\m...', 15, Array)
#1 D:\wamp64\www\minutoadv2\app\Views\Partials\header.php(15): compact(Array)
#2 D:\wamp64\www\minutoadv2\vendor\codeigniter4\framework\system\View\View.php(236): include('D:\\wamp64\\www\\m...')
#3 D:\wamp64\www\minutoadv2\vendor\codeigniter4\framework\system\Common.php(1071): CodeIgniter\View\View->render('Partials/header', Array, true)
#4 D:\wamp64\www\minutoadv2\app\Helpers\page_helper.php(24): view('Partials/header', Array, Array)
#5 D:\wamp64\www\minutoadv2\app\Views\Lawyer\Register\index.php(8): partial_view('header', Array)
#6 D:\wamp64\www\minutoadv2\vendor\codeigniter4\framework\system\View\View.php(236): include('D:\\wamp64\\www\\m...')
#7 D:\wamp64\www\minutoadv2\vendor\codeigniter4\framework\system\Common.php(1071): CodeIgniter\View\View->render('Lawyer/Register...', Array, true)
#8 D:\wamp64\www\minutoadv2\app\Controllers\Lawyer.php(60): view('Lawyer/Register...', Array)
#9 D:\wamp64\www\minutoadv2\vendor\codeigniter4\framework\system\CodeIgniter.php(910): App\Controllers\Lawyer->register()
#10 D:\wamp64\www\minutoadv2\vendor\codeigniter4\framework\system\CodeIgniter.php(398): CodeIgniter\CodeIgniter->runController(Object(App\Controllers\Lawyer))
#11 D:\wamp64\www\minutoadv2\vendor\codeigniter4\framework\system\CodeIgniter.php(306): CodeIgniter\CodeIgniter->handleRequest(NULL, Object(Config\Cache), false)
#12 D:\wamp64\www\minutoadv2\public\index.php(45): CodeIgniter\CodeIgniter->run()
#13 D:\wamp64\www\minutoadv2\vendor\codeigniter4\framework\system\Commands\Server\rewrite.php(34): require_once('D:\\wamp64\\www\\m...')
#14 {main}
CRITICAL - 2020-04-06 15:00:25 --> compact(): Undefined variable: page
#0 [internal function]: CodeIgniter\Debug\Exceptions->errorHandler(8, 'compact(): Unde...', 'D:\\wamp64\\www\\m...', 15, Array)
#1 D:\wamp64\www\minutoadv2\app\Views\Partials\header.php(15): compact(Array)
#2 D:\wamp64\www\minutoadv2\vendor\codeigniter4\framework\system\View\View.php(236): include('D:\\wamp64\\www\\m...')
#3 D:\wamp64\www\minutoadv2\vendor\codeigniter4\framework\system\Common.php(1071): CodeIgniter\View\View->render('Partials/header', Array, true)
#4 D:\wamp64\www\minutoadv2\app\Helpers\page_helper.php(24): view('Partials/header', Array, Array)
#5 D:\wamp64\www\minutoadv2\app\Views\Home\index.php(1): partial_view('header')
#6 D:\wamp64\www\minutoadv2\vendor\codeigniter4\framework\system\View\View.php(236): include('D:\\wamp64\\www\\m...')
#7 D:\wamp64\www\minutoadv2\vendor\codeigniter4\framework\system\Common.php(1071): CodeIgniter\View\View->render('Home/index', Array, true)
#8 D:\wamp64\www\minutoadv2\app\Controllers\Home.php(13): view('Home/index')
#9 D:\wamp64\www\minutoadv2\vendor\codeigniter4\framework\system\CodeIgniter.php(910): App\Controllers\Home->index()
#10 D:\wamp64\www\minutoadv2\vendor\codeigniter4\framework\system\CodeIgniter.php(398): CodeIgniter\CodeIgniter->runController(Object(App\Controllers\Home))
#11 D:\wamp64\www\minutoadv2\vendor\codeigniter4\framework\system\CodeIgniter.php(306): CodeIgniter\CodeIgniter->handleRequest(NULL, Object(Config\Cache), false)
#12 D:\wamp64\www\minutoadv2\public\index.php(45): CodeIgniter\CodeIgniter->run()
#13 D:\wamp64\www\minutoadv2\vendor\codeigniter4\framework\system\Commands\Server\rewrite.php(34): require_once('D:\\wamp64\\www\\m...')
#14 {main}
CRITICAL - 2020-04-06 15:01:10 --> compact(): Undefined variable: page
#0 [internal function]: CodeIgniter\Debug\Exceptions->errorHandler(8, 'compact(): Unde...', 'D:\\wamp64\\www\\m...', 15, Array)
#1 D:\wamp64\www\minutoadv2\app\Views\Partials\header.php(15): compact(Array)
#2 D:\wamp64\www\minutoadv2\vendor\codeigniter4\framework\system\View\View.php(236): include('D:\\wamp64\\www\\m...')
#3 D:\wamp64\www\minutoadv2\vendor\codeigniter4\framework\system\Common.php(1071): CodeIgniter\View\View->render('Partials/header', Array, true)
#4 D:\wamp64\www\minutoadv2\app\Helpers\page_helper.php(24): view('Partials/header', Array, Array)
#5 D:\wamp64\www\minutoadv2\app\Views\Lawyer\Register\index.php(8): partial_view('header', Array)
#6 D:\wamp64\www\minutoadv2\vendor\codeigniter4\framework\system\View\View.php(236): include('D:\\wamp64\\www\\m...')
#7 D:\wamp64\www\minutoadv2\vendor\codeigniter4\framework\system\Common.php(1071): CodeIgniter\View\View->render('Lawyer/Register...', Array, true)
#8 D:\wamp64\www\minutoadv2\app\Controllers\Lawyer.php(60): view('Lawyer/Register...', Array)
#9 D:\wamp64\www\minutoadv2\vendor\codeigniter4\framework\system\CodeIgniter.php(910): App\Controllers\Lawyer->register()
#10 D:\wamp64\www\minutoadv2\vendor\codeigniter4\framework\system\CodeIgniter.php(398): CodeIgniter\CodeIgniter->runController(Object(App\Controllers\Lawyer))
#11 D:\wamp64\www\minutoadv2\vendor\codeigniter4\framework\system\CodeIgniter.php(306): CodeIgniter\CodeIgniter->handleRequest(NULL, Object(Config\Cache), false)
#12 D:\wamp64\www\minutoadv2\public\index.php(45): CodeIgniter\CodeIgniter->run()
#13 D:\wamp64\www\minutoadv2\vendor\codeigniter4\framework\system\Commands\Server\rewrite.php(34): require_once('D:\\wamp64\\www\\m...')
#14 {main}
CRITICAL - 2020-04-06 15:01:10 --> compact(): Undefined variable: page
#0 [internal function]: CodeIgniter\Debug\Exceptions->errorHandler(8, 'compact(): Unde...', 'D:\\wamp64\\www\\m...', 15, Array)
#1 D:\wamp64\www\minutoadv2\app\Views\Partials\header.php(15): compact(Array)
#2 D:\wamp64\www\minutoadv2\vendor\codeigniter4\framework\system\View\View.php(236): include('D:\\wamp64\\www\\m...')
#3 D:\wamp64\www\minutoadv2\vendor\codeigniter4\framework\system\Common.php(1071): CodeIgniter\View\View->render('Partials/header', Array, true)
#4 D:\wamp64\www\minutoadv2\app\Helpers\page_helper.php(24): view('Partials/header', Array, Array)
#5 D:\wamp64\www\minutoadv2\app\Views\Home\index.php(1): partial_view('header')
#6 D:\wamp64\www\minutoadv2\vendor\codeigniter4\framework\system\View\View.php(236): include('D:\\wamp64\\www\\m...')
#7 D:\wamp64\www\minutoadv2\vendor\codeigniter4\framework\system\Common.php(1071): CodeIgniter\View\View->render('Home/index', Array, true)
#8 D:\wamp64\www\minutoadv2\app\Controllers\Home.php(13): view('Home/index')
#9 D:\wamp64\www\minutoadv2\vendor\codeigniter4\framework\system\CodeIgniter.php(910): App\Controllers\Home->index()
#10 D:\wamp64\www\minutoadv2\vendor\codeigniter4\framework\system\CodeIgniter.php(398): CodeIgniter\CodeIgniter->runController(Object(App\Controllers\Home))
#11 D:\wamp64\www\minutoadv2\vendor\codeigniter4\framework\system\CodeIgniter.php(306): CodeIgniter\CodeIgniter->handleRequest(NULL, Object(Config\Cache), false)
#12 D:\wamp64\www\minutoadv2\public\index.php(45): CodeIgniter\CodeIgniter->run()
#13 D:\wamp64\www\minutoadv2\vendor\codeigniter4\framework\system\Commands\Server\rewrite.php(34): require_once('D:\\wamp64\\www\\m...')
#14 {main}
CRITICAL - 2020-04-06 15:01:14 --> compact(): Undefined variable: page
#0 [internal function]: CodeIgniter\Debug\Exceptions->errorHandler(8, 'compact(): Unde...', 'D:\\wamp64\\www\\m...', 15, Array)
#1 D:\wamp64\www\minutoadv2\app\Views\Partials\header.php(15): compact(Array)
#2 D:\wamp64\www\minutoadv2\vendor\codeigniter4\framework\system\View\View.php(236): include('D:\\wamp64\\www\\m...')
#3 D:\wamp64\www\minutoadv2\vendor\codeigniter4\framework\system\Common.php(1071): CodeIgniter\View\View->render('Partials/header', Array, true)
#4 D:\wamp64\www\minutoadv2\app\Helpers\page_helper.php(24): view('Partials/header', Array, Array)
#5 D:\wamp64\www\minutoadv2\app\Views\Lawyer\Register\index.php(8): partial_view('header', Array)
#6 D:\wamp64\www\minutoadv2\vendor\codeigniter4\framework\system\View\View.php(236): include('D:\\wamp64\\www\\m...')
#7 D:\wamp64\www\minutoadv2\vendor\codeigniter4\framework\system\Common.php(1071): CodeIgniter\View\View->render('Lawyer/Register...', Array, true)
#8 D:\wamp64\www\minutoadv2\app\Controllers\Lawyer.php(60): view('Lawyer/Register...', Array)
#9 D:\wamp64\www\minutoadv2\vendor\codeigniter4\framework\system\CodeIgniter.php(910): App\Controllers\Lawyer->register()
#10 D:\wamp64\www\minutoadv2\vendor\codeigniter4\framework\system\CodeIgniter.php(398): CodeIgniter\CodeIgniter->runController(Object(App\Controllers\Lawyer))
#11 D:\wamp64\www\minutoadv2\vendor\codeigniter4\framework\system\CodeIgniter.php(306): CodeIgniter\CodeIgniter->handleRequest(NULL, Object(Config\Cache), false)
#12 D:\wamp64\www\minutoadv2\public\index.php(45): CodeIgniter\CodeIgniter->run()
#13 D:\wamp64\www\minutoadv2\vendor\codeigniter4\framework\system\Commands\Server\rewrite.php(34): require_once('D:\\wamp64\\www\\m...')
#14 {main}
CRITICAL - 2020-04-06 15:01:14 --> compact(): Undefined variable: page
#0 [internal function]: CodeIgniter\Debug\Exceptions->errorHandler(8, 'compact(): Unde...', 'D:\\wamp64\\www\\m...', 15, Array)
#1 D:\wamp64\www\minutoadv2\app\Views\Partials\header.php(15): compact(Array)
#2 D:\wamp64\www\minutoadv2\vendor\codeigniter4\framework\system\View\View.php(236): include('D:\\wamp64\\www\\m...')
#3 D:\wamp64\www\minutoadv2\vendor\codeigniter4\framework\system\Common.php(1071): CodeIgniter\View\View->render('Partials/header', Array, true)
#4 D:\wamp64\www\minutoadv2\app\Helpers\page_helper.php(24): view('Partials/header', Array, Array)
#5 D:\wamp64\www\minutoadv2\app\Views\Home\index.php(1): partial_view('header')
#6 D:\wamp64\www\minutoadv2\vendor\codeigniter4\framework\system\View\View.php(236): include('D:\\wamp64\\www\\m...')
#7 D:\wamp64\www\minutoadv2\vendor\codeigniter4\framework\system\Common.php(1071): CodeIgniter\View\View->render('Home/index', Array, true)
#8 D:\wamp64\www\minutoadv2\app\Controllers\Home.php(13): view('Home/index')
#9 D:\wamp64\www\minutoadv2\vendor\codeigniter4\framework\system\CodeIgniter.php(910): App\Controllers\Home->index()
#10 D:\wamp64\www\minutoadv2\vendor\codeigniter4\framework\system\CodeIgniter.php(398): CodeIgniter\CodeIgniter->runController(Object(App\Controllers\Home))
#11 D:\wamp64\www\minutoadv2\vendor\codeigniter4\framework\system\CodeIgniter.php(306): CodeIgniter\CodeIgniter->handleRequest(NULL, Object(Config\Cache), false)
#12 D:\wamp64\www\minutoadv2\public\index.php(45): CodeIgniter\CodeIgniter->run()
#13 D:\wamp64\www\minutoadv2\vendor\codeigniter4\framework\system\Commands\Server\rewrite.php(34): require_once('D:\\wamp64\\www\\m...')
#14 {main}
CRITICAL - 2020-04-06 15:02:03 --> compact(): Undefined variable: meta_keywords
#0 [internal function]: CodeIgniter\Debug\Exceptions->errorHandler(8, 'compact(): Unde...', 'D:\\wamp64\\www\\m...', 17, Array)
#1 D:\wamp64\www\minutoadv2\app\Views\Partials\header.php(17): compact(Array)
#2 D:\wamp64\www\minutoadv2\vendor\codeigniter4\framework\system\View\View.php(236): include('D:\\wamp64\\www\\m...')
#3 D:\wamp64\www\minutoadv2\vendor\codeigniter4\framework\system\Common.php(1071): CodeIgniter\View\View->render('Partials/header', Array, true)
#4 D:\wamp64\www\minutoadv2\app\Helpers\page_helper.php(24): view('Partials/header', Array, Array)
#5 D:\wamp64\www\minutoadv2\app\Views\Lawyer\Register\index.php(8): partial_view('header', Array)
#6 D:\wamp64\www\minutoadv2\vendor\codeigniter4\framework\system\View\View.php(236): include('D:\\wamp64\\www\\m...')
#7 D:\wamp64\www\minutoadv2\vendor\codeigniter4\framework\system\Common.php(1071): CodeIgniter\View\View->render('Lawyer/Register...', Array, true)
#8 D:\wamp64\www\minutoadv2\app\Controllers\Lawyer.php(60): view('Lawyer/Register...', Array)
#9 D:\wamp64\www\minutoadv2\vendor\codeigniter4\framework\system\CodeIgniter.php(910): App\Controllers\Lawyer->register()
#10 D:\wamp64\www\minutoadv2\vendor\codeigniter4\framework\system\CodeIgniter.php(398): CodeIgniter\CodeIgniter->runController(Object(App\Controllers\Lawyer))
#11 D:\wamp64\www\minutoadv2\vendor\codeigniter4\framework\system\CodeIgniter.php(306): CodeIgniter\CodeIgniter->handleRequest(NULL, Object(Config\Cache), false)
#12 D:\wamp64\www\minutoadv2\public\index.php(45): CodeIgniter\CodeIgniter->run()
#13 D:\wamp64\www\minutoadv2\vendor\codeigniter4\framework\system\Commands\Server\rewrite.php(34): require_once('D:\\wamp64\\www\\m...')
#14 {main}
CRITICAL - 2020-04-06 15:02:04 --> compact(): Undefined variable: meta_keywords
#0 [internal function]: CodeIgniter\Debug\Exceptions->errorHandler(8, 'compact(): Unde...', 'D:\\wamp64\\www\\m...', 17, Array)
#1 D:\wamp64\www\minutoadv2\app\Views\Partials\header.php(17): compact(Array)
#2 D:\wamp64\www\minutoadv2\vendor\codeigniter4\framework\system\View\View.php(236): include('D:\\wamp64\\www\\m...')
#3 D:\wamp64\www\minutoadv2\vendor\codeigniter4\framework\system\Common.php(1071): CodeIgniter\View\View->render('Partials/header', Array, true)
#4 D:\wamp64\www\minutoadv2\app\Helpers\page_helper.php(24): view('Partials/header', Array, Array)
#5 D:\wamp64\www\minutoadv2\app\Views\Home\index.php(1): partial_view('header')
#6 D:\wamp64\www\minutoadv2\vendor\codeigniter4\framework\system\View\View.php(236): include('D:\\wamp64\\www\\m...')
#7 D:\wamp64\www\minutoadv2\vendor\codeigniter4\framework\system\Common.php(1071): CodeIgniter\View\View->render('Home/index', Array, true)
#8 D:\wamp64\www\minutoadv2\app\Controllers\Home.php(13): view('Home/index')
#9 D:\wamp64\www\minutoadv2\vendor\codeigniter4\framework\system\CodeIgniter.php(910): App\Controllers\Home->index()
#10 D:\wamp64\www\minutoadv2\vendor\codeigniter4\framework\system\CodeIgniter.php(398): CodeIgniter\CodeIgniter->runController(Object(App\Controllers\Home))
#11 D:\wamp64\www\minutoadv2\vendor\codeigniter4\framework\system\CodeIgniter.php(306): CodeIgniter\CodeIgniter->handleRequest(NULL, Object(Config\Cache), false)
#12 D:\wamp64\www\minutoadv2\public\index.php(45): CodeIgniter\CodeIgniter->run()
#13 D:\wamp64\www\minutoadv2\vendor\codeigniter4\framework\system\Commands\Server\rewrite.php(34): require_once('D:\\wamp64\\www\\m...')
#14 {main}
CRITICAL - 2020-04-06 15:03:05 --> compact(): Undefined variable: meta_keywords
#0 [internal function]: CodeIgniter\Debug\Exceptions->errorHandler(8, 'compact(): Unde...', 'D:\\wamp64\\www\\m...', 14, Array)
#1 D:\wamp64\www\minutoadv2\app\Views\Lawyer\Login\header.php(14): compact(Array)
#2 D:\wamp64\www\minutoadv2\vendor\codeigniter4\framework\system\View\View.php(236): include('D:\\wamp64\\www\\m...')
#3 D:\wamp64\www\minutoadv2\vendor\codeigniter4\framework\system\Common.php(1071): CodeIgniter\View\View->render('Lawyer/Login/he...', Array, true)
#4 D:\wamp64\www\minutoadv2\app\Views\Lawyer\Login\index.php(6): view('Lawyer/Login/he...')
#5 D:\wamp64\www\minutoadv2\vendor\codeigniter4\framework\system\View\View.php(236): include('D:\\wamp64\\www\\m...')
#6 D:\wamp64\www\minutoadv2\vendor\codeigniter4\framework\system\Common.php(1071): CodeIgniter\View\View->render('Lawyer/Login/in...', Array, true)
#7 D:\wamp64\www\minutoadv2\app\Controllers\Lawyer\Login.php(36): view('Lawyer/Login/in...', Array)
#8 D:\wamp64\www\minutoadv2\vendor\codeigniter4\framework\system\CodeIgniter.php(910): App\Controllers\Lawyer\Login->index()
#9 D:\wamp64\www\minutoadv2\vendor\codeigniter4\framework\system\CodeIgniter.php(398): CodeIgniter\CodeIgniter->runController(Object(App\Controllers\Lawyer\Login))
#10 D:\wamp64\www\minutoadv2\vendor\codeigniter4\framework\system\CodeIgniter.php(306): CodeIgniter\CodeIgniter->handleRequest(NULL, Object(Config\Cache), false)
#11 D:\wamp64\www\minutoadv2\public\index.php(45): CodeIgniter\CodeIgniter->run()
#12 D:\wamp64\www\minutoadv2\vendor\codeigniter4\framework\system\Commands\Server\rewrite.php(34): require_once('D:\\wamp64\\www\\m...')
#13 {main}
