CRITICAL - 2020-08-03 06:13:35 --> Invalid argument supplied for foreach()
#0 D:\wamp64\www\realtelecom\app\Views\App\About\index.php(21): CodeIgniter\Debug\Exceptions->errorHandler(2, 'Invalid argumen...', 'D:\\wamp64\\www\\r...', 21, Array)
#1 D:\wamp64\www\realtelecom\vendor\codeigniter4\framework\system\View\View.php(246): include('D:\\wamp64\\www\\r...')
#2 D:\wamp64\www\realtelecom\vendor\codeigniter4\framework\system\Common.php(1087): CodeIgniter\View\View->render('App/About/index', Array, true)
#3 D:\wamp64\www\realtelecom\app\Controllers\App\About.php(11): view('App/About/index', Array)
#4 D:\wamp64\www\realtelecom\vendor\codeigniter4\framework\system\CodeIgniter.php(914): App\Controllers\App\About->index()
#5 D:\wamp64\www\realtelecom\vendor\codeigniter4\framework\system\CodeIgniter.php(400): CodeIgniter\CodeIgniter->runController(Object(App\Controllers\App\About))
#6 D:\wamp64\www\realtelecom\vendor\codeigniter4\framework\system\CodeIgniter.php(308): CodeIgniter\CodeIgniter->handleRequest(NULL, Object(Config\Cache), false)
#7 D:\wamp64\www\realtelecom\public\index.php(45): CodeIgniter\CodeIgniter->run()
#8 D:\wamp64\www\realtelecom\vendor\codeigniter4\framework\system\Commands\Server\rewrite.php(34): require_once('D:\\wamp64\\www\\r...')
#9 {main}
CRITICAL - 2020-08-03 13:12:58 --> Undefined index: id
#0 D:\wamp64\www\realtelecom\app\Entities\SysPage.php(50): CodeIgniter\Debug\Exceptions->errorHandler(8, 'Undefined index...', 'D:\\wamp64\\www\\r...', 50, Array)
#1 D:\wamp64\www\realtelecom\vendor\codeigniter4\framework\system\Entity.php(299): App\Entities\SysPage->getVariables()
#2 D:\wamp64\www\realtelecom\app\Views\Admin\Pages\edit\content.php(10): CodeIgniter\Entity->__get('variables')
#3 D:\wamp64\www\realtelecom\vendor\codeigniter4\framework\system\View\View.php(246): include('D:\\wamp64\\www\\r...')
#4 D:\wamp64\www\realtelecom\vendor\codeigniter4\framework\system\Common.php(1087): CodeIgniter\View\View->render('Admin/Pages/edi...', Array, true)
#5 D:\wamp64\www\realtelecom\app\Views\Admin\Pages\edit.php(78): view('Admin/Pages/edi...', Array)
#6 D:\wamp64\www\realtelecom\vendor\codeigniter4\framework\system\View\View.php(246): include('D:\\wamp64\\www\\r...')
#7 D:\wamp64\www\realtelecom\vendor\codeigniter4\framework\system\Common.php(1087): CodeIgniter\View\View->render('Admin/Pages/edi...', Array, true)
#8 D:\wamp64\www\realtelecom\app\Controllers\Admin\Pages.php(77): view('Admin/Pages/edi...', Array)
#9 D:\wamp64\www\realtelecom\vendor\codeigniter4\framework\system\CodeIgniter.php(914): App\Controllers\Admin\Pages->edit('contato')
#10 D:\wamp64\www\realtelecom\vendor\codeigniter4\framework\system\CodeIgniter.php(400): CodeIgniter\CodeIgniter->runController(Object(App\Controllers\Admin\Pages))
#11 D:\wamp64\www\realtelecom\vendor\codeigniter4\framework\system\CodeIgniter.php(308): CodeIgniter\CodeIgniter->handleRequest(NULL, Object(Config\Cache), false)
#12 D:\wamp64\www\realtelecom\public\index.php(45): CodeIgniter\CodeIgniter->run()
#13 D:\wamp64\www\realtelecom\vendor\codeigniter4\framework\system\Commands\Server\rewrite.php(34): require_once('D:\\wamp64\\www\\r...')
#14 {main}
CRITICAL - 2020-08-03 13:15:29 --> Undefined index: id
#0 D:\wamp64\www\realtelecom\app\Entities\SysPage.php(50): CodeIgniter\Debug\Exceptions->errorHandler(8, 'Undefined index...', 'D:\\wamp64\\www\\r...', 50, Array)
#1 D:\wamp64\www\realtelecom\vendor\codeigniter4\framework\system\Entity.php(299): App\Entities\SysPage->getVariables()
#2 D:\wamp64\www\realtelecom\app\Views\Admin\Pages\edit\content.php(10): CodeIgniter\Entity->__get('variables')
#3 D:\wamp64\www\realtelecom\vendor\codeigniter4\framework\system\View\View.php(246): include('D:\\wamp64\\www\\r...')
#4 D:\wamp64\www\realtelecom\vendor\codeigniter4\framework\system\Common.php(1087): CodeIgniter\View\View->render('Admin/Pages/edi...', Array, true)
#5 D:\wamp64\www\realtelecom\app\Views\Admin\Pages\edit.php(78): view('Admin/Pages/edi...', Array)
#6 D:\wamp64\www\realtelecom\vendor\codeigniter4\framework\system\View\View.php(246): include('D:\\wamp64\\www\\r...')
#7 D:\wamp64\www\realtelecom\vendor\codeigniter4\framework\system\Common.php(1087): CodeIgniter\View\View->render('Admin/Pages/edi...', Array, true)
#8 D:\wamp64\www\realtelecom\app\Controllers\Admin\Pages.php(77): view('Admin/Pages/edi...', Array)
#9 D:\wamp64\www\realtelecom\vendor\codeigniter4\framework\system\CodeIgniter.php(914): App\Controllers\Admin\Pages->edit('admin\\pagina', 'contato')
#10 D:\wamp64\www\realtelecom\vendor\codeigniter4\framework\system\CodeIgniter.php(400): CodeIgniter\CodeIgniter->runController(Object(App\Controllers\Admin\Pages))
#11 D:\wamp64\www\realtelecom\vendor\codeigniter4\framework\system\CodeIgniter.php(308): CodeIgniter\CodeIgniter->handleRequest(NULL, Object(Config\Cache), false)
#12 D:\wamp64\www\realtelecom\public\index.php(45): CodeIgniter\CodeIgniter->run()
#13 D:\wamp64\www\realtelecom\vendor\codeigniter4\framework\system\Commands\Server\rewrite.php(34): require_once('D:\\wamp64\\www\\r...')
#14 {main}
