CRITICAL - 2020-08-06 07:28:01 --> Trying to get property 'id' of non-object
#0 D:\wamp64\www\realtelecom\app\Views\Admin\App\AreaDeCobertura\index.php(29): CodeIgniter\Debug\Exceptions->errorHandler(8, 'Trying to get p...', 'D:\\wamp64\\www\\r...', 29, Array)
#1 D:\wamp64\www\realtelecom\vendor\codeigniter4\framework\system\View\View.php(246): include('D:\\wamp64\\www\\r...')
#2 D:\wamp64\www\realtelecom\vendor\codeigniter4\framework\system\Common.php(1087): CodeIgniter\View\View->render('Admin/App/AreaD...', Array, true)
#3 D:\wamp64\www\realtelecom\app\Controllers\Admin\App\AreaDeCobertura.php(27): view('Admin/App/AreaD...', Array)
#4 D:\wamp64\www\realtelecom\vendor\codeigniter4\framework\system\CodeIgniter.php(914): App\Controllers\Admin\App\AreaDeCobertura->index()
#5 D:\wamp64\www\realtelecom\vendor\codeigniter4\framework\system\CodeIgniter.php(400): CodeIgniter\CodeIgniter->runController(Object(App\Controllers\Admin\App\AreaDeCobertura))
#6 D:\wamp64\www\realtelecom\vendor\codeigniter4\framework\system\CodeIgniter.php(308): CodeIgniter\CodeIgniter->handleRequest(NULL, Object(Config\Cache), false)
#7 D:\wamp64\www\realtelecom\public\index.php(45): CodeIgniter\CodeIgniter->run()
#8 D:\wamp64\www\realtelecom\vendor\codeigniter4\framework\system\Commands\Server\rewrite.php(34): require_once('D:\\wamp64\\www\\r...')
#9 {main}
CRITICAL - 2020-08-06 08:14:04 --> A ação que você solicitou não é permitida.
#0 D:\wamp64\www\realtelecom\vendor\codeigniter4\framework\system\Security\Security.php(233): CodeIgniter\Security\Exceptions\SecurityException::forDisallowedAction()
#1 D:\wamp64\www\realtelecom\vendor\codeigniter4\framework\system\Filters\CSRF.php(85): CodeIgniter\Security\Security->CSRFVerify(Object(CodeIgniter\HTTP\IncomingRequest))
#2 D:\wamp64\www\realtelecom\vendor\codeigniter4\framework\system\Filters\Filters.php(173): CodeIgniter\Filters\CSRF->before(Object(CodeIgniter\HTTP\IncomingRequest), NULL)
#3 D:\wamp64\www\realtelecom\vendor\codeigniter4\framework\system\CodeIgniter.php(378): CodeIgniter\Filters\Filters->run('admin/area-de-c...', 'before')
#4 D:\wamp64\www\realtelecom\vendor\codeigniter4\framework\system\CodeIgniter.php(308): CodeIgniter\CodeIgniter->handleRequest(NULL, Object(Config\Cache), false)
#5 D:\wamp64\www\realtelecom\public\index.php(45): CodeIgniter\CodeIgniter->run()
#6 D:\wamp64\www\realtelecom\vendor\codeigniter4\framework\system\Commands\Server\rewrite.php(34): require_once('D:\\wamp64\\www\\r...')
#7 {main}
CRITICAL - 2020-08-06 08:20:07 --> Call to undefined method CodeIgniter\HTTP\IncomingRequest::post()
#0 D:\wamp64\www\realtelecom\vendor\codeigniter4\framework\system\CodeIgniter.php(914): App\Controllers\Admin\App\AreaDeCobertura->bairros_add()
#1 D:\wamp64\www\realtelecom\vendor\codeigniter4\framework\system\CodeIgniter.php(400): CodeIgniter\CodeIgniter->runController(Object(App\Controllers\Admin\App\AreaDeCobertura))
#2 D:\wamp64\www\realtelecom\vendor\codeigniter4\framework\system\CodeIgniter.php(308): CodeIgniter\CodeIgniter->handleRequest(NULL, Object(Config\Cache), false)
#3 D:\wamp64\www\realtelecom\public\index.php(45): CodeIgniter\CodeIgniter->run()
#4 D:\wamp64\www\realtelecom\vendor\codeigniter4\framework\system\Commands\Server\rewrite.php(34): require_once('D:\\wamp64\\www\\r...')
#5 {main}
CRITICAL - 2020-08-06 08:47:55 --> A ação que você solicitou não é permitida.
#0 D:\wamp64\www\realtelecom\vendor\codeigniter4\framework\system\Security\Security.php(233): CodeIgniter\Security\Exceptions\SecurityException::forDisallowedAction()
#1 D:\wamp64\www\realtelecom\vendor\codeigniter4\framework\system\Filters\CSRF.php(85): CodeIgniter\Security\Security->CSRFVerify(Object(CodeIgniter\HTTP\IncomingRequest))
#2 D:\wamp64\www\realtelecom\vendor\codeigniter4\framework\system\Filters\Filters.php(173): CodeIgniter\Filters\CSRF->before(Object(CodeIgniter\HTTP\IncomingRequest), NULL)
#3 D:\wamp64\www\realtelecom\vendor\codeigniter4\framework\system\CodeIgniter.php(378): CodeIgniter\Filters\Filters->run('admin/area-de-c...', 'before')
#4 D:\wamp64\www\realtelecom\vendor\codeigniter4\framework\system\CodeIgniter.php(308): CodeIgniter\CodeIgniter->handleRequest(NULL, Object(Config\Cache), false)
#5 D:\wamp64\www\realtelecom\public\index.php(45): CodeIgniter\CodeIgniter->run()
#6 D:\wamp64\www\realtelecom\vendor\codeigniter4\framework\system\Commands\Server\rewrite.php(34): require_once('D:\\wamp64\\www\\r...')
#7 {main}
CRITICAL - 2020-08-06 08:48:00 --> A ação que você solicitou não é permitida.
#0 D:\wamp64\www\realtelecom\vendor\codeigniter4\framework\system\Security\Security.php(233): CodeIgniter\Security\Exceptions\SecurityException::forDisallowedAction()
#1 D:\wamp64\www\realtelecom\vendor\codeigniter4\framework\system\Filters\CSRF.php(85): CodeIgniter\Security\Security->CSRFVerify(Object(CodeIgniter\HTTP\IncomingRequest))
#2 D:\wamp64\www\realtelecom\vendor\codeigniter4\framework\system\Filters\Filters.php(173): CodeIgniter\Filters\CSRF->before(Object(CodeIgniter\HTTP\IncomingRequest), NULL)
#3 D:\wamp64\www\realtelecom\vendor\codeigniter4\framework\system\CodeIgniter.php(378): CodeIgniter\Filters\Filters->run('admin/area-de-c...', 'before')
#4 D:\wamp64\www\realtelecom\vendor\codeigniter4\framework\system\CodeIgniter.php(308): CodeIgniter\CodeIgniter->handleRequest(NULL, Object(Config\Cache), false)
#5 D:\wamp64\www\realtelecom\public\index.php(45): CodeIgniter\CodeIgniter->run()
#6 D:\wamp64\www\realtelecom\vendor\codeigniter4\framework\system\Commands\Server\rewrite.php(34): require_once('D:\\wamp64\\www\\r...')
#7 {main}
CRITICAL - 2020-08-06 08:48:14 --> A ação que você solicitou não é permitida.
#0 D:\wamp64\www\realtelecom\vendor\codeigniter4\framework\system\Security\Security.php(233): CodeIgniter\Security\Exceptions\SecurityException::forDisallowedAction()
#1 D:\wamp64\www\realtelecom\vendor\codeigniter4\framework\system\Filters\CSRF.php(85): CodeIgniter\Security\Security->CSRFVerify(Object(CodeIgniter\HTTP\IncomingRequest))
#2 D:\wamp64\www\realtelecom\vendor\codeigniter4\framework\system\Filters\Filters.php(173): CodeIgniter\Filters\CSRF->before(Object(CodeIgniter\HTTP\IncomingRequest), NULL)
#3 D:\wamp64\www\realtelecom\vendor\codeigniter4\framework\system\CodeIgniter.php(378): CodeIgniter\Filters\Filters->run('admin/area-de-c...', 'before')
#4 D:\wamp64\www\realtelecom\vendor\codeigniter4\framework\system\CodeIgniter.php(308): CodeIgniter\CodeIgniter->handleRequest(NULL, Object(Config\Cache), false)
#5 D:\wamp64\www\realtelecom\public\index.php(45): CodeIgniter\CodeIgniter->run()
#6 D:\wamp64\www\realtelecom\vendor\codeigniter4\framework\system\Commands\Server\rewrite.php(34): require_once('D:\\wamp64\\www\\r...')
#7 {main}
CRITICAL - 2020-08-06 09:28:29 --> compact(): Undefined variable: page
#0 [internal function]: CodeIgniter\Debug\Exceptions->errorHandler(8, 'compact(): Unde...', 'D:\\wamp64\\www\\r...', 7, Array)
#1 D:\wamp64\www\realtelecom\app\Views\App\AreaDeCobertura\index.php(7): compact('page')
#2 D:\wamp64\www\realtelecom\vendor\codeigniter4\framework\system\View\View.php(246): include('D:\\wamp64\\www\\r...')
#3 D:\wamp64\www\realtelecom\vendor\codeigniter4\framework\system\Common.php(1087): CodeIgniter\View\View->render('App/AreaDeCober...', Array, true)
#4 D:\wamp64\www\realtelecom\app\Controllers\App\AreaDeCobertura.php(26): view('App/AreaDeCober...', Array)
#5 D:\wamp64\www\realtelecom\vendor\codeigniter4\framework\system\CodeIgniter.php(914): App\Controllers\App\AreaDeCobertura->index()
#6 D:\wamp64\www\realtelecom\vendor\codeigniter4\framework\system\CodeIgniter.php(400): CodeIgniter\CodeIgniter->runController(Object(App\Controllers\App\AreaDeCobertura))
#7 D:\wamp64\www\realtelecom\vendor\codeigniter4\framework\system\CodeIgniter.php(308): CodeIgniter\CodeIgniter->handleRequest(NULL, Object(Config\Cache), false)
#8 D:\wamp64\www\realtelecom\public\index.php(45): CodeIgniter\CodeIgniter->run()
#9 D:\wamp64\www\realtelecom\vendor\codeigniter4\framework\system\Commands\Server\rewrite.php(34): require_once('D:\\wamp64\\www\\r...')
#10 {main}
CRITICAL - 2020-08-06 09:29:02 --> compact(): Undefined variable: page
#0 [internal function]: CodeIgniter\Debug\Exceptions->errorHandler(8, 'compact(): Unde...', 'D:\\wamp64\\www\\r...', 7, Array)
#1 D:\wamp64\www\realtelecom\app\Views\App\AreaDeCobertura\index.php(7): compact('page')
#2 D:\wamp64\www\realtelecom\vendor\codeigniter4\framework\system\View\View.php(246): include('D:\\wamp64\\www\\r...')
#3 D:\wamp64\www\realtelecom\vendor\codeigniter4\framework\system\Common.php(1087): CodeIgniter\View\View->render('App/AreaDeCober...', Array, true)
#4 D:\wamp64\www\realtelecom\app\Controllers\App\AreaDeCobertura.php(28): view('App/AreaDeCober...', Array)
#5 D:\wamp64\www\realtelecom\vendor\codeigniter4\framework\system\CodeIgniter.php(914): App\Controllers\App\AreaDeCobertura->index()
#6 D:\wamp64\www\realtelecom\vendor\codeigniter4\framework\system\CodeIgniter.php(400): CodeIgniter\CodeIgniter->runController(Object(App\Controllers\App\AreaDeCobertura))
#7 D:\wamp64\www\realtelecom\vendor\codeigniter4\framework\system\CodeIgniter.php(308): CodeIgniter\CodeIgniter->handleRequest(NULL, Object(Config\Cache), false)
#8 D:\wamp64\www\realtelecom\public\index.php(45): CodeIgniter\CodeIgniter->run()
#9 D:\wamp64\www\realtelecom\vendor\codeigniter4\framework\system\Commands\Server\rewrite.php(34): require_once('D:\\wamp64\\www\\r...')
#10 {main}
CRITICAL - 2020-08-06 09:29:06 --> compact(): Undefined variable: page
#0 [internal function]: CodeIgniter\Debug\Exceptions->errorHandler(8, 'compact(): Unde...', 'D:\\wamp64\\www\\r...', 7, Array)
#1 D:\wamp64\www\realtelecom\app\Views\App\AreaDeCobertura\index.php(7): compact('page')
#2 D:\wamp64\www\realtelecom\vendor\codeigniter4\framework\system\View\View.php(246): include('D:\\wamp64\\www\\r...')
#3 D:\wamp64\www\realtelecom\vendor\codeigniter4\framework\system\Common.php(1087): CodeIgniter\View\View->render('App/AreaDeCober...', Array, true)
#4 D:\wamp64\www\realtelecom\app\Controllers\App\AreaDeCobertura.php(28): view('App/AreaDeCober...', Array)
#5 D:\wamp64\www\realtelecom\vendor\codeigniter4\framework\system\CodeIgniter.php(914): App\Controllers\App\AreaDeCobertura->index()
#6 D:\wamp64\www\realtelecom\vendor\codeigniter4\framework\system\CodeIgniter.php(400): CodeIgniter\CodeIgniter->runController(Object(App\Controllers\App\AreaDeCobertura))
#7 D:\wamp64\www\realtelecom\vendor\codeigniter4\framework\system\CodeIgniter.php(308): CodeIgniter\CodeIgniter->handleRequest(NULL, Object(Config\Cache), false)
#8 D:\wamp64\www\realtelecom\public\index.php(45): CodeIgniter\CodeIgniter->run()
#9 D:\wamp64\www\realtelecom\vendor\codeigniter4\framework\system\Commands\Server\rewrite.php(34): require_once('D:\\wamp64\\www\\r...')
#10 {main}
CRITICAL - 2020-08-06 14:50:59 --> Undefined index: titulo
#0 D:\wamp64\www\realtelecom\app\Views\App\Plans\list.php(18): CodeIgniter\Debug\Exceptions->errorHandler(8, 'Undefined index...', 'D:\\wamp64\\www\\r...', 18, Array)
#1 D:\wamp64\www\realtelecom\vendor\codeigniter4\framework\system\View\View.php(246): include('D:\\wamp64\\www\\r...')
#2 D:\wamp64\www\realtelecom\vendor\codeigniter4\framework\system\Common.php(1087): CodeIgniter\View\View->render('App/Plans/list', Array, true)
#3 D:\wamp64\www\realtelecom\app\Views\App\Plans\index.php(10): view('App/Plans/list', Array)
#4 D:\wamp64\www\realtelecom\vendor\codeigniter4\framework\system\View\View.php(246): include('D:\\wamp64\\www\\r...')
#5 D:\wamp64\www\realtelecom\vendor\codeigniter4\framework\system\Common.php(1087): CodeIgniter\View\View->render('App/Plans/index', Array, true)
#6 D:\wamp64\www\realtelecom\app\Controllers\App\Plans.php(11): view('App/Plans/index', Array)
#7 D:\wamp64\www\realtelecom\vendor\codeigniter4\framework\system\CodeIgniter.php(914): App\Controllers\App\Plans->index()
#8 D:\wamp64\www\realtelecom\vendor\codeigniter4\framework\system\CodeIgniter.php(400): CodeIgniter\CodeIgniter->runController(Object(App\Controllers\App\Plans))
#9 D:\wamp64\www\realtelecom\vendor\codeigniter4\framework\system\CodeIgniter.php(308): CodeIgniter\CodeIgniter->handleRequest(NULL, Object(Config\Cache), false)
#10 D:\wamp64\www\realtelecom\public\index.php(45): CodeIgniter\CodeIgniter->run()
#11 D:\wamp64\www\realtelecom\vendor\codeigniter4\framework\system\Commands\Server\rewrite.php(34): require_once('D:\\wamp64\\www\\r...')
#12 {main}
CRITICAL - 2020-08-06 14:51:28 --> Invalid argument supplied for foreach()
#0 D:\wamp64\www\realtelecom\app\Views\App\Plans\list.php(13): CodeIgniter\Debug\Exceptions->errorHandler(2, 'Invalid argumen...', 'D:\\wamp64\\www\\r...', 13, Array)
#1 D:\wamp64\www\realtelecom\vendor\codeigniter4\framework\system\View\View.php(246): include('D:\\wamp64\\www\\r...')
#2 D:\wamp64\www\realtelecom\vendor\codeigniter4\framework\system\Common.php(1087): CodeIgniter\View\View->render('App/Plans/list', Array, true)
#3 D:\wamp64\www\realtelecom\app\Views\App\Plans\index.php(10): view('App/Plans/list', Array)
#4 D:\wamp64\www\realtelecom\vendor\codeigniter4\framework\system\View\View.php(246): include('D:\\wamp64\\www\\r...')
#5 D:\wamp64\www\realtelecom\vendor\codeigniter4\framework\system\Common.php(1087): CodeIgniter\View\View->render('App/Plans/index', Array, true)
#6 D:\wamp64\www\realtelecom\app\Controllers\App\Plans.php(11): view('App/Plans/index', Array)
#7 D:\wamp64\www\realtelecom\vendor\codeigniter4\framework\system\CodeIgniter.php(914): App\Controllers\App\Plans->index()
#8 D:\wamp64\www\realtelecom\vendor\codeigniter4\framework\system\CodeIgniter.php(400): CodeIgniter\CodeIgniter->runController(Object(App\Controllers\App\Plans))
#9 D:\wamp64\www\realtelecom\vendor\codeigniter4\framework\system\CodeIgniter.php(308): CodeIgniter\CodeIgniter->handleRequest(NULL, Object(Config\Cache), false)
#10 D:\wamp64\www\realtelecom\public\index.php(45): CodeIgniter\CodeIgniter->run()
#11 D:\wamp64\www\realtelecom\vendor\codeigniter4\framework\system\Commands\Server\rewrite.php(34): require_once('D:\\wamp64\\www\\r...')
#12 {main}
CRITICAL - 2020-08-06 15:21:38 --> Undefined variable: cidades
#0 D:\wamp64\www\realtelecom\app\Views\App\Subscribe\index.php(64): CodeIgniter\Debug\Exceptions->errorHandler(8, 'Undefined varia...', 'D:\\wamp64\\www\\r...', 64, Array)
#1 D:\wamp64\www\realtelecom\vendor\codeigniter4\framework\system\View\View.php(246): include('D:\\wamp64\\www\\r...')
#2 D:\wamp64\www\realtelecom\vendor\codeigniter4\framework\system\Common.php(1087): CodeIgniter\View\View->render('App/Subscribe/i...', Array, true)
#3 D:\wamp64\www\realtelecom\app\Controllers\App\Subscribe.php(34): view('App/Subscribe/i...', Array)
#4 D:\wamp64\www\realtelecom\vendor\codeigniter4\framework\system\CodeIgniter.php(914): App\Controllers\App\Subscribe->index()
#5 D:\wamp64\www\realtelecom\vendor\codeigniter4\framework\system\CodeIgniter.php(400): CodeIgniter\CodeIgniter->runController(Object(App\Controllers\App\Subscribe))
#6 D:\wamp64\www\realtelecom\vendor\codeigniter4\framework\system\CodeIgniter.php(308): CodeIgniter\CodeIgniter->handleRequest(NULL, Object(Config\Cache), false)
#7 D:\wamp64\www\realtelecom\public\index.php(45): CodeIgniter\CodeIgniter->run()
#8 D:\wamp64\www\realtelecom\vendor\codeigniter4\framework\system\Commands\Server\rewrite.php(34): require_once('D:\\wamp64\\www\\r...')
#9 {main}
CRITICAL - 2020-08-06 15:22:31 --> Array to string conversion
#0 D:\wamp64\www\realtelecom\app\Views\App\Subscribe\index.php(65): CodeIgniter\Debug\Exceptions->errorHandler(8, 'Array to string...', 'D:\\wamp64\\www\\r...', 65, Array)
#1 D:\wamp64\www\realtelecom\vendor\codeigniter4\framework\system\View\View.php(246): include('D:\\wamp64\\www\\r...')
#2 D:\wamp64\www\realtelecom\vendor\codeigniter4\framework\system\Common.php(1087): CodeIgniter\View\View->render('App/Subscribe/i...', Array, true)
#3 D:\wamp64\www\realtelecom\app\Controllers\App\Subscribe.php(39): view('App/Subscribe/i...', Array)
#4 D:\wamp64\www\realtelecom\vendor\codeigniter4\framework\system\CodeIgniter.php(914): App\Controllers\App\Subscribe->index()
#5 D:\wamp64\www\realtelecom\vendor\codeigniter4\framework\system\CodeIgniter.php(400): CodeIgniter\CodeIgniter->runController(Object(App\Controllers\App\Subscribe))
#6 D:\wamp64\www\realtelecom\vendor\codeigniter4\framework\system\CodeIgniter.php(308): CodeIgniter\CodeIgniter->handleRequest(NULL, Object(Config\Cache), false)
#7 D:\wamp64\www\realtelecom\public\index.php(45): CodeIgniter\CodeIgniter->run()
#8 D:\wamp64\www\realtelecom\vendor\codeigniter4\framework\system\Commands\Server\rewrite.php(34): require_once('D:\\wamp64\\www\\r...')
#9 {main}
