CRITICAL - 2020-09-15 08:12:17 --> A non well formed numeric value encountered
#0 [internal function]: CodeIgniter\Debug\Exceptions->errorHandler(8, 'A non well form...', 'D:\\wamp64\\www\\p...', 72, Array)
#1 D:\wamp64\www\puravida\app\Views\App\Builder\index.php(72): number_format('60,00', 0)
#2 D:\wamp64\www\puravida\vendor\codeigniter4\framework\system\View\View.php(246): include('D:\\wamp64\\www\\p...')
#3 D:\wamp64\www\puravida\vendor\codeigniter4\framework\system\Common.php(1087): CodeIgniter\View\View->render('App/Builder/ind...', Array, true)
#4 D:\wamp64\www\puravida\app\Controllers\App\Builder.php(20): view('App/Builder/ind...', Array)
#5 D:\wamp64\www\puravida\vendor\codeigniter4\framework\system\CodeIgniter.php(914): App\Controllers\App\Builder->index()
#6 D:\wamp64\www\puravida\vendor\codeigniter4\framework\system\CodeIgniter.php(400): CodeIgniter\CodeIgniter->runController(Object(App\Controllers\App\Builder))
#7 D:\wamp64\www\puravida\vendor\codeigniter4\framework\system\CodeIgniter.php(308): CodeIgniter\CodeIgniter->handleRequest(NULL, Object(Config\Cache), false)
#8 D:\wamp64\www\puravida\public\index.php(45): CodeIgniter\CodeIgniter->run()
#9 D:\wamp64\www\puravida\vendor\codeigniter4\framework\system\Commands\Server\rewrite.php(34): require_once('D:\\wamp64\\www\\p...')
#10 {main}
CRITICAL - 2020-09-15 08:13:14 --> Object of class App\Entities\SysConfigVariable could not be converted to float
#0 D:\wamp64\www\puravida\app\Views\App\Builder\index.php(13): CodeIgniter\Debug\Exceptions->errorHandler(8, 'Object of class...', 'D:\\wamp64\\www\\p...', 13, Array)
#1 D:\wamp64\www\puravida\vendor\codeigniter4\framework\system\View\View.php(246): include('D:\\wamp64\\www\\p...')
#2 D:\wamp64\www\puravida\vendor\codeigniter4\framework\system\Common.php(1087): CodeIgniter\View\View->render('App/Builder/ind...', Array, true)
#3 D:\wamp64\www\puravida\app\Controllers\App\Builder.php(20): view('App/Builder/ind...', Array)
#4 D:\wamp64\www\puravida\vendor\codeigniter4\framework\system\CodeIgniter.php(914): App\Controllers\App\Builder->index()
#5 D:\wamp64\www\puravida\vendor\codeigniter4\framework\system\CodeIgniter.php(400): CodeIgniter\CodeIgniter->runController(Object(App\Controllers\App\Builder))
#6 D:\wamp64\www\puravida\vendor\codeigniter4\framework\system\CodeIgniter.php(308): CodeIgniter\CodeIgniter->handleRequest(NULL, Object(Config\Cache), false)
#7 D:\wamp64\www\puravida\public\index.php(45): CodeIgniter\CodeIgniter->run()
#8 D:\wamp64\www\puravida\vendor\codeigniter4\framework\system\Commands\Server\rewrite.php(34): require_once('D:\\wamp64\\www\\p...')
#9 {main}
CRITICAL - 2020-09-15 15:46:30 --> Nenhuma conexão pôde ser feita porque a máquina de destino as recusou ativamente.

#0 D:\wamp64\www\puravida\vendor\codeigniter4\framework\system\Database\BaseConnection.php(377): CodeIgniter\Database\MySQLi\Connection->connect(false)
#1 D:\wamp64\www\puravida\vendor\codeigniter4\framework\system\Database\BaseConnection.php(643): CodeIgniter\Database\BaseConnection->initialize()
#2 D:\wamp64\www\puravida\vendor\codeigniter4\framework\system\Database\BaseBuilder.php(1845): CodeIgniter\Database\BaseConnection->query('SELECT *\nFROM `...', Array, false)
#3 D:\wamp64\www\puravida\vendor\codeigniter4\framework\system\Model.php(381): CodeIgniter\Database\BaseBuilder->get()
#4 D:\wamp64\www\puravida\app\Models\SysConfig.php(34): CodeIgniter\Model->find(1)
#5 D:\wamp64\www\puravida\app\Entities\SysConfig.php(41): App\Models\SysConfig->find()
#6 D:\wamp64\www\puravida\app\Helpers\page_helper.php(9): App\Entities\SysConfig::getSharedInstance()
#7 D:\wamp64\www\puravida\app\Views\App\Partials\head.php(24): sys_config()
#8 D:\wamp64\www\puravida\vendor\codeigniter4\framework\system\View\View.php(246): include('D:\\wamp64\\www\\p...')
#9 D:\wamp64\www\puravida\vendor\codeigniter4\framework\system\Common.php(1087): CodeIgniter\View\View->render('App/Partials/he...', Array, true)
#10 D:\wamp64\www\puravida\app\Helpers\page_helper.php(24): view('App/Partials/he...', Array, Array)
#11 D:\wamp64\www\puravida\app\Views\App\Partials\header.php(19): partial_view('head', Array)
#12 D:\wamp64\www\puravida\vendor\codeigniter4\framework\system\View\View.php(246): include('D:\\wamp64\\www\\p...')
#13 D:\wamp64\www\puravida\vendor\codeigniter4\framework\system\Common.php(1087): CodeIgniter\View\View->render('App/Partials/he...', Array, true)
#14 D:\wamp64\www\puravida\app\Helpers\page_helper.php(24): view('App/Partials/he...', Array, Array)
#15 D:\wamp64\www\puravida\app\Views\App\Cart\index.php(7): partial_view('header')
#16 D:\wamp64\www\puravida\vendor\codeigniter4\framework\system\View\View.php(246): include('D:\\wamp64\\www\\p...')
#17 D:\wamp64\www\puravida\vendor\codeigniter4\framework\system\Common.php(1087): CodeIgniter\View\View->render('App/Cart/index', Array, true)
#18 D:\wamp64\www\puravida\app\Controllers\App\Cart.php(22): view('App/Cart/index', Array)
#19 D:\wamp64\www\puravida\vendor\codeigniter4\framework\system\CodeIgniter.php(914): App\Controllers\App\Cart->index()
#20 D:\wamp64\www\puravida\vendor\codeigniter4\framework\system\CodeIgniter.php(400): CodeIgniter\CodeIgniter->runController(Object(App\Controllers\App\Cart))
#21 D:\wamp64\www\puravida\vendor\codeigniter4\framework\system\CodeIgniter.php(308): CodeIgniter\CodeIgniter->handleRequest(NULL, Object(Config\Cache), false)
#22 D:\wamp64\www\puravida\public\index.php(45): CodeIgniter\CodeIgniter->run()
#23 D:\wamp64\www\puravida\vendor\codeigniter4\framework\system\Commands\Server\rewrite.php(34): require_once('D:\\wamp64\\www\\p...')
#24 {main}
