CRITICAL - 2020-08-02 13:40:55 --> Call to undefined function lawyer_avatar_url()
#0 D:\wamp64\www\minutoadv2\vendor\codeigniter4\framework\system\View\View.php(246): include()
#1 D:\wamp64\www\minutoadv2\vendor\codeigniter4\framework\system\Common.php(1087): CodeIgniter\View\View->render('Lawyer/Account/...', Array, true)
#2 D:\wamp64\www\minutoadv2\app\Views\Lawyer\Account\Profile\index.php(13): view('Lawyer/Account/...', Array)
#3 D:\wamp64\www\minutoadv2\vendor\codeigniter4\framework\system\View\View.php(246): include('D:\\wamp64\\www\\m...')
#4 D:\wamp64\www\minutoadv2\vendor\codeigniter4\framework\system\Common.php(1087): CodeIgniter\View\View->render('Lawyer/Account/...', Array, true)
#5 D:\wamp64\www\minutoadv2\app\Controllers\Lawyer\Account\Profile.php(40): view('Lawyer/Account/...', Array)
#6 D:\wamp64\www\minutoadv2\vendor\codeigniter4\framework\system\CodeIgniter.php(914): App\Controllers\Lawyer\Account\Profile->index()
#7 D:\wamp64\www\minutoadv2\vendor\codeigniter4\framework\system\CodeIgniter.php(400): CodeIgniter\CodeIgniter->runController(Object(App\Controllers\Lawyer\Account\Profile))
#8 D:\wamp64\www\minutoadv2\vendor\codeigniter4\framework\system\CodeIgniter.php(308): CodeIgniter\CodeIgniter->handleRequest(NULL, Object(Config\Cache), false)
#9 D:\wamp64\www\minutoadv2\public\index.php(45): CodeIgniter\CodeIgniter->run()
#10 D:\wamp64\www\minutoadv2\vendor\codeigniter4\framework\system\Commands\Server\rewrite.php(34): require_once('D:\\wamp64\\www\\m...')
#11 {main}
CRITICAL - 2020-08-02 15:13:02 --> Arquivo inválido: Home/index.php
#0 D:\wamp64\www\realtelecom\vendor\codeigniter4\framework\system\View\View.php(228): CodeIgniter\Exceptions\FrameworkException::forInvalidFile('Home/index.php')
#1 D:\wamp64\www\realtelecom\vendor\codeigniter4\framework\system\Common.php(1087): CodeIgniter\View\View->render('Home/index', Array, true)
#2 D:\wamp64\www\realtelecom\app\Controllers\Home.php(13): view('Home/index')
#3 D:\wamp64\www\realtelecom\vendor\codeigniter4\framework\system\CodeIgniter.php(914): App\Controllers\Home->index()
#4 D:\wamp64\www\realtelecom\vendor\codeigniter4\framework\system\CodeIgniter.php(400): CodeIgniter\CodeIgniter->runController(Object(App\Controllers\Home))
#5 D:\wamp64\www\realtelecom\vendor\codeigniter4\framework\system\CodeIgniter.php(308): CodeIgniter\CodeIgniter->handleRequest(NULL, Object(Config\Cache), false)
#6 D:\wamp64\www\realtelecom\public\index.php(45): CodeIgniter\CodeIgniter->run()
#7 D:\wamp64\www\realtelecom\vendor\codeigniter4\framework\system\Commands\Server\rewrite.php(34): require_once('D:\\wamp64\\www\\r...')
#8 {main}
CRITICAL - 2020-08-02 15:13:27 --> Undefined variable: isLogged
#0 D:\wamp64\www\realtelecom\app\Views\App\Partials\menu.php(12): CodeIgniter\Debug\Exceptions->errorHandler(8, 'Undefined varia...', 'D:\\wamp64\\www\\r...', 12, Array)
#1 D:\wamp64\www\realtelecom\vendor\codeigniter4\framework\system\View\View.php(246): include('D:\\wamp64\\www\\r...')
#2 D:\wamp64\www\realtelecom\vendor\codeigniter4\framework\system\Common.php(1087): CodeIgniter\View\View->render('App/Partials/me...', Array, true)
#3 D:\wamp64\www\realtelecom\app\Helpers\page_helper.php(24): view('App/Partials/me...', Array, Array)
#4 D:\wamp64\www\realtelecom\app\Views\App\Partials\header.php(23): partial_view('menu')
#5 D:\wamp64\www\realtelecom\vendor\codeigniter4\framework\system\View\View.php(246): include('D:\\wamp64\\www\\r...')
#6 D:\wamp64\www\realtelecom\vendor\codeigniter4\framework\system\Common.php(1087): CodeIgniter\View\View->render('App/Partials/he...', Array, true)
#7 D:\wamp64\www\realtelecom\app\Helpers\page_helper.php(24): view('App/Partials/he...', Array, Array)
#8 D:\wamp64\www\realtelecom\app\Views\App\Home\index.php(1): partial_view('header')
#9 D:\wamp64\www\realtelecom\vendor\codeigniter4\framework\system\View\View.php(246): include('D:\\wamp64\\www\\r...')
#10 D:\wamp64\www\realtelecom\vendor\codeigniter4\framework\system\Common.php(1087): CodeIgniter\View\View->render('App/Home/index', Array, true)
#11 D:\wamp64\www\realtelecom\app\Controllers\Home.php(13): view('App/Home/index')
#12 D:\wamp64\www\realtelecom\vendor\codeigniter4\framework\system\CodeIgniter.php(914): App\Controllers\Home->index()
#13 D:\wamp64\www\realtelecom\vendor\codeigniter4\framework\system\CodeIgniter.php(400): CodeIgniter\CodeIgniter->runController(Object(App\Controllers\Home))
#14 D:\wamp64\www\realtelecom\vendor\codeigniter4\framework\system\CodeIgniter.php(308): CodeIgniter\CodeIgniter->handleRequest(NULL, Object(Config\Cache), false)
#15 D:\wamp64\www\realtelecom\public\index.php(45): CodeIgniter\CodeIgniter->run()
#16 D:\wamp64\www\realtelecom\vendor\codeigniter4\framework\system\Commands\Server\rewrite.php(34): require_once('D:\\wamp64\\www\\r...')
#17 {main}
CRITICAL - 2020-08-02 16:29:42 --> Undefined index: id
#0 D:\wamp64\www\realtelecom\app\Entities\SysPage.php(50): CodeIgniter\Debug\Exceptions->errorHandler(8, 'Undefined index...', 'D:\\wamp64\\www\\r...', 50, Array)
#1 D:\wamp64\www\realtelecom\vendor\codeigniter4\framework\system\Entity.php(299): App\Entities\SysPage->getVariables()
#2 D:\wamp64\www\realtelecom\app\Views\Admin\Pages\edit\content.php(10): CodeIgniter\Entity->__get('variables')
#3 D:\wamp64\www\realtelecom\vendor\codeigniter4\framework\system\View\View.php(246): include('D:\\wamp64\\www\\r...')
#4 D:\wamp64\www\realtelecom\vendor\codeigniter4\framework\system\Common.php(1087): CodeIgniter\View\View->render('Admin/Pages/edi...', Array, true)
#5 D:\wamp64\www\realtelecom\app\Views\Admin\Pages\edit.php(78): view('Admin/Pages/edi...', Array)
#6 D:\wamp64\www\realtelecom\vendor\codeigniter4\framework\system\View\View.php(246): include('D:\\wamp64\\www\\r...')
#7 D:\wamp64\www\realtelecom\vendor\codeigniter4\framework\system\Common.php(1087): CodeIgniter\View\View->render('Admin/Pages/edi...', Array, true)
#8 D:\wamp64\www\realtelecom\app\Controllers\Admin\Pages.php(71): view('Admin/Pages/edi...', Array)
#9 D:\wamp64\www\realtelecom\vendor\codeigniter4\framework\system\CodeIgniter.php(914): App\Controllers\Admin\Pages->edit('acessar-conta')
#10 D:\wamp64\www\realtelecom\vendor\codeigniter4\framework\system\CodeIgniter.php(400): CodeIgniter\CodeIgniter->runController(Object(App\Controllers\Admin\Pages))
#11 D:\wamp64\www\realtelecom\vendor\codeigniter4\framework\system\CodeIgniter.php(308): CodeIgniter\CodeIgniter->handleRequest(NULL, Object(Config\Cache), false)
#12 D:\wamp64\www\realtelecom\public\index.php(45): CodeIgniter\CodeIgniter->run()
#13 D:\wamp64\www\realtelecom\vendor\codeigniter4\framework\system\Commands\Server\rewrite.php(34): require_once('D:\\wamp64\\www\\r...')
#14 {main}
