CRITICAL - 2020-08-24 07:37:47 --> Nenhuma conexão pôde ser feita porque a máquina de destino as recusou ativamente.

#0 D:\wamp64\www\puravida\vendor\codeigniter4\framework\system\Database\BaseConnection.php(377): CodeIgniter\Database\MySQLi\Connection->connect(false)
#1 D:\wamp64\www\puravida\vendor\codeigniter4\framework\system\Database\BaseConnection.php(643): CodeIgniter\Database\BaseConnection->initialize()
#2 D:\wamp64\www\puravida\vendor\codeigniter4\framework\system\Database\BaseBuilder.php(1845): CodeIgniter\Database\BaseConnection->query('SELECT *\nFROM `...', Array, false)
#3 D:\wamp64\www\puravida\vendor\codeigniter4\framework\system\Model.php(489): CodeIgniter\Database\BaseBuilder->get()
#4 D:\wamp64\www\puravida\app\Models\SysPages.php(55): CodeIgniter\Model->first()
#5 D:\wamp64\www\puravida\app\Controllers\App\Home.php(9): App\Models\SysPages->find('home')
#6 D:\wamp64\www\puravida\vendor\codeigniter4\framework\system\CodeIgniter.php(914): App\Controllers\App\Home->index()
#7 D:\wamp64\www\puravida\vendor\codeigniter4\framework\system\CodeIgniter.php(400): CodeIgniter\CodeIgniter->runController(Object(App\Controllers\App\Home))
#8 D:\wamp64\www\puravida\vendor\codeigniter4\framework\system\CodeIgniter.php(308): CodeIgniter\CodeIgniter->handleRequest(NULL, Object(Config\Cache), false)
#9 D:\wamp64\www\puravida\public\index.php(45): CodeIgniter\CodeIgniter->run()
#10 D:\wamp64\www\puravida\vendor\codeigniter4\framework\system\Commands\Server\rewrite.php(34): require_once('D:\\wamp64\\www\\p...')
#11 {main}
CRITICAL - 2020-08-24 07:37:52 --> Nenhuma conexão pôde ser feita porque a máquina de destino as recusou ativamente.

#0 D:\wamp64\www\puravida\vendor\codeigniter4\framework\system\Database\BaseConnection.php(377): CodeIgniter\Database\MySQLi\Connection->connect(false)
#1 D:\wamp64\www\puravida\vendor\codeigniter4\framework\system\Database\BaseConnection.php(643): CodeIgniter\Database\BaseConnection->initialize()
#2 D:\wamp64\www\puravida\vendor\codeigniter4\framework\system\Database\BaseBuilder.php(1845): CodeIgniter\Database\BaseConnection->query('SELECT *\nFROM `...', Array, false)
#3 D:\wamp64\www\puravida\vendor\codeigniter4\framework\system\Model.php(381): CodeIgniter\Database\BaseBuilder->get()
#4 D:\wamp64\www\puravida\app\Models\SysConfig.php(34): CodeIgniter\Model->find(1)
#5 D:\wamp64\www\puravida\app\Entities\SysConfig.php(41): App\Models\SysConfig->find()
#6 D:\wamp64\www\puravida\app\Helpers\page_helper.php(9): App\Entities\SysConfig::getSharedInstance()
#7 D:\wamp64\www\puravida\app\Views\App\Partials\head.php(24): sys_config()
#8 D:\wamp64\www\puravida\vendor\codeigniter4\framework\system\View\View.php(246): include('D:\\wamp64\\www\\p...')
#9 D:\wamp64\www\puravida\vendor\codeigniter4\framework\system\Common.php(1087): CodeIgniter\View\View->render('App/Partials/he...', Array, true)
#10 D:\wamp64\www\puravida\app\Helpers\page_helper.php(24): view('App/Partials/he...', Array, Array)
#11 D:\wamp64\www\puravida\app\Views\Admin\Login\header.php(13): partial_view('head')
#12 D:\wamp64\www\puravida\vendor\codeigniter4\framework\system\View\View.php(246): include('D:\\wamp64\\www\\p...')
#13 D:\wamp64\www\puravida\vendor\codeigniter4\framework\system\Common.php(1087): CodeIgniter\View\View->render('Admin/Login/hea...', Array, true)
#14 D:\wamp64\www\puravida\app\Views\Admin\Login\index.php(1): view('Admin/Login/hea...', Array)
#15 D:\wamp64\www\puravida\vendor\codeigniter4\framework\system\View\View.php(246): include('D:\\wamp64\\www\\p...')
#16 D:\wamp64\www\puravida\vendor\codeigniter4\framework\system\Common.php(1087): CodeIgniter\View\View->render('Admin/Login/ind...', Array, true)
#17 D:\wamp64\www\puravida\app\Controllers\Admin\Login.php(35): view('Admin/Login/ind...')
#18 D:\wamp64\www\puravida\vendor\codeigniter4\framework\system\CodeIgniter.php(914): App\Controllers\Admin\Login->index()
#19 D:\wamp64\www\puravida\vendor\codeigniter4\framework\system\CodeIgniter.php(400): CodeIgniter\CodeIgniter->runController(Object(App\Controllers\Admin\Login))
#20 D:\wamp64\www\puravida\vendor\codeigniter4\framework\system\CodeIgniter.php(308): CodeIgniter\CodeIgniter->handleRequest(NULL, Object(Config\Cache), false)
#21 D:\wamp64\www\puravida\public\index.php(45): CodeIgniter\CodeIgniter->run()
#22 D:\wamp64\www\puravida\vendor\codeigniter4\framework\system\Commands\Server\rewrite.php(34): require_once('D:\\wamp64\\www\\p...')
#23 {main}
