CRITICAL - 2021-03-29 11:03:51 --> Undefined variable: cidades
#0 C:\wamp64\www\bestimob\app\Views\Admin\Imoveis\edit.php(60): CodeIgniter\Debug\Exceptions->errorHandler(8, 'Undefined varia...', 'C:\\wamp64\\www\\b...', 60, Array)
#1 C:\wamp64\www\bestimob\vendor\codeigniter4\framework\system\View\View.php(220): include('C:\\wamp64\\www\\b...')
#2 C:\wamp64\www\bestimob\vendor\codeigniter4\framework\system\View\View.php(222): CodeIgniter\View\View->CodeIgniter\View\{closure}()
#3 C:\wamp64\www\bestimob\vendor\codeigniter4\framework\system\Common.php(1217): CodeIgniter\View\View->render('Admin/Imoveis/e...', Array, true)
#4 C:\wamp64\www\bestimob\app\Controllers\Admin\Imoveis.php(77): view('Admin/Imoveis/e...', Array)
#5 C:\wamp64\www\bestimob\vendor\codeigniter4\framework\system\CodeIgniter.php(936): App\Controllers\Admin\Imoveis->edit(17)
#6 C:\wamp64\www\bestimob\vendor\codeigniter4\framework\system\CodeIgniter.php(432): CodeIgniter\CodeIgniter->runController(Object(App\Controllers\Admin\Imoveis))
#7 C:\wamp64\www\bestimob\vendor\codeigniter4\framework\system\CodeIgniter.php(333): CodeIgniter\CodeIgniter->handleRequest(NULL, Object(Config\Cache), false)
#8 C:\wamp64\www\bestimob\public\index.php(45): CodeIgniter\CodeIgniter->run()
#9 C:\wamp64\www\bestimob\vendor\codeigniter4\framework\system\Commands\Server\rewrite.php(45): require_once('C:\\wamp64\\www\\b...')
#10 {main}
CRITICAL - 2021-03-29 13:54:07 --> Undefined index: foto
#0 C:\wamp64\www\bestimob\app\Views\Admin\Imoveis\edit.php(244): CodeIgniter\Debug\Exceptions->errorHandler(8, 'Undefined index...', 'C:\\wamp64\\www\\b...', 244, Array)
#1 C:\wamp64\www\bestimob\vendor\codeigniter4\framework\system\View\View.php(220): include('C:\\wamp64\\www\\b...')
#2 C:\wamp64\www\bestimob\vendor\codeigniter4\framework\system\View\View.php(222): CodeIgniter\View\View->CodeIgniter\View\{closure}()
#3 C:\wamp64\www\bestimob\vendor\codeigniter4\framework\system\Common.php(1217): CodeIgniter\View\View->render('Admin/Imoveis/e...', Array, true)
#4 C:\wamp64\www\bestimob\app\Controllers\Admin\Imoveis.php(104): view('Admin/Imoveis/e...', Array)
#5 C:\wamp64\www\bestimob\vendor\codeigniter4\framework\system\CodeIgniter.php(936): App\Controllers\Admin\Imoveis->edit(17)
#6 C:\wamp64\www\bestimob\vendor\codeigniter4\framework\system\CodeIgniter.php(432): CodeIgniter\CodeIgniter->runController(Object(App\Controllers\Admin\Imoveis))
#7 C:\wamp64\www\bestimob\vendor\codeigniter4\framework\system\CodeIgniter.php(333): CodeIgniter\CodeIgniter->handleRequest(NULL, Object(Config\Cache), false)
#8 C:\wamp64\www\bestimob\public\index.php(45): CodeIgniter\CodeIgniter->run()
#9 C:\wamp64\www\bestimob\vendor\codeigniter4\framework\system\Commands\Server\rewrite.php(45): require_once('C:\\wamp64\\www\\b...')
#10 {main}
CRITICAL - 2021-03-29 13:54:45 --> Undefined index: foto
#0 C:\wamp64\www\bestimob\app\Views\Admin\Imoveis\edit.php(244): CodeIgniter\Debug\Exceptions->errorHandler(8, 'Undefined index...', 'C:\\wamp64\\www\\b...', 244, Array)
#1 C:\wamp64\www\bestimob\vendor\codeigniter4\framework\system\View\View.php(220): include('C:\\wamp64\\www\\b...')
#2 C:\wamp64\www\bestimob\vendor\codeigniter4\framework\system\View\View.php(222): CodeIgniter\View\View->CodeIgniter\View\{closure}()
#3 C:\wamp64\www\bestimob\vendor\codeigniter4\framework\system\Common.php(1217): CodeIgniter\View\View->render('Admin/Imoveis/e...', Array, true)
#4 C:\wamp64\www\bestimob\app\Controllers\Admin\Imoveis.php(104): view('Admin/Imoveis/e...', Array)
#5 C:\wamp64\www\bestimob\vendor\codeigniter4\framework\system\CodeIgniter.php(936): App\Controllers\Admin\Imoveis->edit(17)
#6 C:\wamp64\www\bestimob\vendor\codeigniter4\framework\system\CodeIgniter.php(432): CodeIgniter\CodeIgniter->runController(Object(App\Controllers\Admin\Imoveis))
#7 C:\wamp64\www\bestimob\vendor\codeigniter4\framework\system\CodeIgniter.php(333): CodeIgniter\CodeIgniter->handleRequest(NULL, Object(Config\Cache), false)
#8 C:\wamp64\www\bestimob\public\index.php(45): CodeIgniter\CodeIgniter->run()
#9 C:\wamp64\www\bestimob\vendor\codeigniter4\framework\system\Commands\Server\rewrite.php(45): require_once('C:\\wamp64\\www\\b...')
#10 {main}
CRITICAL - 2021-03-29 13:54:54 --> Undefined index: foto
#0 C:\wamp64\www\bestimob\app\Views\Admin\Imoveis\edit.php(244): CodeIgniter\Debug\Exceptions->errorHandler(8, 'Undefined index...', 'C:\\wamp64\\www\\b...', 244, Array)
#1 C:\wamp64\www\bestimob\vendor\codeigniter4\framework\system\View\View.php(220): include('C:\\wamp64\\www\\b...')
#2 C:\wamp64\www\bestimob\vendor\codeigniter4\framework\system\View\View.php(222): CodeIgniter\View\View->CodeIgniter\View\{closure}()
#3 C:\wamp64\www\bestimob\vendor\codeigniter4\framework\system\Common.php(1217): CodeIgniter\View\View->render('Admin/Imoveis/e...', Array, true)
#4 C:\wamp64\www\bestimob\app\Controllers\Admin\Imoveis.php(104): view('Admin/Imoveis/e...', Array)
#5 C:\wamp64\www\bestimob\vendor\codeigniter4\framework\system\CodeIgniter.php(936): App\Controllers\Admin\Imoveis->edit(17)
#6 C:\wamp64\www\bestimob\vendor\codeigniter4\framework\system\CodeIgniter.php(432): CodeIgniter\CodeIgniter->runController(Object(App\Controllers\Admin\Imoveis))
#7 C:\wamp64\www\bestimob\vendor\codeigniter4\framework\system\CodeIgniter.php(333): CodeIgniter\CodeIgniter->handleRequest(NULL, Object(Config\Cache), false)
#8 C:\wamp64\www\bestimob\public\index.php(45): CodeIgniter\CodeIgniter->run()
#9 C:\wamp64\www\bestimob\vendor\codeigniter4\framework\system\Commands\Server\rewrite.php(45): require_once('C:\\wamp64\\www\\b...')
#10 {main}
