CRITICAL - 2020-05-30 08:13:40 --> Undefined index: oab_states
#0 D:\wamp64\www\minutoadv2\app\Views\Lawyer\Account\Profile\step1.php(11): CodeIgniter\Debug\Exceptions->errorHandler(8, 'Undefined index...', 'D:\\wamp64\\www\\m...', 11, Array)
#1 D:\wamp64\www\minutoadv2\vendor\codeigniter4\framework\system\View\View.php(236): include('D:\\wamp64\\www\\m...')
#2 D:\wamp64\www\minutoadv2\vendor\codeigniter4\framework\system\Common.php(1071): CodeIgniter\View\View->render('Lawyer/Account/...', Array, true)
#3 D:\wamp64\www\minutoadv2\app\Views\Lawyer\Account\Profile\index.php(15): view('Lawyer/Account/...', Array)
#4 D:\wamp64\www\minutoadv2\vendor\codeigniter4\framework\system\View\View.php(236): include('D:\\wamp64\\www\\m...')
#5 D:\wamp64\www\minutoadv2\vendor\codeigniter4\framework\system\Common.php(1071): CodeIgniter\View\View->render('Lawyer/Account/...', Array, true)
#6 D:\wamp64\www\minutoadv2\app\Controllers\Lawyer\Account\Profile.php(17): view('Lawyer/Account/...', Array)
#7 D:\wamp64\www\minutoadv2\vendor\codeigniter4\framework\system\CodeIgniter.php(910): App\Controllers\Lawyer\Account\Profile->index()
#8 D:\wamp64\www\minutoadv2\vendor\codeigniter4\framework\system\CodeIgniter.php(398): CodeIgniter\CodeIgniter->runController(Object(App\Controllers\Lawyer\Account\Profile))
#9 D:\wamp64\www\minutoadv2\vendor\codeigniter4\framework\system\CodeIgniter.php(306): CodeIgniter\CodeIgniter->handleRequest(NULL, Object(Config\Cache), false)
#10 D:\wamp64\www\minutoadv2\public\index.php(45): CodeIgniter\CodeIgniter->run()
#11 D:\wamp64\www\minutoadv2\vendor\codeigniter4\framework\system\Commands\Server\rewrite.php(34): require_once('D:\\wamp64\\www\\m...')
#12 {main}
CRITICAL - 2020-05-30 08:14:04 --> Undefined index: oab_states
#0 D:\wamp64\www\minutoadv2\app\Views\Lawyer\Account\Profile\step1.php(11): CodeIgniter\Debug\Exceptions->errorHandler(8, 'Undefined index...', 'D:\\wamp64\\www\\m...', 11, Array)
#1 D:\wamp64\www\minutoadv2\vendor\codeigniter4\framework\system\View\View.php(236): include('D:\\wamp64\\www\\m...')
#2 D:\wamp64\www\minutoadv2\vendor\codeigniter4\framework\system\Common.php(1071): CodeIgniter\View\View->render('Lawyer/Account/...', Array, true)
#3 D:\wamp64\www\minutoadv2\app\Views\Lawyer\Account\Profile\index.php(15): view('Lawyer/Account/...', Array)
#4 D:\wamp64\www\minutoadv2\vendor\codeigniter4\framework\system\View\View.php(236): include('D:\\wamp64\\www\\m...')
#5 D:\wamp64\www\minutoadv2\vendor\codeigniter4\framework\system\Common.php(1071): CodeIgniter\View\View->render('Lawyer/Account/...', Array, true)
#6 D:\wamp64\www\minutoadv2\app\Controllers\Lawyer\Account\Profile.php(17): view('Lawyer/Account/...', Array)
#7 D:\wamp64\www\minutoadv2\vendor\codeigniter4\framework\system\CodeIgniter.php(910): App\Controllers\Lawyer\Account\Profile->index()
#8 D:\wamp64\www\minutoadv2\vendor\codeigniter4\framework\system\CodeIgniter.php(398): CodeIgniter\CodeIgniter->runController(Object(App\Controllers\Lawyer\Account\Profile))
#9 D:\wamp64\www\minutoadv2\vendor\codeigniter4\framework\system\CodeIgniter.php(306): CodeIgniter\CodeIgniter->handleRequest(NULL, Object(Config\Cache), false)
#10 D:\wamp64\www\minutoadv2\public\index.php(45): CodeIgniter\CodeIgniter->run()
#11 D:\wamp64\www\minutoadv2\vendor\codeigniter4\framework\system\Commands\Server\rewrite.php(34): require_once('D:\\wamp64\\www\\m...')
#12 {main}
CRITICAL - 2020-05-30 18:38:48 --> Undefined index: oab_states
#0 D:\wamp64\www\minutoadv2\app\Views\Lawyer\Account\Profile\step1.php(11): CodeIgniter\Debug\Exceptions->errorHandler(8, 'Undefined index...', 'D:\\wamp64\\www\\m...', 11, Array)
#1 D:\wamp64\www\minutoadv2\vendor\codeigniter4\framework\system\View\View.php(236): include('D:\\wamp64\\www\\m...')
#2 D:\wamp64\www\minutoadv2\vendor\codeigniter4\framework\system\Common.php(1071): CodeIgniter\View\View->render('Lawyer/Account/...', Array, true)
#3 D:\wamp64\www\minutoadv2\app\Views\Lawyer\Account\Profile\index.php(15): view('Lawyer/Account/...', Array)
#4 D:\wamp64\www\minutoadv2\vendor\codeigniter4\framework\system\View\View.php(236): include('D:\\wamp64\\www\\m...')
#5 D:\wamp64\www\minutoadv2\vendor\codeigniter4\framework\system\Common.php(1071): CodeIgniter\View\View->render('Lawyer/Account/...', Array, true)
#6 D:\wamp64\www\minutoadv2\app\Controllers\Lawyer\Account\Profile.php(17): view('Lawyer/Account/...', Array)
#7 D:\wamp64\www\minutoadv2\vendor\codeigniter4\framework\system\CodeIgniter.php(910): App\Controllers\Lawyer\Account\Profile->index()
#8 D:\wamp64\www\minutoadv2\vendor\codeigniter4\framework\system\CodeIgniter.php(398): CodeIgniter\CodeIgniter->runController(Object(App\Controllers\Lawyer\Account\Profile))
#9 D:\wamp64\www\minutoadv2\vendor\codeigniter4\framework\system\CodeIgniter.php(306): CodeIgniter\CodeIgniter->handleRequest(NULL, Object(Config\Cache), false)
#10 D:\wamp64\www\minutoadv2\public\index.php(45): CodeIgniter\CodeIgniter->run()
#11 D:\wamp64\www\minutoadv2\vendor\codeigniter4\framework\system\Commands\Server\rewrite.php(34): require_once('D:\\wamp64\\www\\m...')
#12 {main}
CRITICAL - 2020-05-30 18:39:38 --> compact(): Undefined variable: form
#0 [internal function]: CodeIgniter\Debug\Exceptions->errorHandler(8, 'compact(): Unde...', 'D:\\wamp64\\www\\m...', 11, Array)
#1 D:\wamp64\www\minutoadv2\app\Views\Lawyer\Account\Profile\index.php(11): compact(Array)
#2 D:\wamp64\www\minutoadv2\vendor\codeigniter4\framework\system\View\View.php(236): include('D:\\wamp64\\www\\m...')
#3 D:\wamp64\www\minutoadv2\vendor\codeigniter4\framework\system\Common.php(1071): CodeIgniter\View\View->render('Lawyer/Account/...', Array, true)
#4 D:\wamp64\www\minutoadv2\app\Controllers\Lawyer\Account\Profile.php(17): view('Lawyer/Account/...', Array)
#5 D:\wamp64\www\minutoadv2\vendor\codeigniter4\framework\system\CodeIgniter.php(910): App\Controllers\Lawyer\Account\Profile->index()
#6 D:\wamp64\www\minutoadv2\vendor\codeigniter4\framework\system\CodeIgniter.php(398): CodeIgniter\CodeIgniter->runController(Object(App\Controllers\Lawyer\Account\Profile))
#7 D:\wamp64\www\minutoadv2\vendor\codeigniter4\framework\system\CodeIgniter.php(306): CodeIgniter\CodeIgniter->handleRequest(NULL, Object(Config\Cache), false)
#8 D:\wamp64\www\minutoadv2\public\index.php(45): CodeIgniter\CodeIgniter->run()
#9 D:\wamp64\www\minutoadv2\vendor\codeigniter4\framework\system\Commands\Server\rewrite.php(34): require_once('D:\\wamp64\\www\\m...')
#10 {main}
CRITICAL - 2020-05-30 18:41:55 --> compact(): Undefined variable: form
#0 [internal function]: CodeIgniter\Debug\Exceptions->errorHandler(8, 'compact(): Unde...', 'D:\\wamp64\\www\\m...', 11, Array)
#1 D:\wamp64\www\minutoadv2\app\Views\Lawyer\Account\Profile\index.php(11): compact(Array)
#2 D:\wamp64\www\minutoadv2\vendor\codeigniter4\framework\system\View\View.php(236): include('D:\\wamp64\\www\\m...')
#3 D:\wamp64\www\minutoadv2\vendor\codeigniter4\framework\system\Common.php(1071): CodeIgniter\View\View->render('Lawyer/Account/...', Array, true)
#4 D:\wamp64\www\minutoadv2\app\Controllers\Lawyer\Account\Profile.php(19): view('Lawyer/Account/...', Array)
#5 D:\wamp64\www\minutoadv2\vendor\codeigniter4\framework\system\CodeIgniter.php(910): App\Controllers\Lawyer\Account\Profile->index()
#6 D:\wamp64\www\minutoadv2\vendor\codeigniter4\framework\system\CodeIgniter.php(398): CodeIgniter\CodeIgniter->runController(Object(App\Controllers\Lawyer\Account\Profile))
#7 D:\wamp64\www\minutoadv2\vendor\codeigniter4\framework\system\CodeIgniter.php(306): CodeIgniter\CodeIgniter->handleRequest(NULL, Object(Config\Cache), false)
#8 D:\wamp64\www\minutoadv2\public\index.php(45): CodeIgniter\CodeIgniter->run()
#9 D:\wamp64\www\minutoadv2\vendor\codeigniter4\framework\system\Commands\Server\rewrite.php(34): require_once('D:\\wamp64\\www\\m...')
#10 {main}
CRITICAL - 2020-05-30 18:41:57 --> compact(): Undefined variable: form
#0 [internal function]: CodeIgniter\Debug\Exceptions->errorHandler(8, 'compact(): Unde...', 'D:\\wamp64\\www\\m...', 11, Array)
#1 D:\wamp64\www\minutoadv2\app\Views\Lawyer\Account\Profile\index.php(11): compact(Array)
#2 D:\wamp64\www\minutoadv2\vendor\codeigniter4\framework\system\View\View.php(236): include('D:\\wamp64\\www\\m...')
#3 D:\wamp64\www\minutoadv2\vendor\codeigniter4\framework\system\Common.php(1071): CodeIgniter\View\View->render('Lawyer/Account/...', Array, true)
#4 D:\wamp64\www\minutoadv2\app\Controllers\Lawyer\Account\Profile.php(19): view('Lawyer/Account/...', Array)
#5 D:\wamp64\www\minutoadv2\vendor\codeigniter4\framework\system\CodeIgniter.php(910): App\Controllers\Lawyer\Account\Profile->index()
#6 D:\wamp64\www\minutoadv2\vendor\codeigniter4\framework\system\CodeIgniter.php(398): CodeIgniter\CodeIgniter->runController(Object(App\Controllers\Lawyer\Account\Profile))
#7 D:\wamp64\www\minutoadv2\vendor\codeigniter4\framework\system\CodeIgniter.php(306): CodeIgniter\CodeIgniter->handleRequest(NULL, Object(Config\Cache), false)
#8 D:\wamp64\www\minutoadv2\public\index.php(45): CodeIgniter\CodeIgniter->run()
#9 D:\wamp64\www\minutoadv2\vendor\codeigniter4\framework\system\Commands\Server\rewrite.php(34): require_once('D:\\wamp64\\www\\m...')
#10 {main}
CRITICAL - 2020-05-30 18:42:16 --> compact(): Undefined variable: form
#0 [internal function]: CodeIgniter\Debug\Exceptions->errorHandler(8, 'compact(): Unde...', 'D:\\wamp64\\www\\m...', 11, Array)
#1 D:\wamp64\www\minutoadv2\app\Views\Lawyer\Account\Profile\index.php(11): compact(Array)
#2 D:\wamp64\www\minutoadv2\vendor\codeigniter4\framework\system\View\View.php(236): include('D:\\wamp64\\www\\m...')
#3 D:\wamp64\www\minutoadv2\vendor\codeigniter4\framework\system\Common.php(1071): CodeIgniter\View\View->render('Lawyer/Account/...', Array, true)
#4 D:\wamp64\www\minutoadv2\app\Controllers\Lawyer\Account\Profile.php(20): view('Lawyer/Account/...', Array)
#5 D:\wamp64\www\minutoadv2\vendor\codeigniter4\framework\system\CodeIgniter.php(910): App\Controllers\Lawyer\Account\Profile->index()
#6 D:\wamp64\www\minutoadv2\vendor\codeigniter4\framework\system\CodeIgniter.php(398): CodeIgniter\CodeIgniter->runController(Object(App\Controllers\Lawyer\Account\Profile))
#7 D:\wamp64\www\minutoadv2\vendor\codeigniter4\framework\system\CodeIgniter.php(306): CodeIgniter\CodeIgniter->handleRequest(NULL, Object(Config\Cache), false)
#8 D:\wamp64\www\minutoadv2\public\index.php(45): CodeIgniter\CodeIgniter->run()
#9 D:\wamp64\www\minutoadv2\vendor\codeigniter4\framework\system\Commands\Server\rewrite.php(34): require_once('D:\\wamp64\\www\\m...')
#10 {main}
CRITICAL - 2020-05-30 18:42:45 --> compact(): Undefined variable: form
#0 [internal function]: CodeIgniter\Debug\Exceptions->errorHandler(8, 'compact(): Unde...', 'D:\\wamp64\\www\\m...', 11, Array)
#1 D:\wamp64\www\minutoadv2\app\Views\Lawyer\Account\Profile\index.php(11): compact(Array)
#2 D:\wamp64\www\minutoadv2\vendor\codeigniter4\framework\system\View\View.php(236): include('D:\\wamp64\\www\\m...')
#3 D:\wamp64\www\minutoadv2\vendor\codeigniter4\framework\system\Common.php(1071): CodeIgniter\View\View->render('Lawyer/Account/...', Array, true)
#4 D:\wamp64\www\minutoadv2\app\Controllers\Lawyer\Account\Profile.php(20): view('Lawyer/Account/...', Array)
#5 D:\wamp64\www\minutoadv2\vendor\codeigniter4\framework\system\CodeIgniter.php(910): App\Controllers\Lawyer\Account\Profile->index()
#6 D:\wamp64\www\minutoadv2\vendor\codeigniter4\framework\system\CodeIgniter.php(398): CodeIgniter\CodeIgniter->runController(Object(App\Controllers\Lawyer\Account\Profile))
#7 D:\wamp64\www\minutoadv2\vendor\codeigniter4\framework\system\CodeIgniter.php(306): CodeIgniter\CodeIgniter->handleRequest(NULL, Object(Config\Cache), false)
#8 D:\wamp64\www\minutoadv2\public\index.php(45): CodeIgniter\CodeIgniter->run()
#9 D:\wamp64\www\minutoadv2\vendor\codeigniter4\framework\system\Commands\Server\rewrite.php(34): require_once('D:\\wamp64\\www\\m...')
#10 {main}
CRITICAL - 2020-05-30 18:43:09 --> Undefined index: selectedCities
#0 D:\wamp64\www\minutoadv2\app\Views\Lawyer\Account\Profile\step2.php(16): CodeIgniter\Debug\Exceptions->errorHandler(8, 'Undefined index...', 'D:\\wamp64\\www\\m...', 16, Array)
#1 D:\wamp64\www\minutoadv2\vendor\codeigniter4\framework\system\View\View.php(236): include('D:\\wamp64\\www\\m...')
#2 D:\wamp64\www\minutoadv2\vendor\codeigniter4\framework\system\Common.php(1071): CodeIgniter\View\View->render('Lawyer/Account/...', Array, true)
#3 D:\wamp64\www\minutoadv2\app\Views\Lawyer\Account\Profile\index.php(12): view('Lawyer/Account/...', Array)
#4 D:\wamp64\www\minutoadv2\vendor\codeigniter4\framework\system\View\View.php(236): include('D:\\wamp64\\www\\m...')
#5 D:\wamp64\www\minutoadv2\vendor\codeigniter4\framework\system\Common.php(1071): CodeIgniter\View\View->render('Lawyer/Account/...', Array, true)
#6 D:\wamp64\www\minutoadv2\app\Controllers\Lawyer\Account\Profile.php(20): view('Lawyer/Account/...', Array)
#7 D:\wamp64\www\minutoadv2\vendor\codeigniter4\framework\system\CodeIgniter.php(910): App\Controllers\Lawyer\Account\Profile->index()
#8 D:\wamp64\www\minutoadv2\vendor\codeigniter4\framework\system\CodeIgniter.php(398): CodeIgniter\CodeIgniter->runController(Object(App\Controllers\Lawyer\Account\Profile))
#9 D:\wamp64\www\minutoadv2\vendor\codeigniter4\framework\system\CodeIgniter.php(306): CodeIgniter\CodeIgniter->handleRequest(NULL, Object(Config\Cache), false)
#10 D:\wamp64\www\minutoadv2\public\index.php(45): CodeIgniter\CodeIgniter->run()
#11 D:\wamp64\www\minutoadv2\vendor\codeigniter4\framework\system\Commands\Server\rewrite.php(34): require_once('D:\\wamp64\\www\\m...')
#12 {main}
