CRITICAL - 2020-07-29 07:14:08 --> Nenhuma conexão pôde ser feita porque a máquina de destino as recusou ativamente.

#0 D:\wamp64\www\minutoadv2\vendor\codeigniter4\framework\system\Database\BaseConnection.php(377): CodeIgniter\Database\MySQLi\Connection->connect(false)
#1 D:\wamp64\www\minutoadv2\vendor\codeigniter4\framework\system\Database\BaseConnection.php(643): CodeIgniter\Database\BaseConnection->initialize()
#2 D:\wamp64\www\minutoadv2\vendor\codeigniter4\framework\system\Database\BaseBuilder.php(1845): CodeIgniter\Database\BaseConnection->query('SELECT *\nFROM `...', Array, false)
#3 D:\wamp64\www\minutoadv2\vendor\codeigniter4\framework\system\Model.php(381): CodeIgniter\Database\BaseBuilder->get()
#4 D:\wamp64\www\minutoadv2\app\Models\SysConfig.php(34): CodeIgniter\Model->find(1)
#5 D:\wamp64\www\minutoadv2\app\Entities\SysConfig.php(41): App\Models\SysConfig->find()
#6 D:\wamp64\www\minutoadv2\app\Helpers\page_helper.php(9): App\Entities\SysConfig::getSharedInstance()
#7 D:\wamp64\www\minutoadv2\app\Views\Partials\head.php(25): sys_config()
#8 D:\wamp64\www\minutoadv2\vendor\codeigniter4\framework\system\View\View.php(246): include('D:\\wamp64\\www\\m...')
#9 D:\wamp64\www\minutoadv2\vendor\codeigniter4\framework\system\Common.php(1087): CodeIgniter\View\View->render('Partials/head', Array, true)
#10 D:\wamp64\www\minutoadv2\app\Helpers\page_helper.php(24): view('Partials/head', Array, Array)
#11 D:\wamp64\www\minutoadv2\app\Views\Admin\Login\header.php(13): partial_view('head')
#12 D:\wamp64\www\minutoadv2\vendor\codeigniter4\framework\system\View\View.php(246): include('D:\\wamp64\\www\\m...')
#13 D:\wamp64\www\minutoadv2\vendor\codeigniter4\framework\system\Common.php(1087): CodeIgniter\View\View->render('Admin/Login/hea...', Array, true)
#14 D:\wamp64\www\minutoadv2\app\Views\Admin\Login\index.php(1): view('Admin/Login/hea...', Array)
#15 D:\wamp64\www\minutoadv2\vendor\codeigniter4\framework\system\View\View.php(246): include('D:\\wamp64\\www\\m...')
#16 D:\wamp64\www\minutoadv2\vendor\codeigniter4\framework\system\Common.php(1087): CodeIgniter\View\View->render('Admin/Login/ind...', Array, true)
#17 D:\wamp64\www\minutoadv2\app\Controllers\Admin\Login.php(34): view('Admin/Login/ind...')
#18 D:\wamp64\www\minutoadv2\vendor\codeigniter4\framework\system\CodeIgniter.php(914): App\Controllers\Admin\Login->index()
#19 D:\wamp64\www\minutoadv2\vendor\codeigniter4\framework\system\CodeIgniter.php(400): CodeIgniter\CodeIgniter->runController(Object(App\Controllers\Admin\Login))
#20 D:\wamp64\www\minutoadv2\vendor\codeigniter4\framework\system\CodeIgniter.php(308): CodeIgniter\CodeIgniter->handleRequest(NULL, Object(Config\Cache), false)
#21 D:\wamp64\www\minutoadv2\public\index.php(45): CodeIgniter\CodeIgniter->run()
#22 D:\wamp64\www\minutoadv2\vendor\codeigniter4\framework\system\Commands\Server\rewrite.php(34): require_once('D:\\wamp64\\www\\m...')
#23 {main}
CRITICAL - 2020-07-29 07:14:13 --> Nenhuma conexão pôde ser feita porque a máquina de destino as recusou ativamente.

#0 D:\wamp64\www\minutoadv2\vendor\codeigniter4\framework\system\Database\BaseConnection.php(377): CodeIgniter\Database\MySQLi\Connection->connect(false)
#1 D:\wamp64\www\minutoadv2\vendor\codeigniter4\framework\system\Database\BaseConnection.php(643): CodeIgniter\Database\BaseConnection->initialize()
#2 D:\wamp64\www\minutoadv2\vendor\codeigniter4\framework\system\Database\BaseBuilder.php(1845): CodeIgniter\Database\BaseConnection->query('SELECT *\nFROM `...', Array, false)
#3 D:\wamp64\www\minutoadv2\vendor\codeigniter4\framework\system\Model.php(381): CodeIgniter\Database\BaseBuilder->get()
#4 D:\wamp64\www\minutoadv2\app\Models\SysConfig.php(34): CodeIgniter\Model->find(1)
#5 D:\wamp64\www\minutoadv2\app\Entities\SysConfig.php(41): App\Models\SysConfig->find()
#6 D:\wamp64\www\minutoadv2\app\Helpers\page_helper.php(9): App\Entities\SysConfig::getSharedInstance()
#7 D:\wamp64\www\minutoadv2\app\Views\Partials\head.php(25): sys_config()
#8 D:\wamp64\www\minutoadv2\vendor\codeigniter4\framework\system\View\View.php(246): include('D:\\wamp64\\www\\m...')
#9 D:\wamp64\www\minutoadv2\vendor\codeigniter4\framework\system\Common.php(1087): CodeIgniter\View\View->render('Partials/head', Array, true)
#10 D:\wamp64\www\minutoadv2\app\Helpers\page_helper.php(24): view('Partials/head', Array, Array)
#11 D:\wamp64\www\minutoadv2\app\Views\Admin\Login\header.php(13): partial_view('head')
#12 D:\wamp64\www\minutoadv2\vendor\codeigniter4\framework\system\View\View.php(246): include('D:\\wamp64\\www\\m...')
#13 D:\wamp64\www\minutoadv2\vendor\codeigniter4\framework\system\Common.php(1087): CodeIgniter\View\View->render('Admin/Login/hea...', Array, true)
#14 D:\wamp64\www\minutoadv2\app\Views\Admin\Login\index.php(1): view('Admin/Login/hea...', Array)
#15 D:\wamp64\www\minutoadv2\vendor\codeigniter4\framework\system\View\View.php(246): include('D:\\wamp64\\www\\m...')
#16 D:\wamp64\www\minutoadv2\vendor\codeigniter4\framework\system\Common.php(1087): CodeIgniter\View\View->render('Admin/Login/ind...', Array, true)
#17 D:\wamp64\www\minutoadv2\app\Controllers\Admin\Login.php(34): view('Admin/Login/ind...')
#18 D:\wamp64\www\minutoadv2\vendor\codeigniter4\framework\system\CodeIgniter.php(914): App\Controllers\Admin\Login->index()
#19 D:\wamp64\www\minutoadv2\vendor\codeigniter4\framework\system\CodeIgniter.php(400): CodeIgniter\CodeIgniter->runController(Object(App\Controllers\Admin\Login))
#20 D:\wamp64\www\minutoadv2\vendor\codeigniter4\framework\system\CodeIgniter.php(308): CodeIgniter\CodeIgniter->handleRequest(NULL, Object(Config\Cache), false)
#21 D:\wamp64\www\minutoadv2\public\index.php(45): CodeIgniter\CodeIgniter->run()
#22 D:\wamp64\www\minutoadv2\vendor\codeigniter4\framework\system\Commands\Server\rewrite.php(34): require_once('D:\\wamp64\\www\\m...')
#23 {main}
CRITICAL - 2020-07-29 07:14:18 --> compact(): Undefined variable: page
#0 [internal function]: CodeIgniter\Debug\Exceptions->errorHandler(8, 'compact(): Unde...', 'D:\\wamp64\\www\\m...', 35, Array)
#1 D:\wamp64\www\minutoadv2\app\Controllers\Lawyer\Login.php(35): compact(Array)
#2 D:\wamp64\www\minutoadv2\vendor\codeigniter4\framework\system\CodeIgniter.php(914): App\Controllers\Lawyer\Login->index()
#3 D:\wamp64\www\minutoadv2\vendor\codeigniter4\framework\system\CodeIgniter.php(400): CodeIgniter\CodeIgniter->runController(Object(App\Controllers\Lawyer\Login))
#4 D:\wamp64\www\minutoadv2\vendor\codeigniter4\framework\system\CodeIgniter.php(308): CodeIgniter\CodeIgniter->handleRequest(NULL, Object(Config\Cache), false)
#5 D:\wamp64\www\minutoadv2\public\index.php(45): CodeIgniter\CodeIgniter->run()
#6 D:\wamp64\www\minutoadv2\vendor\codeigniter4\framework\system\Commands\Server\rewrite.php(34): require_once('D:\\wamp64\\www\\m...')
#7 {main}
