CRITICAL - 2020-07-16 12:09:00 --> Undefined offset: 1
#0 D:\wamp64\www\minutoadv2\vendor\codeigniter4\framework\system\Router\Router.php(438): CodeIgniter\Debug\Exceptions->errorHandler(8, 'Undefined offse...', 'D:\\wamp64\\www\\m...', 438, Array)
#1 D:\wamp64\www\minutoadv2\vendor\codeigniter4\framework\system\Router\Router.php(174): CodeIgniter\Router\Router->checkRoutes('cadastro')
#2 D:\wamp64\www\minutoadv2\vendor\codeigniter4\framework\system\CodeIgniter.php(789): CodeIgniter\Router\Router->handle('cadastro')
#3 D:\wamp64\www\minutoadv2\vendor\codeigniter4\framework\system\CodeIgniter.php(360): CodeIgniter\CodeIgniter->tryToRouteIt(Object(CodeIgniter\Router\RouteCollection))
#4 D:\wamp64\www\minutoadv2\vendor\codeigniter4\framework\system\CodeIgniter.php(308): CodeIgniter\CodeIgniter->handleRequest(NULL, Object(Config\Cache), false)
#5 D:\wamp64\www\minutoadv2\public\index.php(45): CodeIgniter\CodeIgniter->run()
#6 D:\wamp64\www\minutoadv2\vendor\codeigniter4\framework\system\Commands\Server\rewrite.php(34): require_once('D:\\wamp64\\www\\m...')
#7 {main}
CRITICAL - 2020-07-16 12:11:07 --> Undefined offset: 1
#0 D:\wamp64\www\minutoadv2\vendor\codeigniter4\framework\system\Router\Router.php(438): CodeIgniter\Debug\Exceptions->errorHandler(8, 'Undefined offse...', 'D:\\wamp64\\www\\m...', 438, Array)
#1 D:\wamp64\www\minutoadv2\vendor\codeigniter4\framework\system\Router\Router.php(174): CodeIgniter\Router\Router->checkRoutes('cadastro')
#2 D:\wamp64\www\minutoadv2\vendor\codeigniter4\framework\system\CodeIgniter.php(789): CodeIgniter\Router\Router->handle('cadastro')
#3 D:\wamp64\www\minutoadv2\vendor\codeigniter4\framework\system\CodeIgniter.php(360): CodeIgniter\CodeIgniter->tryToRouteIt(Object(CodeIgniter\Router\RouteCollection))
#4 D:\wamp64\www\minutoadv2\vendor\codeigniter4\framework\system\CodeIgniter.php(308): CodeIgniter\CodeIgniter->handleRequest(NULL, Object(Config\Cache), false)
#5 D:\wamp64\www\minutoadv2\public\index.php(45): CodeIgniter\CodeIgniter->run()
#6 D:\wamp64\www\minutoadv2\vendor\codeigniter4\framework\system\Commands\Server\rewrite.php(34): require_once('D:\\wamp64\\www\\m...')
#7 {main}
CRITICAL - 2020-07-16 13:02:11 --> Unknown table 'cities'
#0 D:\wamp64\www\minutoadv2\vendor\codeigniter4\framework\system\Database\MySQLi\Connection.php(331): mysqli->query('SELECT `cities`...')
#1 D:\wamp64\www\minutoadv2\vendor\codeigniter4\framework\system\Database\BaseConnection.php(738): CodeIgniter\Database\MySQLi\Connection->execute('SELECT `cities`...')
#2 D:\wamp64\www\minutoadv2\vendor\codeigniter4\framework\system\Database\BaseConnection.php(666): CodeIgniter\Database\BaseConnection->simpleQuery('SELECT `cities`...')
#3 D:\wamp64\www\minutoadv2\vendor\codeigniter4\framework\system\Database\BaseBuilder.php(1845): CodeIgniter\Database\BaseConnection->query('SELECT `cities`...', Array, false)
#4 D:\wamp64\www\minutoadv2\vendor\codeigniter4\framework\system\Model.php(445): CodeIgniter\Database\BaseBuilder->get()
#5 D:\wamp64\www\minutoadv2\app\Controllers\Lawyer\Account\Profile.php(39): CodeIgniter\Model->findAll()
#6 D:\wamp64\www\minutoadv2\app\Controllers\Lawyer\Account\Profile.php(17): App\Controllers\Lawyer\Account\Profile->data()
#7 D:\wamp64\www\minutoadv2\vendor\codeigniter4\framework\system\CodeIgniter.php(914): App\Controllers\Lawyer\Account\Profile->index()
#8 D:\wamp64\www\minutoadv2\vendor\codeigniter4\framework\system\CodeIgniter.php(400): CodeIgniter\CodeIgniter->runController(Object(App\Controllers\Lawyer\Account\Profile))
#9 D:\wamp64\www\minutoadv2\vendor\codeigniter4\framework\system\CodeIgniter.php(308): CodeIgniter\CodeIgniter->handleRequest(NULL, Object(Config\Cache), false)
#10 D:\wamp64\www\minutoadv2\public\index.php(45): CodeIgniter\CodeIgniter->run()
#11 D:\wamp64\www\minutoadv2\vendor\codeigniter4\framework\system\Commands\Server\rewrite.php(34): require_once('D:\\wamp64\\www\\m...')
#12 {main}
CRITICAL - 2020-07-16 13:02:59 --> Unknown table 'cities'
#0 D:\wamp64\www\minutoadv2\vendor\codeigniter4\framework\system\Database\MySQLi\Connection.php(331): mysqli->query('SELECT `cities`...')
#1 D:\wamp64\www\minutoadv2\vendor\codeigniter4\framework\system\Database\BaseConnection.php(738): CodeIgniter\Database\MySQLi\Connection->execute('SELECT `cities`...')
#2 D:\wamp64\www\minutoadv2\vendor\codeigniter4\framework\system\Database\BaseConnection.php(666): CodeIgniter\Database\BaseConnection->simpleQuery('SELECT `cities`...')
#3 D:\wamp64\www\minutoadv2\vendor\codeigniter4\framework\system\Database\BaseBuilder.php(1845): CodeIgniter\Database\BaseConnection->query('SELECT `cities`...', Array, false)
#4 D:\wamp64\www\minutoadv2\vendor\codeigniter4\framework\system\Model.php(445): CodeIgniter\Database\BaseBuilder->get()
#5 D:\wamp64\www\minutoadv2\app\Controllers\Lawyer\Account\Profile.php(39): CodeIgniter\Model->findAll()
#6 D:\wamp64\www\minutoadv2\app\Controllers\Lawyer\Account\Profile.php(17): App\Controllers\Lawyer\Account\Profile->data()
#7 D:\wamp64\www\minutoadv2\vendor\codeigniter4\framework\system\CodeIgniter.php(914): App\Controllers\Lawyer\Account\Profile->index()
#8 D:\wamp64\www\minutoadv2\vendor\codeigniter4\framework\system\CodeIgniter.php(400): CodeIgniter\CodeIgniter->runController(Object(App\Controllers\Lawyer\Account\Profile))
#9 D:\wamp64\www\minutoadv2\vendor\codeigniter4\framework\system\CodeIgniter.php(308): CodeIgniter\CodeIgniter->handleRequest(NULL, Object(Config\Cache), false)
#10 D:\wamp64\www\minutoadv2\public\index.php(45): CodeIgniter\CodeIgniter->run()
#11 D:\wamp64\www\minutoadv2\vendor\codeigniter4\framework\system\Commands\Server\rewrite.php(34): require_once('D:\\wamp64\\www\\m...')
#12 {main}
CRITICAL - 2020-07-16 13:04:01 --> Unknown table 'cities'
#0 D:\wamp64\www\minutoadv2\vendor\codeigniter4\framework\system\Database\MySQLi\Connection.php(331): mysqli->query('SELECT `cities`...')
#1 D:\wamp64\www\minutoadv2\vendor\codeigniter4\framework\system\Database\BaseConnection.php(738): CodeIgniter\Database\MySQLi\Connection->execute('SELECT `cities`...')
#2 D:\wamp64\www\minutoadv2\vendor\codeigniter4\framework\system\Database\BaseConnection.php(666): CodeIgniter\Database\BaseConnection->simpleQuery('SELECT `cities`...')
#3 D:\wamp64\www\minutoadv2\vendor\codeigniter4\framework\system\Database\BaseBuilder.php(1845): CodeIgniter\Database\BaseConnection->query('SELECT `cities`...', Array, false)
#4 D:\wamp64\www\minutoadv2\vendor\codeigniter4\framework\system\Model.php(445): CodeIgniter\Database\BaseBuilder->get()
#5 D:\wamp64\www\minutoadv2\app\Controllers\Lawyer\Account\Profile.php(39): CodeIgniter\Model->findAll()
#6 D:\wamp64\www\minutoadv2\app\Controllers\Lawyer\Account\Profile.php(17): App\Controllers\Lawyer\Account\Profile->data()
#7 D:\wamp64\www\minutoadv2\vendor\codeigniter4\framework\system\CodeIgniter.php(914): App\Controllers\Lawyer\Account\Profile->index()
#8 D:\wamp64\www\minutoadv2\vendor\codeigniter4\framework\system\CodeIgniter.php(400): CodeIgniter\CodeIgniter->runController(Object(App\Controllers\Lawyer\Account\Profile))
#9 D:\wamp64\www\minutoadv2\vendor\codeigniter4\framework\system\CodeIgniter.php(308): CodeIgniter\CodeIgniter->handleRequest(NULL, Object(Config\Cache), false)
#10 D:\wamp64\www\minutoadv2\public\index.php(45): CodeIgniter\CodeIgniter->run()
#11 D:\wamp64\www\minutoadv2\vendor\codeigniter4\framework\system\Commands\Server\rewrite.php(34): require_once('D:\\wamp64\\www\\m...')
#12 {main}
CRITICAL - 2020-07-16 13:04:17 --> Unknown column 'cities.id' in 'on clause'
#0 D:\wamp64\www\minutoadv2\vendor\codeigniter4\framework\system\Database\MySQLi\Connection.php(331): mysqli->query('SELECT `sys_cit...')
#1 D:\wamp64\www\minutoadv2\vendor\codeigniter4\framework\system\Database\BaseConnection.php(738): CodeIgniter\Database\MySQLi\Connection->execute('SELECT `sys_cit...')
#2 D:\wamp64\www\minutoadv2\vendor\codeigniter4\framework\system\Database\BaseConnection.php(666): CodeIgniter\Database\BaseConnection->simpleQuery('SELECT `sys_cit...')
#3 D:\wamp64\www\minutoadv2\vendor\codeigniter4\framework\system\Database\BaseBuilder.php(1845): CodeIgniter\Database\BaseConnection->query('SELECT `sys_cit...', Array, false)
#4 D:\wamp64\www\minutoadv2\vendor\codeigniter4\framework\system\Model.php(445): CodeIgniter\Database\BaseBuilder->get()
#5 D:\wamp64\www\minutoadv2\app\Controllers\Lawyer\Account\Profile.php(39): CodeIgniter\Model->findAll()
#6 D:\wamp64\www\minutoadv2\app\Controllers\Lawyer\Account\Profile.php(17): App\Controllers\Lawyer\Account\Profile->data()
#7 D:\wamp64\www\minutoadv2\vendor\codeigniter4\framework\system\CodeIgniter.php(914): App\Controllers\Lawyer\Account\Profile->index()
#8 D:\wamp64\www\minutoadv2\vendor\codeigniter4\framework\system\CodeIgniter.php(400): CodeIgniter\CodeIgniter->runController(Object(App\Controllers\Lawyer\Account\Profile))
#9 D:\wamp64\www\minutoadv2\vendor\codeigniter4\framework\system\CodeIgniter.php(308): CodeIgniter\CodeIgniter->handleRequest(NULL, Object(Config\Cache), false)
#10 D:\wamp64\www\minutoadv2\public\index.php(45): CodeIgniter\CodeIgniter->run()
#11 D:\wamp64\www\minutoadv2\vendor\codeigniter4\framework\system\Commands\Server\rewrite.php(34): require_once('D:\\wamp64\\www\\m...')
#12 {main}
