CRITICAL - 2021-07-13 13:21:41 --> Undefined index: banner
#0 C:\wamp64\www\bestimob\app\Views\App\Simulador\index.php(14): CodeIgniter\Debug\Exceptions->errorHandler(8, 'Undefined index...', 'C:\\wamp64\\www\\b...', 14, Array)
#1 C:\wamp64\www\bestimob\vendor\codeigniter4\framework\system\View\View.php(220): include('C:\\wamp64\\www\\b...')
#2 C:\wamp64\www\bestimob\vendor\codeigniter4\framework\system\View\View.php(222): CodeIgniter\View\View->CodeIgniter\View\{closure}()
#3 C:\wamp64\www\bestimob\vendor\codeigniter4\framework\system\Common.php(1217): CodeIgniter\View\View->render('App/Simulador/i...', Array, true)
#4 C:\wamp64\www\bestimob\app\Controllers\App\Simulador.php(18): view('App/Simulador/i...', Array)
#5 C:\wamp64\www\bestimob\vendor\codeigniter4\framework\system\CodeIgniter.php(936): App\Controllers\App\Simulador->index()
#6 C:\wamp64\www\bestimob\vendor\codeigniter4\framework\system\CodeIgniter.php(432): CodeIgniter\CodeIgniter->runController(Object(App\Controllers\App\Simulador))
#7 C:\wamp64\www\bestimob\vendor\codeigniter4\framework\system\CodeIgniter.php(333): CodeIgniter\CodeIgniter->handleRequest(NULL, Object(Config\Cache), false)
#8 C:\wamp64\www\bestimob\public\index.php(45): CodeIgniter\CodeIgniter->run()
#9 C:\wamp64\www\bestimob\vendor\codeigniter4\framework\system\Commands\Server\rewrite.php(45): require_once('C:\\wamp64\\www\\b...')
#10 {main}
CRITICAL - 2021-07-13 13:23:06 --> Undefined index: banner
#0 C:\wamp64\www\bestimob\app\Views\App\Simulador\idade.php(14): CodeIgniter\Debug\Exceptions->errorHandler(8, 'Undefined index...', 'C:\\wamp64\\www\\b...', 14, Array)
#1 C:\wamp64\www\bestimob\vendor\codeigniter4\framework\system\View\View.php(220): include('C:\\wamp64\\www\\b...')
#2 C:\wamp64\www\bestimob\vendor\codeigniter4\framework\system\View\View.php(222): CodeIgniter\View\View->CodeIgniter\View\{closure}()
#3 C:\wamp64\www\bestimob\vendor\codeigniter4\framework\system\Common.php(1217): CodeIgniter\View\View->render('App/Simulador/i...', Array, true)
#4 C:\wamp64\www\bestimob\app\Controllers\App\Simulador.php(31): view('App/Simulador/i...', Array)
#5 C:\wamp64\www\bestimob\vendor\codeigniter4\framework\system\CodeIgniter.php(936): App\Controllers\App\Simulador->idade()
#6 C:\wamp64\www\bestimob\vendor\codeigniter4\framework\system\CodeIgniter.php(432): CodeIgniter\CodeIgniter->runController(Object(App\Controllers\App\Simulador))
#7 C:\wamp64\www\bestimob\vendor\codeigniter4\framework\system\CodeIgniter.php(333): CodeIgniter\CodeIgniter->handleRequest(NULL, Object(Config\Cache), false)
#8 C:\wamp64\www\bestimob\public\index.php(45): CodeIgniter\CodeIgniter->run()
#9 C:\wamp64\www\bestimob\vendor\codeigniter4\framework\system\Commands\Server\rewrite.php(45): require_once('C:\\wamp64\\www\\b...')
#10 {main}
CRITICAL - 2021-07-13 13:30:45 --> Undefined index: banner
#0 C:\wamp64\www\bestimob\app\Views\App\Simulador\idade.php(14): CodeIgniter\Debug\Exceptions->errorHandler(8, 'Undefined index...', 'C:\\wamp64\\www\\b...', 14, Array)
#1 C:\wamp64\www\bestimob\vendor\codeigniter4\framework\system\View\View.php(220): include('C:\\wamp64\\www\\b...')
#2 C:\wamp64\www\bestimob\vendor\codeigniter4\framework\system\View\View.php(222): CodeIgniter\View\View->CodeIgniter\View\{closure}()
#3 C:\wamp64\www\bestimob\vendor\codeigniter4\framework\system\Common.php(1217): CodeIgniter\View\View->render('App/Simulador/i...', Array, true)
#4 C:\wamp64\www\bestimob\app\Controllers\App\Simulador.php(31): view('App/Simulador/i...', Array)
#5 C:\wamp64\www\bestimob\vendor\codeigniter4\framework\system\CodeIgniter.php(936): App\Controllers\App\Simulador->idade()
#6 C:\wamp64\www\bestimob\vendor\codeigniter4\framework\system\CodeIgniter.php(432): CodeIgniter\CodeIgniter->runController(Object(App\Controllers\App\Simulador))
#7 C:\wamp64\www\bestimob\vendor\codeigniter4\framework\system\CodeIgniter.php(333): CodeIgniter\CodeIgniter->handleRequest(NULL, Object(Config\Cache), false)
#8 C:\wamp64\www\bestimob\public\index.php(45): CodeIgniter\CodeIgniter->run()
#9 C:\wamp64\www\bestimob\vendor\codeigniter4\framework\system\Commands\Server\rewrite.php(45): require_once('C:\\wamp64\\www\\b...')
#10 {main}
CRITICAL - 2021-07-13 14:31:59 --> Undefined index: faq
#0 C:\wamp64\www\bestimob\app\Views\App\Imoveis\comprar.php(7): CodeIgniter\Debug\Exceptions->errorHandler(8, 'Undefined index...', 'C:\\wamp64\\www\\b...', 7, Array)
#1 C:\wamp64\www\bestimob\vendor\codeigniter4\framework\system\View\View.php(220): include('C:\\wamp64\\www\\b...')
#2 C:\wamp64\www\bestimob\vendor\codeigniter4\framework\system\View\View.php(222): CodeIgniter\View\View->CodeIgniter\View\{closure}()
#3 C:\wamp64\www\bestimob\vendor\codeigniter4\framework\system\Common.php(1217): CodeIgniter\View\View->render('App/Imoveis/com...', Array, true)
#4 C:\wamp64\www\bestimob\app\Controllers\App\Imoveis.php(18): view('App/Imoveis/com...', Array)
#5 C:\wamp64\www\bestimob\vendor\codeigniter4\framework\system\CodeIgniter.php(936): App\Controllers\App\Imoveis->comprar()
#6 C:\wamp64\www\bestimob\vendor\codeigniter4\framework\system\CodeIgniter.php(432): CodeIgniter\CodeIgniter->runController(Object(App\Controllers\App\Imoveis))
#7 C:\wamp64\www\bestimob\vendor\codeigniter4\framework\system\CodeIgniter.php(333): CodeIgniter\CodeIgniter->handleRequest(NULL, Object(Config\Cache), false)
#8 C:\wamp64\www\bestimob\public\index.php(45): CodeIgniter\CodeIgniter->run()
#9 C:\wamp64\www\bestimob\vendor\codeigniter4\framework\system\Commands\Server\rewrite.php(45): require_once('C:\\wamp64\\www\\b...')
#10 {main}
