CRITICAL - 2020-08-21 13:03:11 --> strpos() expects parameter 1 to be string, array given
#0 [internal function]: CodeIgniter\Debug\Exceptions->errorHandler(2, 'strpos() expect...', 'D:\\wamp64\\www\\p...', 467, Array)
#1 D:\wamp64\www\puravida\vendor\codeigniter4\framework\system\Router\Router.php(467): strpos(Array, '$')
#2 D:\wamp64\www\puravida\vendor\codeigniter4\framework\system\Router\Router.php(174): CodeIgniter\Router\Router->checkRoutes('admin/api/produ...')
#3 D:\wamp64\www\puravida\vendor\codeigniter4\framework\system\CodeIgniter.php(789): CodeIgniter\Router\Router->handle('admin/api/produ...')
#4 D:\wamp64\www\puravida\vendor\codeigniter4\framework\system\CodeIgniter.php(360): CodeIgniter\CodeIgniter->tryToRouteIt(Object(CodeIgniter\Router\RouteCollection))
#5 D:\wamp64\www\puravida\vendor\codeigniter4\framework\system\CodeIgniter.php(308): CodeIgniter\CodeIgniter->handleRequest(NULL, Object(Config\Cache), false)
#6 D:\wamp64\www\puravida\public\index.php(45): CodeIgniter\CodeIgniter->run()
#7 D:\wamp64\www\puravida\vendor\codeigniter4\framework\system\Commands\Server\rewrite.php(34): require_once('D:\\wamp64\\www\\p...')
#8 {main}
CRITICAL - 2020-08-21 13:03:11 --> Uncaught ErrorException: Cannot modify header information - headers already sent by (output started at D:\wamp64\www\puravida\app\Config\Events.php:27) in D:\wamp64\www\puravida\vendor\codeigniter4\framework\system\Debug\Exceptions.php:162
Stack trace:
#0 [internal function]: CodeIgniter\Debug\Exceptions->errorHandler(2, 'Cannot modify h...', 'D:\\wamp64\\www\\p...', 162, Array)
#1 D:\wamp64\www\puravida\vendor\codeigniter4\framework\system\Debug\Exceptions.php(162): header('HTTP/1.1 500 In...', true, 500)
#2 [internal function]: CodeIgniter\Debug\Exceptions->exceptionHandler(Object(ErrorException))
#3 {main}
  thrown
#0 [internal function]: CodeIgniter\Debug\Exceptions->shutdownHandler()
#1 {main}
CRITICAL - 2020-08-21 13:03:33 --> strpos() expects parameter 1 to be string, array given
#0 [internal function]: CodeIgniter\Debug\Exceptions->errorHandler(2, 'strpos() expect...', 'D:\\wamp64\\www\\p...', 467, Array)
#1 D:\wamp64\www\puravida\vendor\codeigniter4\framework\system\Router\Router.php(467): strpos(Array, '$')
#2 D:\wamp64\www\puravida\vendor\codeigniter4\framework\system\Router\Router.php(174): CodeIgniter\Router\Router->checkRoutes('admin/api/produ...')
#3 D:\wamp64\www\puravida\vendor\codeigniter4\framework\system\CodeIgniter.php(789): CodeIgniter\Router\Router->handle('admin/api/produ...')
#4 D:\wamp64\www\puravida\vendor\codeigniter4\framework\system\CodeIgniter.php(360): CodeIgniter\CodeIgniter->tryToRouteIt(Object(CodeIgniter\Router\RouteCollection))
#5 D:\wamp64\www\puravida\vendor\codeigniter4\framework\system\CodeIgniter.php(308): CodeIgniter\CodeIgniter->handleRequest(NULL, Object(Config\Cache), false)
#6 D:\wamp64\www\puravida\public\index.php(45): CodeIgniter\CodeIgniter->run()
#7 D:\wamp64\www\puravida\vendor\codeigniter4\framework\system\Commands\Server\rewrite.php(34): require_once('D:\\wamp64\\www\\p...')
#8 {main}
CRITICAL - 2020-08-21 13:04:57 --> strpos() expects parameter 1 to be string, array given
#0 [internal function]: CodeIgniter\Debug\Exceptions->errorHandler(2, 'strpos() expect...', 'D:\\wamp64\\www\\p...', 467, Array)
#1 D:\wamp64\www\puravida\vendor\codeigniter4\framework\system\Router\Router.php(467): strpos(Array, '$')
#2 D:\wamp64\www\puravida\vendor\codeigniter4\framework\system\Router\Router.php(174): CodeIgniter\Router\Router->checkRoutes('admin/api/produ...')
#3 D:\wamp64\www\puravida\vendor\codeigniter4\framework\system\CodeIgniter.php(789): CodeIgniter\Router\Router->handle('admin/api/produ...')
#4 D:\wamp64\www\puravida\vendor\codeigniter4\framework\system\CodeIgniter.php(360): CodeIgniter\CodeIgniter->tryToRouteIt(Object(CodeIgniter\Router\RouteCollection))
#5 D:\wamp64\www\puravida\vendor\codeigniter4\framework\system\CodeIgniter.php(308): CodeIgniter\CodeIgniter->handleRequest(NULL, Object(Config\Cache), false)
#6 D:\wamp64\www\puravida\public\index.php(45): CodeIgniter\CodeIgniter->run()
#7 D:\wamp64\www\puravida\vendor\codeigniter4\framework\system\Commands\Server\rewrite.php(34): require_once('D:\\wamp64\\www\\p...')
#8 {main}
