CRITICAL - 2021-08-24 13:19:51 --> Undefined index: id
#0 C:\wamp64\www\bestimob\app\Entities\SysPage.php(51): CodeIgniter\Debug\Exceptions->errorHandler(8, 'Undefined index...', 'C:\\wamp64\\www\\b...', 51, Array)
#1 C:\wamp64\www\bestimob\vendor\codeigniter4\framework\system\Entity.php(300): App\Entities\SysPage->getVariables()
#2 C:\wamp64\www\bestimob\app\Views\Admin\Pages\edit\content.php(10): CodeIgniter\Entity->__get('variables')
#3 C:\wamp64\www\bestimob\vendor\codeigniter4\framework\system\View\View.php(220): include('C:\\wamp64\\www\\b...')
#4 C:\wamp64\www\bestimob\vendor\codeigniter4\framework\system\View\View.php(222): CodeIgniter\View\View->CodeIgniter\View\{closure}()
#5 C:\wamp64\www\bestimob\vendor\codeigniter4\framework\system\Common.php(1217): CodeIgniter\View\View->render('Admin/Pages/edi...', Array, true)
#6 C:\wamp64\www\bestimob\app\Views\Admin\Pages\edit.php(78): view('Admin/Pages/edi...', Array)
#7 C:\wamp64\www\bestimob\vendor\codeigniter4\framework\system\View\View.php(220): include('C:\\wamp64\\www\\b...')
#8 C:\wamp64\www\bestimob\vendor\codeigniter4\framework\system\View\View.php(222): CodeIgniter\View\View->CodeIgniter\View\{closure}()
#9 C:\wamp64\www\bestimob\vendor\codeigniter4\framework\system\Common.php(1217): CodeIgniter\View\View->render('Admin/Pages/edi...', Array, true)
#10 C:\wamp64\www\bestimob\app\Controllers\Admin\Pages.php(96): view('Admin/Pages/edi...', Array)
#11 C:\wamp64\www\bestimob\vendor\codeigniter4\framework\system\CodeIgniter.php(936): App\Controllers\Admin\Pages->edit('imoveis')
#12 C:\wamp64\www\bestimob\vendor\codeigniter4\framework\system\CodeIgniter.php(432): CodeIgniter\CodeIgniter->runController(Object(App\Controllers\Admin\Pages))
#13 C:\wamp64\www\bestimob\vendor\codeigniter4\framework\system\CodeIgniter.php(333): CodeIgniter\CodeIgniter->handleRequest(NULL, Object(Config\Cache), false)
#14 C:\wamp64\www\bestimob\public\index.php(45): CodeIgniter\CodeIgniter->run()
#15 C:\wamp64\www\bestimob\vendor\codeigniter4\framework\system\Commands\Server\rewrite.php(45): require_once('C:\\wamp64\\www\\b...')
#16 {main}
CRITICAL - 2021-08-24 13:56:43 --> Call to undefined function number_to_currency()
#0 C:\wamp64\www\bestimob\vendor\codeigniter4\framework\system\View\View.php(220): include()
#1 C:\wamp64\www\bestimob\vendor\codeigniter4\framework\system\View\View.php(222): CodeIgniter\View\View->CodeIgniter\View\{closure}()
#2 C:\wamp64\www\bestimob\vendor\codeigniter4\framework\system\Common.php(1217): CodeIgniter\View\View->render('App/Imoveis/gri...', Array, true)
#3 C:\wamp64\www\bestimob\app\Views\App\Imoveis\comprar.php(13): view('App/Imoveis/gri...', Array)
#4 C:\wamp64\www\bestimob\vendor\codeigniter4\framework\system\View\View.php(220): include('C:\\wamp64\\www\\b...')
#5 C:\wamp64\www\bestimob\vendor\codeigniter4\framework\system\View\View.php(222): CodeIgniter\View\View->CodeIgniter\View\{closure}()
#6 C:\wamp64\www\bestimob\vendor\codeigniter4\framework\system\Common.php(1217): CodeIgniter\View\View->render('App/Imoveis/com...', Array, true)
#7 C:\wamp64\www\bestimob\app\Controllers\App\Imoveis.php(22): view('App/Imoveis/com...', Array)
#8 C:\wamp64\www\bestimob\vendor\codeigniter4\framework\system\CodeIgniter.php(936): App\Controllers\App\Imoveis->comprar()
#9 C:\wamp64\www\bestimob\vendor\codeigniter4\framework\system\CodeIgniter.php(432): CodeIgniter\CodeIgniter->runController(Object(App\Controllers\App\Imoveis))
#10 C:\wamp64\www\bestimob\vendor\codeigniter4\framework\system\CodeIgniter.php(333): CodeIgniter\CodeIgniter->handleRequest(NULL, Object(Config\Cache), false)
#11 C:\wamp64\www\bestimob\public\index.php(45): CodeIgniter\CodeIgniter->run()
#12 C:\wamp64\www\bestimob\vendor\codeigniter4\framework\system\Commands\Server\rewrite.php(45): require_once('C:\\wamp64\\www\\b...')
#13 {main}
